2022-06-01 00:11:32.194 INFO  [acme.Launcher@main] Starting Launcher using Java 1.8.0_281 on PC_ALVARO with PID 12136 (C:\Users\alvar\Desktop\Universidad\DP2\Workspace-22.0\Frameworks\Acme-Framework-22.7\target\classes started by alvar in C:\Users\alvar\Desktop\Universidad\DP2\Workspace-22.0\Projects\controlcheck) 
2022-06-01 00:11:32.195 DEBUG [acme.Launcher@main] Running with Spring Boot v2.4.2, Spring v5.3.3 
2022-06-01 00:11:32.197 INFO  [acme.Launcher@main] The following profiles are active: development,default 
2022-06-01 00:11:36.224 DEBUG [org.apache.jasper.servlet.JasperInitializer@main] Initializing Jasper for context [application] 
2022-06-01 00:11:45.960 DEBUG [org.apache.jasper.servlet.JspServlet@main] Scratch dir for the JSP engine is: [C:\Users\alvar\AppData\Local\Temp\tomcat.8080.4084840754558025335\work\Tomcat\localhost\acme-toolkits-0.1] 
2022-06-01 00:11:45.960 DEBUG [org.apache.jasper.servlet.JspServlet@main] IMPORTANT: Do not modify the generated servlets 
2022-06-01 00:11:45.981 INFO  [acme.Launcher@main] Started Launcher in 14.667 seconds (JVM running for 15.565) 
2022-06-01 00:11:45.997 DEBUG [acme.Launcher@main] Found classpath entry '/C:/Users/alvar/Desktop/Universidad/DP2/Workspace-22.0/Projects/controlcheck/target/test-classes/' 
2022-06-01 00:11:45.997 DEBUG [acme.Launcher@main] Found classpath entry '/C:/Users/alvar/Desktop/Universidad/DP2/Workspace-22.0/Projects/controlcheck/target/classes/' 
2022-06-01 00:11:45.997 DEBUG [acme.Launcher@main] Found classpath entry '/C:/Users/alvar/Desktop/Universidad/DP2/Workspace-22.0/Projects/controlcheck/spam_detector.jar' 
2022-06-01 00:11:45.998 DEBUG [acme.Launcher@main] Found classpath entry '/C:/Users/alvar/Desktop/Universidad/DP2/Workspace-22.0/Frameworks/Acme-Framework-22.7/target/classes/' 
2022-06-01 00:11:45.998 DEBUG [acme.Launcher@main] Found classpath entry '/C:/Users/alvar/Desktop/Universidad/DP2/Workspace-22.0/Frameworks/Acme-Framework-22.7/target/test-classes/' 
2022-06-01 00:11:45.998 DEBUG [acme.Launcher@main] Found classpath entry '/C:/Users/alvar/.m2/repository/org/springframework/boot/spring-boot-starter-tomcat/2.4.2/spring-boot-starter-tomcat-2.4.2.jar' 
2022-06-01 00:11:45.998 DEBUG [acme.Launcher@main] Found classpath entry '/C:/Users/alvar/.m2/repository/jakarta/annotation/jakarta.annotation-api/1.3.5/jakarta.annotation-api-1.3.5.jar' 
2022-06-01 00:11:45.999 DEBUG [acme.Launcher@main] Found classpath entry '/C:/Users/alvar/.m2/repository/org/apache/tomcat/embed/tomcat-embed-core/9.0.41/tomcat-embed-core-9.0.41.jar' 
2022-06-01 00:11:45.999 DEBUG [acme.Launcher@main] Found classpath entry '/C:/Users/alvar/.m2/repository/org/glassfish/jakarta.el/3.0.3/jakarta.el-3.0.3.jar' 
2022-06-01 00:11:45.999 DEBUG [acme.Launcher@main] Found classpath entry '/C:/Users/alvar/.m2/repository/org/apache/tomcat/embed/tomcat-embed-websocket/9.0.41/tomcat-embed-websocket-9.0.41.jar' 
2022-06-01 00:11:45.999 DEBUG [acme.Launcher@main] Found classpath entry '/C:/Users/alvar/.m2/repository/org/apache/tomcat/embed/tomcat-embed-jasper/9.0.41/tomcat-embed-jasper-9.0.41.jar' 
2022-06-01 00:11:45.999 DEBUG [acme.Launcher@main] Found classpath entry '/C:/Users/alvar/.m2/repository/org/apache/tomcat/embed/tomcat-embed-el/9.0.41/tomcat-embed-el-9.0.41.jar' 
2022-06-01 00:11:45.999 DEBUG [acme.Launcher@main] Found classpath entry '/C:/Users/alvar/.m2/repository/org/eclipse/jdt/ecj/3.18.0/ecj-3.18.0.jar' 
2022-06-01 00:11:46 DEBUG [acme.Launcher@main] Found classpath entry '/C:/Users/alvar/.m2/repository/javax/servlet/jstl/1.2/jstl-1.2.jar' 
2022-06-01 00:11:46 DEBUG [acme.Launcher@main] Found classpath entry '/C:/Users/alvar/.m2/repository/org/springframework/boot/spring-boot-starter-security/2.4.2/spring-boot-starter-security-2.4.2.jar' 
2022-06-01 00:11:46 DEBUG [acme.Launcher@main] Found classpath entry '/C:/Users/alvar/.m2/repository/org/springframework/boot/spring-boot-starter/2.4.2/spring-boot-starter-2.4.2.jar' 
2022-06-01 00:11:46 DEBUG [acme.Launcher@main] Found classpath entry '/C:/Users/alvar/.m2/repository/org/springframework/boot/spring-boot/2.4.2/spring-boot-2.4.2.jar' 
2022-06-01 00:11:46 DEBUG [acme.Launcher@main] Found classpath entry '/C:/Users/alvar/.m2/repository/org/springframework/boot/spring-boot-autoconfigure/2.4.2/spring-boot-autoconfigure-2.4.2.jar' 
2022-06-01 00:11:46.001 DEBUG [acme.Launcher@main] Found classpath entry '/C:/Users/alvar/.m2/repository/org/springframework/boot/spring-boot-starter-logging/2.4.2/spring-boot-starter-logging-2.4.2.jar' 
2022-06-01 00:11:46.002 DEBUG [acme.Launcher@main] Found classpath entry '/C:/Users/alvar/.m2/repository/ch/qos/logback/logback-classic/1.2.3/logback-classic-1.2.3.jar' 
2022-06-01 00:11:46.003 DEBUG [acme.Launcher@main] Found classpath entry '/C:/Users/alvar/.m2/repository/ch/qos/logback/logback-core/1.2.3/logback-core-1.2.3.jar' 
2022-06-01 00:11:46.004 DEBUG [acme.Launcher@main] Found classpath entry '/C:/Users/alvar/.m2/repository/org/apache/logging/log4j/log4j-to-slf4j/2.13.3/log4j-to-slf4j-2.13.3.jar' 
2022-06-01 00:11:46.005 DEBUG [acme.Launcher@main] Found classpath entry '/C:/Users/alvar/.m2/repository/org/apache/logging/log4j/log4j-api/2.13.3/log4j-api-2.13.3.jar' 
2022-06-01 00:11:46.005 DEBUG [acme.Launcher@main] Found classpath entry '/C:/Users/alvar/.m2/repository/org/slf4j/jul-to-slf4j/1.7.30/jul-to-slf4j-1.7.30.jar' 
2022-06-01 00:11:46.005 DEBUG [acme.Launcher@main] Found classpath entry '/C:/Users/alvar/.m2/repository/org/yaml/snakeyaml/1.27/snakeyaml-1.27.jar' 
2022-06-01 00:11:46.006 DEBUG [acme.Launcher@main] Found classpath entry '/C:/Users/alvar/.m2/repository/org/springframework/spring-aop/5.3.3/spring-aop-5.3.3.jar' 
2022-06-01 00:11:46.007 DEBUG [acme.Launcher@main] Found classpath entry '/C:/Users/alvar/.m2/repository/org/springframework/security/spring-security-web/5.4.2/spring-security-web-5.4.2.jar' 
2022-06-01 00:11:46.010 DEBUG [acme.Launcher@main] Found classpath entry '/C:/Users/alvar/.m2/repository/org/springframework/security/spring-security-core/5.4.2/spring-security-core-5.4.2.jar' 
2022-06-01 00:11:46.011 DEBUG [acme.Launcher@main] Found classpath entry '/C:/Users/alvar/.m2/repository/org/springframework/spring-beans/5.3.3/spring-beans-5.3.3.jar' 
2022-06-01 00:11:46.011 DEBUG [acme.Launcher@main] Found classpath entry '/C:/Users/alvar/.m2/repository/org/springframework/spring-context/5.3.3/spring-context-5.3.3.jar' 
2022-06-01 00:11:46.011 DEBUG [acme.Launcher@main] Found classpath entry '/C:/Users/alvar/.m2/repository/org/springframework/spring-core/5.3.3/spring-core-5.3.3.jar' 
2022-06-01 00:11:46.012 DEBUG [acme.Launcher@main] Found classpath entry '/C:/Users/alvar/.m2/repository/org/springframework/spring-jcl/5.3.3/spring-jcl-5.3.3.jar' 
2022-06-01 00:11:46.012 DEBUG [acme.Launcher@main] Found classpath entry '/C:/Users/alvar/.m2/repository/org/springframework/spring-expression/5.3.3/spring-expression-5.3.3.jar' 
2022-06-01 00:11:46.012 DEBUG [acme.Launcher@main] Found classpath entry '/C:/Users/alvar/.m2/repository/org/springframework/spring-web/5.3.3/spring-web-5.3.3.jar' 
2022-06-01 00:11:46.012 DEBUG [acme.Launcher@main] Found classpath entry '/C:/Users/alvar/.m2/repository/org/springframework/security/spring-security-config/5.4.2/spring-security-config-5.4.2.jar' 
2022-06-01 00:11:46.013 DEBUG [acme.Launcher@main] Found classpath entry '/C:/Users/alvar/.m2/repository/org/springframework/security/spring-security-taglibs/5.4.2/spring-security-taglibs-5.4.2.jar' 
2022-06-01 00:11:46.013 DEBUG [acme.Launcher@main] Found classpath entry '/C:/Users/alvar/.m2/repository/org/springframework/security/spring-security-acl/5.4.2/spring-security-acl-5.4.2.jar' 
2022-06-01 00:11:46.013 DEBUG [acme.Launcher@main] Found classpath entry '/C:/Users/alvar/.m2/repository/org/springframework/spring-jdbc/5.3.3/spring-jdbc-5.3.3.jar' 
2022-06-01 00:11:46.013 DEBUG [acme.Launcher@main] Found classpath entry '/C:/Users/alvar/.m2/repository/org/springframework/spring-tx/5.3.3/spring-tx-5.3.3.jar' 
2022-06-01 00:11:46.014 DEBUG [acme.Launcher@main] Found classpath entry '/C:/Users/alvar/.m2/repository/org/springframework/boot/spring-boot-starter-web/2.4.2/spring-boot-starter-web-2.4.2.jar' 
2022-06-01 00:11:46.014 DEBUG [acme.Launcher@main] Found classpath entry '/C:/Users/alvar/.m2/repository/org/springframework/boot/spring-boot-starter-json/2.4.2/spring-boot-starter-json-2.4.2.jar' 
2022-06-01 00:11:46.014 DEBUG [acme.Launcher@main] Found classpath entry '/C:/Users/alvar/.m2/repository/com/fasterxml/jackson/core/jackson-databind/2.11.4/jackson-databind-2.11.4.jar' 
2022-06-01 00:11:46.016 DEBUG [acme.Launcher@main] Found classpath entry '/C:/Users/alvar/.m2/repository/com/fasterxml/jackson/core/jackson-annotations/2.11.4/jackson-annotations-2.11.4.jar' 
2022-06-01 00:11:46.017 DEBUG [acme.Launcher@main] Found classpath entry '/C:/Users/alvar/.m2/repository/com/fasterxml/jackson/core/jackson-core/2.11.4/jackson-core-2.11.4.jar' 
2022-06-01 00:11:46.017 DEBUG [acme.Launcher@main] Found classpath entry '/C:/Users/alvar/.m2/repository/com/fasterxml/jackson/datatype/jackson-datatype-jdk8/2.11.4/jackson-datatype-jdk8-2.11.4.jar' 
2022-06-01 00:11:46.017 DEBUG [acme.Launcher@main] Found classpath entry '/C:/Users/alvar/.m2/repository/com/fasterxml/jackson/datatype/jackson-datatype-jsr310/2.11.4/jackson-datatype-jsr310-2.11.4.jar' 
2022-06-01 00:11:46.018 DEBUG [acme.Launcher@main] Found classpath entry '/C:/Users/alvar/.m2/repository/com/fasterxml/jackson/module/jackson-module-parameter-names/2.11.4/jackson-module-parameter-names-2.11.4.jar' 
2022-06-01 00:11:46.018 DEBUG [acme.Launcher@main] Found classpath entry '/C:/Users/alvar/.m2/repository/org/springframework/spring-webmvc/5.3.3/spring-webmvc-5.3.3.jar' 
2022-06-01 00:11:46.018 DEBUG [acme.Launcher@main] Found classpath entry '/C:/Users/alvar/.m2/repository/org/apache/tiles/tiles-jsp/3.0.8/tiles-jsp-3.0.8.jar' 
2022-06-01 00:11:46.019 DEBUG [acme.Launcher@main] Found classpath entry '/C:/Users/alvar/.m2/repository/org/apache/tiles/tiles-servlet/3.0.8/tiles-servlet-3.0.8.jar' 
2022-06-01 00:11:46.019 DEBUG [acme.Launcher@main] Found classpath entry '/C:/Users/alvar/.m2/repository/org/apache/tiles/tiles-core/3.0.8/tiles-core-3.0.8.jar' 
2022-06-01 00:11:46.019 DEBUG [acme.Launcher@main] Found classpath entry '/C:/Users/alvar/.m2/repository/commons-digester/commons-digester/2.0/commons-digester-2.0.jar' 
2022-06-01 00:11:46.019 DEBUG [acme.Launcher@main] Found classpath entry '/C:/Users/alvar/.m2/repository/org/slf4j/jcl-over-slf4j/1.7.30/jcl-over-slf4j-1.7.30.jar' 
2022-06-01 00:11:46.019 DEBUG [acme.Launcher@main] Found classpath entry '/C:/Users/alvar/.m2/repository/org/apache/tiles/tiles-request-servlet/1.0.7/tiles-request-servlet-1.0.7.jar' 
2022-06-01 00:11:46.020 DEBUG [acme.Launcher@main] Found classpath entry '/C:/Users/alvar/.m2/repository/org/apache/tiles/tiles-template/3.0.8/tiles-template-3.0.8.jar' 
2022-06-01 00:11:46.022 DEBUG [acme.Launcher@main] Found classpath entry '/C:/Users/alvar/.m2/repository/org/apache/tiles/tiles-api/3.0.8/tiles-api-3.0.8.jar' 
2022-06-01 00:11:46.024 DEBUG [acme.Launcher@main] Found classpath entry '/C:/Users/alvar/.m2/repository/org/apache/tiles/tiles-autotag-core-runtime/1.2/tiles-autotag-core-runtime-1.2.jar' 
2022-06-01 00:11:46.025 DEBUG [acme.Launcher@main] Found classpath entry '/C:/Users/alvar/.m2/repository/org/slf4j/slf4j-api/1.7.30/slf4j-api-1.7.30.jar' 
2022-06-01 00:11:46.026 DEBUG [acme.Launcher@main] Found classpath entry '/C:/Users/alvar/.m2/repository/org/apache/tiles/tiles-request-jsp/1.0.7/tiles-request-jsp-1.0.7.jar' 
2022-06-01 00:11:46.026 DEBUG [acme.Launcher@main] Found classpath entry '/C:/Users/alvar/.m2/repository/org/apache/tiles/tiles-request-api/1.0.7/tiles-request-api-1.0.7.jar' 
2022-06-01 00:11:46.026 DEBUG [acme.Launcher@main] Found classpath entry '/C:/Users/alvar/.m2/repository/org/springframework/boot/spring-boot-starter-data-jpa/2.4.2/spring-boot-starter-data-jpa-2.4.2.jar' 
2022-06-01 00:11:46.026 DEBUG [acme.Launcher@main] Found classpath entry '/C:/Users/alvar/.m2/repository/org/springframework/boot/spring-boot-starter-aop/2.4.2/spring-boot-starter-aop-2.4.2.jar' 
2022-06-01 00:11:46.027 DEBUG [acme.Launcher@main] Found classpath entry '/C:/Users/alvar/.m2/repository/org/aspectj/aspectjweaver/1.9.6/aspectjweaver-1.9.6.jar' 
2022-06-01 00:11:46.027 DEBUG [acme.Launcher@main] Found classpath entry '/C:/Users/alvar/.m2/repository/org/springframework/boot/spring-boot-starter-jdbc/2.4.2/spring-boot-starter-jdbc-2.4.2.jar' 
2022-06-01 00:11:46.027 DEBUG [acme.Launcher@main] Found classpath entry '/C:/Users/alvar/.m2/repository/jakarta/transaction/jakarta.transaction-api/1.3.3/jakarta.transaction-api-1.3.3.jar' 
2022-06-01 00:11:46.027 DEBUG [acme.Launcher@main] Found classpath entry '/C:/Users/alvar/.m2/repository/jakarta/persistence/jakarta.persistence-api/2.2.3/jakarta.persistence-api-2.2.3.jar' 
2022-06-01 00:11:46.027 DEBUG [acme.Launcher@main] Found classpath entry '/C:/Users/alvar/.m2/repository/org/hibernate/hibernate-core/5.4.27.Final/hibernate-core-5.4.27.Final.jar' 
2022-06-01 00:11:46.027 DEBUG [acme.Launcher@main] Found classpath entry '/C:/Users/alvar/.m2/repository/org/jboss/logging/jboss-logging/3.4.1.Final/jboss-logging-3.4.1.Final.jar' 
2022-06-01 00:11:46.027 DEBUG [acme.Launcher@main] Found classpath entry '/C:/Users/alvar/.m2/repository/org/javassist/javassist/3.27.0-GA/javassist-3.27.0-GA.jar' 
2022-06-01 00:11:46.028 DEBUG [acme.Launcher@main] Found classpath entry '/C:/Users/alvar/.m2/repository/antlr/antlr/2.7.7/antlr-2.7.7.jar' 
2022-06-01 00:11:46.028 DEBUG [acme.Launcher@main] Found classpath entry '/C:/Users/alvar/.m2/repository/org/jboss/jandex/2.1.3.Final/jandex-2.1.3.Final.jar' 
2022-06-01 00:11:46.028 DEBUG [acme.Launcher@main] Found classpath entry '/C:/Users/alvar/.m2/repository/com/fasterxml/classmate/1.5.1/classmate-1.5.1.jar' 
2022-06-01 00:11:46.028 DEBUG [acme.Launcher@main] Found classpath entry '/C:/Users/alvar/.m2/repository/org/dom4j/dom4j/2.1.3/dom4j-2.1.3.jar' 
2022-06-01 00:11:46.028 DEBUG [acme.Launcher@main] Found classpath entry '/C:/Users/alvar/.m2/repository/org/hibernate/common/hibernate-commons-annotations/5.1.2.Final/hibernate-commons-annotations-5.1.2.Final.jar' 
2022-06-01 00:11:46.028 DEBUG [acme.Launcher@main] Found classpath entry '/C:/Users/alvar/.m2/repository/org/glassfish/jaxb/jaxb-runtime/2.3.3/jaxb-runtime-2.3.3.jar' 
2022-06-01 00:11:46.028 DEBUG [acme.Launcher@main] Found classpath entry '/C:/Users/alvar/.m2/repository/org/glassfish/jaxb/txw2/2.3.3/txw2-2.3.3.jar' 
2022-06-01 00:11:46.028 DEBUG [acme.Launcher@main] Found classpath entry '/C:/Users/alvar/.m2/repository/com/sun/istack/istack-commons-runtime/3.0.11/istack-commons-runtime-3.0.11.jar' 
2022-06-01 00:11:46.029 DEBUG [acme.Launcher@main] Found classpath entry '/C:/Users/alvar/.m2/repository/com/sun/activation/jakarta.activation/1.2.2/jakarta.activation-1.2.2.jar' 
2022-06-01 00:11:46.029 DEBUG [acme.Launcher@main] Found classpath entry '/C:/Users/alvar/.m2/repository/org/springframework/data/spring-data-jpa/2.4.3/spring-data-jpa-2.4.3.jar' 
2022-06-01 00:11:46.029 DEBUG [acme.Launcher@main] Found classpath entry '/C:/Users/alvar/.m2/repository/org/springframework/data/spring-data-commons/2.4.3/spring-data-commons-2.4.3.jar' 
2022-06-01 00:11:46.029 DEBUG [acme.Launcher@main] Found classpath entry '/C:/Users/alvar/.m2/repository/org/springframework/spring-orm/5.3.3/spring-orm-5.3.3.jar' 
2022-06-01 00:11:46.029 DEBUG [acme.Launcher@main] Found classpath entry '/C:/Users/alvar/.m2/repository/org/springframework/spring-aspects/5.3.3/spring-aspects-5.3.3.jar' 
2022-06-01 00:11:46.029 DEBUG [acme.Launcher@main] Found classpath entry '/C:/Users/alvar/.m2/repository/org/springframework/boot/spring-boot-starter-validation/2.4.2/spring-boot-starter-validation-2.4.2.jar' 
2022-06-01 00:11:46.030 DEBUG [acme.Launcher@main] Found classpath entry '/C:/Users/alvar/.m2/repository/org/hibernate/validator/hibernate-validator/6.1.7.Final/hibernate-validator-6.1.7.Final.jar' 
2022-06-01 00:11:46.030 DEBUG [acme.Launcher@main] Found classpath entry '/C:/Users/alvar/.m2/repository/jakarta/validation/jakarta.validation-api/2.0.2/jakarta.validation-api-2.0.2.jar' 
2022-06-01 00:11:46.030 DEBUG [acme.Launcher@main] Found classpath entry '/C:/Users/alvar/.m2/repository/mysql/mysql-connector-java/8.0.22/mysql-connector-java-8.0.22.jar' 
2022-06-01 00:11:46.031 DEBUG [acme.Launcher@main] Found classpath entry '/C:/Users/alvar/.m2/repository/com/zaxxer/HikariCP/3.4.5/HikariCP-3.4.5.jar' 
2022-06-01 00:11:46.032 DEBUG [acme.Launcher@main] Found classpath entry '/C:/Users/alvar/.m2/repository/org/springframework/boot/spring-boot-starter-test/2.4.2/spring-boot-starter-test-2.4.2.jar' 
2022-06-01 00:11:46.032 DEBUG [acme.Launcher@main] Found classpath entry '/C:/Users/alvar/.m2/repository/org/springframework/boot/spring-boot-test/2.4.2/spring-boot-test-2.4.2.jar' 
2022-06-01 00:11:46.032 DEBUG [acme.Launcher@main] Found classpath entry '/C:/Users/alvar/.m2/repository/org/springframework/boot/spring-boot-test-autoconfigure/2.4.2/spring-boot-test-autoconfigure-2.4.2.jar' 
2022-06-01 00:11:46.032 DEBUG [acme.Launcher@main] Found classpath entry '/C:/Users/alvar/.m2/repository/com/jayway/jsonpath/json-path/2.4.0/json-path-2.4.0.jar' 
2022-06-01 00:11:46.032 DEBUG [acme.Launcher@main] Found classpath entry '/C:/Users/alvar/.m2/repository/net/minidev/json-smart/2.3/json-smart-2.3.jar' 
2022-06-01 00:11:46.032 DEBUG [acme.Launcher@main] Found classpath entry '/C:/Users/alvar/.m2/repository/net/minidev/accessors-smart/1.2/accessors-smart-1.2.jar' 
2022-06-01 00:11:46.033 DEBUG [acme.Launcher@main] Found classpath entry '/C:/Users/alvar/.m2/repository/org/ow2/asm/asm/5.0.4/asm-5.0.4.jar' 
2022-06-01 00:11:46.033 DEBUG [acme.Launcher@main] Found classpath entry '/C:/Users/alvar/.m2/repository/jakarta/xml/bind/jakarta.xml.bind-api/2.3.3/jakarta.xml.bind-api-2.3.3.jar' 
2022-06-01 00:11:46.033 DEBUG [acme.Launcher@main] Found classpath entry '/C:/Users/alvar/.m2/repository/jakarta/activation/jakarta.activation-api/1.2.2/jakarta.activation-api-1.2.2.jar' 
2022-06-01 00:11:46.033 DEBUG [acme.Launcher@main] Found classpath entry '/C:/Users/alvar/.m2/repository/org/assertj/assertj-core/3.18.1/assertj-core-3.18.1.jar' 
2022-06-01 00:11:46.034 DEBUG [acme.Launcher@main] Found classpath entry '/C:/Users/alvar/.m2/repository/org/hamcrest/hamcrest/2.2/hamcrest-2.2.jar' 
2022-06-01 00:11:46.034 DEBUG [acme.Launcher@main] Found classpath entry '/C:/Users/alvar/.m2/repository/org/junit/jupiter/junit-jupiter/5.7.0/junit-jupiter-5.7.0.jar' 
2022-06-01 00:11:46.035 DEBUG [acme.Launcher@main] Found classpath entry '/C:/Users/alvar/.m2/repository/org/mockito/mockito-core/3.6.28/mockito-core-3.6.28.jar' 
2022-06-01 00:11:46.036 DEBUG [acme.Launcher@main] Found classpath entry '/C:/Users/alvar/.m2/repository/net/bytebuddy/byte-buddy-agent/1.10.19/byte-buddy-agent-1.10.19.jar' 
2022-06-01 00:11:46.036 DEBUG [acme.Launcher@main] Found classpath entry '/C:/Users/alvar/.m2/repository/org/objenesis/objenesis/3.1/objenesis-3.1.jar' 
2022-06-01 00:11:46.036 DEBUG [acme.Launcher@main] Found classpath entry '/C:/Users/alvar/.m2/repository/org/mockito/mockito-junit-jupiter/3.6.28/mockito-junit-jupiter-3.6.28.jar' 
2022-06-01 00:11:46.036 DEBUG [acme.Launcher@main] Found classpath entry '/C:/Users/alvar/.m2/repository/org/skyscreamer/jsonassert/1.5.0/jsonassert-1.5.0.jar' 
2022-06-01 00:11:46.037 DEBUG [acme.Launcher@main] Found classpath entry '/C:/Users/alvar/.m2/repository/com/vaadin/external/google/android-json/0.0.20131108.vaadin1/android-json-0.0.20131108.vaadin1.jar' 
2022-06-01 00:11:46.037 DEBUG [acme.Launcher@main] Found classpath entry '/C:/Users/alvar/.m2/repository/org/springframework/spring-test/5.3.3/spring-test-5.3.3.jar' 
2022-06-01 00:11:46.037 DEBUG [acme.Launcher@main] Found classpath entry '/C:/Users/alvar/.m2/repository/org/xmlunit/xmlunit-core/2.7.0/xmlunit-core-2.7.0.jar' 
2022-06-01 00:11:46.037 DEBUG [acme.Launcher@main] Found classpath entry '/C:/Users/alvar/.m2/repository/org/junit/jupiter/junit-jupiter-engine/5.7.0/junit-jupiter-engine-5.7.0.jar' 
2022-06-01 00:11:46.037 DEBUG [acme.Launcher@main] Found classpath entry '/C:/Users/alvar/.m2/repository/org/apiguardian/apiguardian-api/1.1.0/apiguardian-api-1.1.0.jar' 
2022-06-01 00:11:46.037 DEBUG [acme.Launcher@main] Found classpath entry '/C:/Users/alvar/.m2/repository/org/junit/platform/junit-platform-engine/1.7.0/junit-platform-engine-1.7.0.jar' 
2022-06-01 00:11:46.038 DEBUG [acme.Launcher@main] Found classpath entry '/C:/Users/alvar/.m2/repository/org/junit/jupiter/junit-jupiter-api/5.7.0/junit-jupiter-api-5.7.0.jar' 
2022-06-01 00:11:46.038 DEBUG [acme.Launcher@main] Found classpath entry '/C:/Users/alvar/.m2/repository/org/opentest4j/opentest4j/1.2.0/opentest4j-1.2.0.jar' 
2022-06-01 00:11:46.038 DEBUG [acme.Launcher@main] Found classpath entry '/C:/Users/alvar/.m2/repository/org/junit/platform/junit-platform-commons/1.7.0/junit-platform-commons-1.7.0.jar' 
2022-06-01 00:11:46.042 DEBUG [acme.Launcher@main] Found classpath entry '/C:/Users/alvar/.m2/repository/org/junit/jupiter/junit-jupiter-params/5.7.0/junit-jupiter-params-5.7.0.jar' 
2022-06-01 00:11:46.043 DEBUG [acme.Launcher@main] Found classpath entry '/C:/Users/alvar/.m2/repository/org/junit/platform/junit-platform-launcher/1.7.0/junit-platform-launcher-1.7.0.jar' 
2022-06-01 00:11:46.043 DEBUG [acme.Launcher@main] Found classpath entry '/C:/Users/alvar/.m2/repository/org/seleniumhq/selenium/selenium-java/3.141.59/selenium-java-3.141.59.jar' 
2022-06-01 00:11:46.044 DEBUG [acme.Launcher@main] Found classpath entry '/C:/Users/alvar/.m2/repository/org/seleniumhq/selenium/selenium-api/3.141.59/selenium-api-3.141.59.jar' 
2022-06-01 00:11:46.045 DEBUG [acme.Launcher@main] Found classpath entry '/C:/Users/alvar/.m2/repository/org/seleniumhq/selenium/selenium-chrome-driver/3.141.59/selenium-chrome-driver-3.141.59.jar' 
2022-06-01 00:11:46.045 DEBUG [acme.Launcher@main] Found classpath entry '/C:/Users/alvar/.m2/repository/org/seleniumhq/selenium/selenium-edge-driver/3.141.59/selenium-edge-driver-3.141.59.jar' 
2022-06-01 00:11:46.046 DEBUG [acme.Launcher@main] Found classpath entry '/C:/Users/alvar/.m2/repository/org/seleniumhq/selenium/selenium-firefox-driver/3.141.59/selenium-firefox-driver-3.141.59.jar' 
2022-06-01 00:11:46.046 DEBUG [acme.Launcher@main] Found classpath entry '/C:/Users/alvar/.m2/repository/org/seleniumhq/selenium/selenium-ie-driver/3.141.59/selenium-ie-driver-3.141.59.jar' 
2022-06-01 00:11:46.046 DEBUG [acme.Launcher@main] Found classpath entry '/C:/Users/alvar/.m2/repository/org/seleniumhq/selenium/selenium-opera-driver/3.141.59/selenium-opera-driver-3.141.59.jar' 
2022-06-01 00:11:46.046 DEBUG [acme.Launcher@main] Found classpath entry '/C:/Users/alvar/.m2/repository/org/seleniumhq/selenium/selenium-remote-driver/3.141.59/selenium-remote-driver-3.141.59.jar' 
2022-06-01 00:11:46.046 DEBUG [acme.Launcher@main] Found classpath entry '/C:/Users/alvar/.m2/repository/org/seleniumhq/selenium/selenium-safari-driver/3.141.59/selenium-safari-driver-3.141.59.jar' 
2022-06-01 00:11:46.046 DEBUG [acme.Launcher@main] Found classpath entry '/C:/Users/alvar/.m2/repository/org/seleniumhq/selenium/selenium-support/3.141.59/selenium-support-3.141.59.jar' 
2022-06-01 00:11:46.047 DEBUG [acme.Launcher@main] Found classpath entry '/C:/Users/alvar/.m2/repository/net/bytebuddy/byte-buddy/1.10.19/byte-buddy-1.10.19.jar' 
2022-06-01 00:11:46.047 DEBUG [acme.Launcher@main] Found classpath entry '/C:/Users/alvar/.m2/repository/org/apache/commons/commons-exec/1.3/commons-exec-1.3.jar' 
2022-06-01 00:11:46.047 DEBUG [acme.Launcher@main] Found classpath entry '/C:/Users/alvar/.m2/repository/com/google/guava/guava/25.0-jre/guava-25.0-jre.jar' 
2022-06-01 00:11:46.047 DEBUG [acme.Launcher@main] Found classpath entry '/C:/Users/alvar/.m2/repository/com/google/code/findbugs/jsr305/1.3.9/jsr305-1.3.9.jar' 
2022-06-01 00:11:46.049 DEBUG [acme.Launcher@main] Found classpath entry '/C:/Users/alvar/.m2/repository/org/checkerframework/checker-compat-qual/2.0.0/checker-compat-qual-2.0.0.jar' 
2022-06-01 00:11:46.049 DEBUG [acme.Launcher@main] Found classpath entry '/C:/Users/alvar/.m2/repository/com/google/errorprone/error_prone_annotations/2.1.3/error_prone_annotations-2.1.3.jar' 
2022-06-01 00:11:46.049 DEBUG [acme.Launcher@main] Found classpath entry '/C:/Users/alvar/.m2/repository/com/google/j2objc/j2objc-annotations/1.1/j2objc-annotations-1.1.jar' 
2022-06-01 00:11:46.049 DEBUG [acme.Launcher@main] Found classpath entry '/C:/Users/alvar/.m2/repository/org/codehaus/mojo/animal-sniffer-annotations/1.14/animal-sniffer-annotations-1.14.jar' 
2022-06-01 00:11:46.050 DEBUG [acme.Launcher@main] Found classpath entry '/C:/Users/alvar/.m2/repository/com/squareup/okhttp3/okhttp/3.14.9/okhttp-3.14.9.jar' 
2022-06-01 00:11:46.050 DEBUG [acme.Launcher@main] Found classpath entry '/C:/Users/alvar/.m2/repository/com/squareup/okio/okio/1.14.0/okio-1.14.0.jar' 
2022-06-01 00:11:46.050 DEBUG [acme.Launcher@main] Found classpath entry '/C:/Users/alvar/.m2/repository/org/apache/commons/commons-lang3/3.11/commons-lang3-3.11.jar' 
2022-06-01 00:11:46.050 DEBUG [acme.Launcher@main] Found classpath entry '/C:/Users/alvar/.m2/repository/org/apache/commons/commons-text/1.8/commons-text-1.8.jar' 
2022-06-01 00:11:46.050 DEBUG [acme.Launcher@main] Found classpath entry '/C:/Users/alvar/.m2/repository/commons-io/commons-io/2.6/commons-io-2.6.jar' 
2022-06-01 00:11:46.050 DEBUG [acme.Launcher@main] Found classpath entry '/C:/Users/alvar/.m2/repository/commons-cli/commons-cli/1.4/commons-cli-1.4.jar' 
2022-06-01 00:11:46.051 DEBUG [acme.Launcher@main] Found classpath entry '/C:/Users/alvar/.m2/repository/org/projectlombok/lombok/1.18.16/lombok-1.18.16.jar' 
2022-06-01 00:11:46.051 DEBUG [acme.Launcher@main] Found classpath entry '/C:/Users/alvar/.m2/repository/com/opencsv/opencsv/5.4/opencsv-5.4.jar' 
2022-06-01 00:11:46.051 DEBUG [acme.Launcher@main] Found classpath entry '/C:/Users/alvar/.m2/repository/commons-beanutils/commons-beanutils/1.9.4/commons-beanutils-1.9.4.jar' 
2022-06-01 00:11:46.051 DEBUG [acme.Launcher@main] Found classpath entry '/C:/Users/alvar/.m2/repository/commons-logging/commons-logging/1.2/commons-logging-1.2.jar' 
2022-06-01 00:11:46.051 DEBUG [acme.Launcher@main] Found classpath entry '/C:/Users/alvar/.m2/repository/commons-collections/commons-collections/3.2.2/commons-collections-3.2.2.jar' 
2022-06-01 00:11:46.051 DEBUG [acme.Launcher@main] Found classpath entry '/C:/Users/alvar/.m2/repository/org/apache/commons/commons-collections4/4.4/commons-collections4-4.4.jar' 
2022-06-01 00:11:46.294 DEBUG [acme.Launcher@main] Found entity class 'acme.entities.announcement.Announcement 
2022-06-01 00:11:46.294 DEBUG [acme.Launcher@main] Found entity class 'acme.entities.artefact.Artefact 
2022-06-01 00:11:46.294 DEBUG [acme.Launcher@main] Found entity class 'acme.entities.artefact.Quantity 
2022-06-01 00:11:46.294 DEBUG [acme.Launcher@main] Found entity class 'acme.entities.chimpum.Chimpum 
2022-06-01 00:11:46.294 DEBUG [acme.Launcher@main] Found entity class 'acme.entities.chirp.Chirp 
2022-06-01 00:11:46.294 DEBUG [acme.Launcher@main] Found entity class 'acme.entities.patonages.Patronages 
2022-06-01 00:11:46.295 DEBUG [acme.Launcher@main] Found entity class 'acme.entities.patronageReport.PatronageReport 
2022-06-01 00:11:46.295 DEBUG [acme.Launcher@main] Found entity class 'acme.entities.systemConfiguration.ExchangeRate 
2022-06-01 00:11:46.295 DEBUG [acme.Launcher@main] Found entity class 'acme.entities.systemConfiguration.SystemConfiguration 
2022-06-01 00:11:46.295 DEBUG [acme.Launcher@main] Found entity class 'acme.entities.toolkit.Toolkit 
2022-06-01 00:11:46.295 DEBUG [acme.Launcher@main] Found entity class 'acme.roles.Inventor 
2022-06-01 00:11:46.295 DEBUG [acme.Launcher@main] Found entity class 'acme.roles.Patron 
2022-06-01 00:11:46.295 DEBUG [acme.Launcher@main] Found entity class 'acme.framework.entities.UserAccount 
2022-06-01 00:11:46.295 DEBUG [acme.Launcher@main] Found entity class 'acme.framework.roles.Administrator 
2022-06-01 00:11:46.295 DEBUG [acme.Launcher@main] Found entity class 'acme.framework.roles.Anonymous 
2022-06-01 00:11:46.295 DEBUG [acme.Launcher@main] Found entity class 'acme.framework.roles.Any 
2022-06-01 00:11:46.295 DEBUG [acme.Launcher@main] Found entity class 'acme.framework.roles.Authenticated 
2022-06-01 00:11:46.312 INFO  [acme.Launcher@main] Running application (Standalone) 
2022-06-01 00:13:36.099 DEBUG [org.hibernate.SQL@http-nio-8080-exec-1] select useraccoun0_.id as id1_0_, useraccoun0_.version as version2_0_, useraccoun0_.enabled as enabled1_17_, useraccoun0_.identity as identity2_17_, useraccoun0_.password as password3_17_, useraccoun0_.username as username4_17_ from user_account useraccoun0_ where useraccoun0_.username=? 
2022-06-01 00:13:36.132 TRACE [org.hibernate.type.descriptor.sql.BasicBinder@http-nio-8080-exec-1] binding parameter [1] as [VARCHAR] - [inventor1] 
2022-06-01 00:13:36.201 DEBUG [org.hibernate.SQL@http-nio-8080-exec-1] select roles0_.user_account_id as user_acc1_18_0_, roles0_.id as id1_18_0_, roles0_.id as id1_0_1_, roles0_.version as version2_0_1_, roles0_.user_account_id as user_acc1_18_1_, roles0_.company as company1_10_1_, roles0_.link as link2_10_1_, roles0_.statement as statemen3_10_1_, roles0_.company as company1_11_1_, roles0_.link as link2_11_1_, roles0_.statement as statemen3_11_1_, roles0_.clazz_ as clazz_1_ from ( select id, version, user_account_id, company, link, statement, 12 as clazz_ from inventor union all select id, version, user_account_id, company, link, statement, 13 as clazz_ from patron union all select id, version, user_account_id, null as company, null as link, null as statement, 15 as clazz_ from administrator union all select id, version, user_account_id, null as company, null as link, null as statement, 16 as clazz_ from anonymous union all select id, version, user_account_id, null as company, null as link, null as statement, 17 as clazz_ from any union all select id, version, user_account_id, null as company, null as link, null as statement, 18 as clazz_ from authenticated ) roles0_ where roles0_.user_account_id=? 
2022-06-01 00:13:36.202 TRACE [org.hibernate.type.descriptor.sql.BasicBinder@http-nio-8080-exec-1] binding parameter [1] as [INTEGER] - [13] 
2022-06-01 00:13:36.350 DEBUG [acme.framework.controllers.AbstractController@http-nio-8080-exec-1] DISPATCHING GET /acme-toolkits-0.1/inventor/toolkit/list-mine 
2022-06-01 00:13:36.350 DEBUG [acme.framework.controllers.AbstractController@http-nio-8080-exec-1] Command: list-mine 
2022-06-01 00:13:36.350 DEBUG [acme.framework.controllers.AbstractController@http-nio-8080-exec-1] Model:   {} 
2022-06-01 00:13:36.350 DEBUG [acme.framework.controllers.AbstractController@http-nio-8080-exec-1] Locale:  en 
2022-06-01 00:13:36.350 DEBUG [acme.framework.controllers.AbstractController@http-nio-8080-exec-1] Starting transaction 5856d2ea-3a2b-4324-aa0c-a6bd471c80ba 
2022-06-01 00:13:36.370 DEBUG [org.hibernate.SQL@http-nio-8080-exec-1] select distinct toolkit0_.id as id1_0_, toolkit0_.version as version2_0_, toolkit0_.assembly_notes as assembly1_16_, toolkit0_.code as code2_16_, toolkit0_.description as descript3_16_, toolkit0_.inventor_id as inventor7_16_, toolkit0_.link as link4_16_, toolkit0_.published as publishe5_16_, toolkit0_.title as title6_16_ from toolkit toolkit0_ where toolkit0_.inventor_id=? 
2022-06-01 00:13:36.371 TRACE [org.hibernate.type.descriptor.sql.BasicBinder@http-nio-8080-exec-1] binding parameter [1] as [INTEGER] - [18] 
2022-06-01 00:13:36.372 DEBUG [org.hibernate.SQL@http-nio-8080-exec-1] select inventor0_.id as id1_0_0_, inventor0_.version as version2_0_0_, inventor0_.user_account_id as user_acc1_18_0_, inventor0_.company as company1_10_0_, inventor0_.link as link2_10_0_, inventor0_.statement as statemen3_10_0_, useraccoun1_.id as id1_0_1_, useraccoun1_.version as version2_0_1_, useraccoun1_.enabled as enabled1_17_1_, useraccoun1_.identity as identity2_17_1_, useraccoun1_.password as password3_17_1_, useraccoun1_.username as username4_17_1_ from inventor inventor0_ inner join user_account useraccoun1_ on inventor0_.user_account_id=useraccoun1_.id where inventor0_.id=? 
2022-06-01 00:13:36.373 TRACE [org.hibernate.type.descriptor.sql.BasicBinder@http-nio-8080-exec-1] binding parameter [1] as [INTEGER] - [18] 
2022-06-01 00:13:36.419 DEBUG [acme.framework.controllers.AbstractController@http-nio-8080-exec-1] Committing transaction 5856d2ea-3a2b-4324-aa0c-a6bd471c80ba 
2022-06-01 00:13:36.422 DEBUG [acme.framework.controllers.AbstractController@http-nio-8080-exec-1] Starting transaction 10c4ec81-b54f-4f1e-9e0e-1a157b5fce81 
2022-06-01 00:13:36.423 DEBUG [acme.framework.controllers.AbstractController@http-nio-8080-exec-1] Committing transaction 10c4ec81-b54f-4f1e-9e0e-1a157b5fce81 
2022-06-01 00:13:36.424 DEBUG [acme.framework.controllers.AbstractController@http-nio-8080-exec-1] SERVING GET /acme-toolkits-0.1/inventor/toolkit/list-mine 
2022-06-01 00:13:36.425 DEBUG [acme.framework.controllers.AbstractController@http-nio-8080-exec-1] Result: ModelAndView [view="inventor/toolkit/list"; model={link[1]= https://www.google.com, description[1]= New description 2, published[1]=true, published[0]=true, link[0]= https://www.google.es, title[1]= New title 2, description[0]= New description 1, version[1]=0, list$size=2, code[0]=AAA-123-A, version[0]=0, title[0]= New title 1, code[1]=ABB-321-A, id[1]=40, id[0]=39, assemblyNotes[0]= This is assembly notes 1, assemblyNotes[1]= This is assembly notes 2, command=list-mine, principal=acme.framework.entities.Principal@774dbec1}] 
2022-06-01 00:13:36.470 DEBUG [acme.framework.components.tiles.DynamicTilesView@http-nio-8080-exec-1] View name 'inventor/toolkit/list', model {link[1]= https://www.google.com, description[1]= New description 2, published[1]=true, published[0]=true, link[0]= https://www.google.es, title[1]= New title 2, description[0]= New description 1, version[1]=0, list$size=2, code[0]=AAA-123-A, version[0]=0, title[0]= New title 1, code[1]=ABB-321-A, id[1]=40, id[0]=39, assemblyNotes[0]= This is assembly notes 1, assemblyNotes[1]= This is assembly notes 2, command=list-mine, principal=acme.framework.entities.Principal@774dbec1, org.springframework.validation.BindingResult.principal=org.springframework.validation.BeanPropertyBindingResult: 0 errors} 
2022-06-01 00:13:36.488 DEBUG [org.apache.tiles.definition.dao.BaseLocaleUrlDefinitionDAO@http-nio-8080-exec-1] File Resource file:/C:/Users/alvar/Desktop/Universidad/DP2/Workspace-22.0/Projects/controlcheck/target/classes/WEB-INF/views/master/tiles_en.xml at file:/C:/Users/alvar/Desktop/Universidad/DP2/Workspace-22.0/Projects/controlcheck/target/classes/WEB-INF/views/master/tiles_en.xml not found, continue 
2022-06-01 00:13:36.511 DEBUG [org.apache.jasper.servlet.JspServlet@http-nio-8080-exec-1] JspEngine --> /WEB-INF/views/master/page.jsp 
2022-06-01 00:13:36.512 DEBUG [org.apache.jasper.servlet.JspServlet@http-nio-8080-exec-1] ServletPath: /WEB-INF/views/master/page.jsp 
2022-06-01 00:13:36.514 DEBUG [org.apache.jasper.servlet.JspServlet@http-nio-8080-exec-1] PathInfo: null 
2022-06-01 00:13:36.520 DEBUG [org.apache.jasper.servlet.JspServlet@http-nio-8080-exec-1] RealPath: C:\Users\alvar\Desktop\Universidad\DP2\Workspace-22.0\Projects\controlcheck\target\classes\WEB-INF\views\master\page.jsp 
2022-06-01 00:13:36.523 DEBUG [org.apache.jasper.servlet.JspServlet@http-nio-8080-exec-1] RequestURI: /acme-toolkits-0.1/WEB-INF/views/master/page.jsp 
2022-06-01 00:13:36.525 DEBUG [org.apache.jasper.servlet.JspServlet@http-nio-8080-exec-1] QueryString: null 
2022-06-01 00:13:37.167 DEBUG [org.hibernate.SQL@http-nio-8080-exec-2] select useraccoun0_.id as id1_0_, useraccoun0_.version as version2_0_, useraccoun0_.enabled as enabled1_17_, useraccoun0_.identity as identity2_17_, useraccoun0_.password as password3_17_, useraccoun0_.username as username4_17_ from user_account useraccoun0_ where useraccoun0_.username=? 
2022-06-01 00:13:37.169 TRACE [org.hibernate.type.descriptor.sql.BasicBinder@http-nio-8080-exec-2] binding parameter [1] as [VARCHAR] - [inventor1] 
2022-06-01 00:13:37.171 DEBUG [org.hibernate.SQL@http-nio-8080-exec-2] select roles0_.user_account_id as user_acc1_18_0_, roles0_.id as id1_18_0_, roles0_.id as id1_0_1_, roles0_.version as version2_0_1_, roles0_.user_account_id as user_acc1_18_1_, roles0_.company as company1_10_1_, roles0_.link as link2_10_1_, roles0_.statement as statemen3_10_1_, roles0_.company as company1_11_1_, roles0_.link as link2_11_1_, roles0_.statement as statemen3_11_1_, roles0_.clazz_ as clazz_1_ from ( select id, version, user_account_id, company, link, statement, 12 as clazz_ from inventor union all select id, version, user_account_id, company, link, statement, 13 as clazz_ from patron union all select id, version, user_account_id, null as company, null as link, null as statement, 15 as clazz_ from administrator union all select id, version, user_account_id, null as company, null as link, null as statement, 16 as clazz_ from anonymous union all select id, version, user_account_id, null as company, null as link, null as statement, 17 as clazz_ from any union all select id, version, user_account_id, null as company, null as link, null as statement, 18 as clazz_ from authenticated ) roles0_ where roles0_.user_account_id=? 
2022-06-01 00:13:37.172 TRACE [org.hibernate.type.descriptor.sql.BasicBinder@http-nio-8080-exec-2] binding parameter [1] as [INTEGER] - [13] 
2022-06-01 00:13:37.186 DEBUG [acme.framework.controllers.AbstractController@http-nio-8080-exec-2] DISPATCHING GET /acme-toolkits-0.1/inventor/artefact/list-mine 
2022-06-01 00:13:37.186 DEBUG [acme.framework.controllers.AbstractController@http-nio-8080-exec-2] Command: list-mine 
2022-06-01 00:13:37.186 DEBUG [acme.framework.controllers.AbstractController@http-nio-8080-exec-2] Model:   {} 
2022-06-01 00:13:37.186 DEBUG [acme.framework.controllers.AbstractController@http-nio-8080-exec-2] Locale:  en 
2022-06-01 00:13:37.186 DEBUG [acme.framework.controllers.AbstractController@http-nio-8080-exec-2] Starting transaction fe112f28-c82d-4355-89c5-f17aad9f0208 
2022-06-01 00:13:37.189 DEBUG [org.hibernate.SQL@http-nio-8080-exec-2] select artefact0_.id as id1_0_, artefact0_.version as version2_0_, artefact0_.code as code1_5_, artefact0_.description as descript2_5_, artefact0_.inventor_id as invento10_5_, artefact0_.more_info as more_inf3_5_, artefact0_.name as name4_5_, artefact0_.published as publishe5_5_, artefact0_.retail_price_amount as retail_p6_5_, artefact0_.retail_price_currency as retail_p7_5_, artefact0_.technology as technolo8_5_, artefact0_.type as type9_5_ from artefact artefact0_ where artefact0_.inventor_id=? 
2022-06-01 00:13:37.190 TRACE [org.hibernate.type.descriptor.sql.BasicBinder@http-nio-8080-exec-2] binding parameter [1] as [INTEGER] - [18] 
2022-06-01 00:13:37.196 DEBUG [org.hibernate.SQL@http-nio-8080-exec-2] select inventor0_.id as id1_0_0_, inventor0_.version as version2_0_0_, inventor0_.user_account_id as user_acc1_18_0_, inventor0_.company as company1_10_0_, inventor0_.link as link2_10_0_, inventor0_.statement as statemen3_10_0_, useraccoun1_.id as id1_0_1_, useraccoun1_.version as version2_0_1_, useraccoun1_.enabled as enabled1_17_1_, useraccoun1_.identity as identity2_17_1_, useraccoun1_.password as password3_17_1_, useraccoun1_.username as username4_17_1_ from inventor inventor0_ inner join user_account useraccoun1_ on inventor0_.user_account_id=useraccoun1_.id where inventor0_.id=? 
2022-06-01 00:13:37.197 TRACE [org.hibernate.type.descriptor.sql.BasicBinder@http-nio-8080-exec-2] binding parameter [1] as [INTEGER] - [18] 
2022-06-01 00:13:37.226 DEBUG [acme.framework.controllers.AbstractController@http-nio-8080-exec-2] Committing transaction fe112f28-c82d-4355-89c5-f17aad9f0208 
2022-06-01 00:13:37.236 DEBUG [acme.framework.controllers.AbstractController@http-nio-8080-exec-2] Starting transaction 07ce11ec-6c09-4bf2-bc8c-23500070166e 
2022-06-01 00:13:37.238 DEBUG [acme.framework.controllers.AbstractController@http-nio-8080-exec-2] Committing transaction 07ce11ec-6c09-4bf2-bc8c-23500070166e 
2022-06-01 00:13:37.240 DEBUG [acme.framework.controllers.AbstractController@http-nio-8080-exec-2] SERVING GET /acme-toolkits-0.1/inventor/artefact/list-mine 
2022-06-01 00:13:37.241 DEBUG [acme.framework.controllers.AbstractController@http-nio-8080-exec-2] Result: ModelAndView [view="inventor/artefact/list"; model={published[1]=true, version[3]=0, version[1]=0, technology[0]=technology06, type[1]=COMPONENT, retailPrice[2]=<<EUR 10.00>>, type[3]=TOOL, list$size=4, retailPrice[0]=<<EUR 20.00>>, technology[2]=technology04, published[3]=true, retailPrice[3]=<<EUR 50.00>>, code[0]=ABC-012-F, name[3]=name01, id[1]=32, code[2]=ABC-012-D, id[3]=36, name[1]=name05, published[2]=true, published[0]=false, version[2]=0, type[0]=COMPONENT, type[2]=TOOL, retailPrice[1]=<<EUR 40.00>>, technology[3]=technology01, technology[1]=technology05, version[0]=0, code[1]=ABC-012-E, name[2]=name04, id[0]=31, code[3]=ABC-012-A, id[2]=33, name[0]=name06, command=list-mine, principal=acme.framework.entities.Principal@5488f95}] 
2022-06-01 00:13:37.243 DEBUG [acme.framework.components.tiles.DynamicTilesView@http-nio-8080-exec-2] View name 'inventor/artefact/list', model {published[1]=true, version[3]=0, version[1]=0, technology[0]=technology06, type[1]=COMPONENT, retailPrice[2]=<<EUR 10.00>>, type[3]=TOOL, list$size=4, retailPrice[0]=<<EUR 20.00>>, technology[2]=technology04, published[3]=true, retailPrice[3]=<<EUR 50.00>>, code[0]=ABC-012-F, name[3]=name01, id[1]=32, code[2]=ABC-012-D, id[3]=36, name[1]=name05, published[2]=true, published[0]=false, version[2]=0, type[0]=COMPONENT, type[2]=TOOL, retailPrice[1]=<<EUR 40.00>>, technology[3]=technology01, technology[1]=technology05, version[0]=0, code[1]=ABC-012-E, name[2]=name04, id[0]=31, code[3]=ABC-012-A, id[2]=33, name[0]=name06, command=list-mine, principal=acme.framework.entities.Principal@5488f95, org.springframework.validation.BindingResult.retailPrice[2]=org.springframework.validation.BeanPropertyBindingResult: 0 errors, org.springframework.validation.BindingResult.retailPrice[0]=org.springframework.validation.BeanPropertyBindingResult: 0 errors, org.springframework.validation.BindingResult.retailPrice[3]=org.springframework.validation.BeanPropertyBindingResult: 0 errors, org.springframework.validation.BindingResult.retailPrice[1]=org.springframework.validation.BeanPropertyBindingResult: 0 errors, org.springframework.validation.BindingResult.principal=org.springframework.validation.BeanPropertyBindingResult: 0 errors} 
2022-06-01 00:13:37.247 DEBUG [org.apache.jasper.servlet.JspServlet@http-nio-8080-exec-2] JspEngine --> /WEB-INF/views/master/page.jsp 
2022-06-01 00:13:37.248 DEBUG [org.apache.jasper.servlet.JspServlet@http-nio-8080-exec-2] ServletPath: /WEB-INF/views/master/page.jsp 
2022-06-01 00:13:37.251 DEBUG [org.apache.jasper.servlet.JspServlet@http-nio-8080-exec-2] PathInfo: null 
2022-06-01 00:13:37.252 DEBUG [org.apache.jasper.servlet.JspServlet@http-nio-8080-exec-2] RealPath: C:\Users\alvar\Desktop\Universidad\DP2\Workspace-22.0\Projects\controlcheck\target\classes\WEB-INF\views\master\page.jsp 
2022-06-01 00:13:37.253 DEBUG [org.apache.jasper.servlet.JspServlet@http-nio-8080-exec-2] RequestURI: /acme-toolkits-0.1/WEB-INF/views/master/page.jsp 
2022-06-01 00:13:37.255 DEBUG [org.apache.jasper.servlet.JspServlet@http-nio-8080-exec-2] QueryString: null 
2022-06-01 00:13:41.636 DEBUG [acme.framework.configuration.ExtendedMessageSource@http-nio-8080-exec-2] Loading properties [C:\Users\alvar\Desktop\Universidad\DP2\Workspace-22.0\Projects\controlcheck\target\classes\WEB-INF\views\administrator\administrator-dashboard\messages-en.i18n] with encoding 'utf-8' 
2022-06-01 00:13:41.637 DEBUG [acme.framework.configuration.ExtendedMessageSource@http-nio-8080-exec-2] Loading properties [C:\Users\alvar\Desktop\Universidad\DP2\Workspace-22.0\Projects\controlcheck\target\classes\WEB-INF\views\administrator\announcement\messages-en.i18n] with encoding 'utf-8' 
2022-06-01 00:13:41.638 DEBUG [acme.framework.configuration.ExtendedMessageSource@http-nio-8080-exec-2] Loading properties [C:\Users\alvar\Desktop\Universidad\DP2\Workspace-22.0\Projects\controlcheck\target\classes\WEB-INF\views\administrator\system-configuration\messages-en.i18n] with encoding 'utf-8' 
2022-06-01 00:13:41.639 DEBUG [acme.framework.configuration.ExtendedMessageSource@http-nio-8080-exec-2] Loading properties [C:\Users\alvar\Desktop\Universidad\DP2\Workspace-22.0\Projects\controlcheck\target\classes\WEB-INF\views\administrator\user-account\messages-en.i18n] with encoding 'utf-8' 
2022-06-01 00:13:41.639 DEBUG [acme.framework.configuration.ExtendedMessageSource@http-nio-8080-exec-2] Loading properties [C:\Users\alvar\Desktop\Universidad\DP2\Workspace-22.0\Projects\controlcheck\target\classes\WEB-INF\views\anonymous\user-account\messages-en.i18n] with encoding 'utf-8' 
2022-06-01 00:13:41.640 DEBUG [acme.framework.configuration.ExtendedMessageSource@http-nio-8080-exec-2] Loading properties [C:\Users\alvar\Desktop\Universidad\DP2\Workspace-22.0\Projects\controlcheck\target\classes\WEB-INF\views\any\artefact\messages-en.i18n] with encoding 'utf-8' 
2022-06-01 00:13:41.640 DEBUG [acme.framework.configuration.ExtendedMessageSource@http-nio-8080-exec-2] Loading properties [C:\Users\alvar\Desktop\Universidad\DP2\Workspace-22.0\Projects\controlcheck\target\classes\WEB-INF\views\any\chirp\messages-en.i18n] with encoding 'utf-8' 
2022-06-01 00:13:41.641 DEBUG [acme.framework.configuration.ExtendedMessageSource@http-nio-8080-exec-2] Loading properties [C:\Users\alvar\Desktop\Universidad\DP2\Workspace-22.0\Projects\controlcheck\target\classes\WEB-INF\views\any\toolkit\messages-en.i18n] with encoding 'utf-8' 
2022-06-01 00:13:41.641 DEBUG [acme.framework.configuration.ExtendedMessageSource@http-nio-8080-exec-2] Loading properties [C:\Users\alvar\Desktop\Universidad\DP2\Workspace-22.0\Projects\controlcheck\target\classes\WEB-INF\views\any\user-account\messages-en.i18n] with encoding 'utf-8' 
2022-06-01 00:13:41.642 DEBUG [acme.framework.configuration.ExtendedMessageSource@http-nio-8080-exec-2] Loading properties [C:\Users\alvar\Desktop\Universidad\DP2\Workspace-22.0\Projects\controlcheck\target\classes\WEB-INF\views\authenticated\announcement\messages-en.i18n] with encoding 'utf-8' 
2022-06-01 00:13:41.642 DEBUG [acme.framework.configuration.ExtendedMessageSource@http-nio-8080-exec-2] Loading properties [C:\Users\alvar\Desktop\Universidad\DP2\Workspace-22.0\Projects\controlcheck\target\classes\WEB-INF\views\authenticated\consumer\messsages-en.i18n] with encoding 'utf-8' 
2022-06-01 00:13:41.643 DEBUG [acme.framework.configuration.ExtendedMessageSource@http-nio-8080-exec-2] Loading properties [C:\Users\alvar\Desktop\Universidad\DP2\Workspace-22.0\Projects\controlcheck\target\classes\WEB-INF\views\authenticated\inventor\messsages-en.i18n] with encoding 'utf-8' 
2022-06-01 00:13:41.643 DEBUG [acme.framework.configuration.ExtendedMessageSource@http-nio-8080-exec-2] Loading properties [C:\Users\alvar\Desktop\Universidad\DP2\Workspace-22.0\Projects\controlcheck\target\classes\WEB-INF\views\authenticated\money-exchange\messages-en.i18n] with encoding 'utf-8' 
2022-06-01 00:13:41.644 DEBUG [acme.framework.configuration.ExtendedMessageSource@http-nio-8080-exec-2] Loading properties [C:\Users\alvar\Desktop\Universidad\DP2\Workspace-22.0\Projects\controlcheck\target\classes\WEB-INF\views\authenticated\patron\messsages-en.i18n] with encoding 'utf-8' 
2022-06-01 00:13:41.645 DEBUG [acme.framework.configuration.ExtendedMessageSource@http-nio-8080-exec-2] Loading properties [C:\Users\alvar\Desktop\Universidad\DP2\Workspace-22.0\Projects\controlcheck\target\classes\WEB-INF\views\authenticated\provider\messsages-en.i18n] with encoding 'utf-8' 
2022-06-01 00:13:41.645 DEBUG [acme.framework.configuration.ExtendedMessageSource@http-nio-8080-exec-2] Loading properties [C:\Users\alvar\Desktop\Universidad\DP2\Workspace-22.0\Projects\controlcheck\target\classes\WEB-INF\views\authenticated\system-configuration\messages-en.i18n] with encoding 'utf-8' 
2022-06-01 00:13:41.646 DEBUG [acme.framework.configuration.ExtendedMessageSource@http-nio-8080-exec-2] Loading properties [C:\Users\alvar\Desktop\Universidad\DP2\Workspace-22.0\Projects\controlcheck\target\classes\WEB-INF\views\authenticated\user-account\messages-en.i18n] with encoding 'utf-8' 
2022-06-01 00:13:41.647 DEBUG [acme.framework.configuration.ExtendedMessageSource@http-nio-8080-exec-2] Loading properties [C:\Users\alvar\Desktop\Universidad\DP2\Workspace-22.0\Projects\controlcheck\target\classes\WEB-INF\views\fragments\banner-en.i18n] with encoding 'utf-8' 
2022-06-01 00:13:41.647 DEBUG [acme.framework.configuration.ExtendedMessageSource@http-nio-8080-exec-2] Loading properties [C:\Users\alvar\Desktop\Universidad\DP2\Workspace-22.0\Projects\controlcheck\target\classes\WEB-INF\views\fragments\company-en.i18n] with encoding 'utf-8' 
2022-06-01 00:13:41.650 DEBUG [acme.framework.configuration.ExtendedMessageSource@http-nio-8080-exec-2] Loading properties [C:\Users\alvar\Desktop\Universidad\DP2\Workspace-22.0\Projects\controlcheck\target\classes\WEB-INF\views\fragments\error-en.i18n] with encoding 'utf-8' 
2022-06-01 00:13:41.651 DEBUG [acme.framework.configuration.ExtendedMessageSource@http-nio-8080-exec-2] Loading properties [C:\Users\alvar\Desktop\Universidad\DP2\Workspace-22.0\Projects\controlcheck\target\classes\WEB-INF\views\fragments\footer-en.i18n] with encoding 'utf-8' 
2022-06-01 00:13:41.651 DEBUG [acme.framework.configuration.ExtendedMessageSource@http-nio-8080-exec-2] Loading properties [C:\Users\alvar\Desktop\Universidad\DP2\Workspace-22.0\Projects\controlcheck\target\classes\WEB-INF\views\fragments\license-en.i18n] with encoding 'utf-8' 
2022-06-01 00:13:41.652 DEBUG [acme.framework.configuration.ExtendedMessageSource@http-nio-8080-exec-2] Loading properties [C:\Users\alvar\Desktop\Universidad\DP2\Workspace-22.0\Projects\controlcheck\target\classes\WEB-INF\views\fragments\menu-en.i18n] with encoding 'utf-8' 
2022-06-01 00:13:41.654 DEBUG [acme.framework.configuration.ExtendedMessageSource@http-nio-8080-exec-2] Loading properties [C:\Users\alvar\Desktop\Universidad\DP2\Workspace-22.0\Projects\controlcheck\target\classes\WEB-INF\views\fragments\messages-en.i18n] with encoding 'utf-8' 
2022-06-01 00:13:41.657 DEBUG [acme.framework.configuration.ExtendedMessageSource@http-nio-8080-exec-2] Loading properties [C:\Users\alvar\Desktop\Universidad\DP2\Workspace-22.0\Projects\controlcheck\target\classes\WEB-INF\views\fragments\messsages-en.i18n] with encoding 'utf-8' 
2022-06-01 00:13:41.659 DEBUG [acme.framework.configuration.ExtendedMessageSource@http-nio-8080-exec-2] Loading properties [C:\Users\alvar\Desktop\Universidad\DP2\Workspace-22.0\Projects\controlcheck\target\classes\WEB-INF\views\fragments\title-en.i18n] with encoding 'utf-8' 
2022-06-01 00:13:41.660 DEBUG [acme.framework.configuration.ExtendedMessageSource@http-nio-8080-exec-2] Loading properties [C:\Users\alvar\Desktop\Universidad\DP2\Workspace-22.0\Projects\controlcheck\target\classes\WEB-INF\views\fragments\welcome-en.i18n] with encoding 'utf-8' 
2022-06-01 00:13:41.661 DEBUG [acme.framework.configuration.ExtendedMessageSource@http-nio-8080-exec-2] Loading properties [C:\Users\alvar\Desktop\Universidad\DP2\Workspace-22.0\Projects\controlcheck\target\classes\WEB-INF\views\inventor\announcement\messages-en.i18n] with encoding 'utf-8' 
2022-06-01 00:13:41.661 DEBUG [acme.framework.configuration.ExtendedMessageSource@http-nio-8080-exec-2] Loading properties [C:\Users\alvar\Desktop\Universidad\DP2\Workspace-22.0\Projects\controlcheck\target\classes\WEB-INF\views\inventor\artefact\messages-en.i18n] with encoding 'utf-8' 
2022-06-01 00:13:41.662 DEBUG [acme.framework.configuration.ExtendedMessageSource@http-nio-8080-exec-2] Loading properties [C:\Users\alvar\Desktop\Universidad\DP2\Workspace-22.0\Projects\controlcheck\target\classes\WEB-INF\views\inventor\chimpum\messages-en.i18n] with encoding 'utf-8' 
2022-06-01 00:13:41.664 DEBUG [acme.framework.configuration.ExtendedMessageSource@http-nio-8080-exec-2] Loading properties [C:\Users\alvar\Desktop\Universidad\DP2\Workspace-22.0\Projects\controlcheck\target\classes\WEB-INF\views\inventor\patronage-report\messages-en.i18n] with encoding 'utf-8' 
2022-06-01 00:13:41.664 DEBUG [acme.framework.configuration.ExtendedMessageSource@http-nio-8080-exec-2] Loading properties [C:\Users\alvar\Desktop\Universidad\DP2\Workspace-22.0\Projects\controlcheck\target\classes\WEB-INF\views\inventor\patronages\messages-en.i18n] with encoding 'utf-8' 
2022-06-01 00:13:41.665 DEBUG [acme.framework.configuration.ExtendedMessageSource@http-nio-8080-exec-2] Loading properties [C:\Users\alvar\Desktop\Universidad\DP2\Workspace-22.0\Projects\controlcheck\target\classes\WEB-INF\views\inventor\toolkit\messages-en.i18n] with encoding 'utf-8' 
2022-06-01 00:13:41.667 DEBUG [acme.framework.configuration.ExtendedMessageSource@http-nio-8080-exec-2] Loading properties [C:\Users\alvar\Desktop\Universidad\DP2\Workspace-22.0\Projects\controlcheck\target\classes\WEB-INF\views\master\defaults-en.i18n] with encoding 'utf-8' 
2022-06-01 00:13:41.668 DEBUG [acme.framework.configuration.ExtendedMessageSource@http-nio-8080-exec-2] Loading properties [C:\Users\alvar\Desktop\Universidad\DP2\Workspace-22.0\Projects\controlcheck\target\classes\WEB-INF\views\master\master-en.i18n] with encoding 'utf-8' 
2022-06-01 00:13:41.669 DEBUG [acme.framework.configuration.ExtendedMessageSource@http-nio-8080-exec-2] Loading properties [C:\Users\alvar\Desktop\Universidad\DP2\Workspace-22.0\Projects\controlcheck\target\classes\WEB-INF\views\master\throwables-en.i18n] with encoding 'utf-8' 
2022-06-01 00:13:41.670 DEBUG [acme.framework.configuration.ExtendedMessageSource@http-nio-8080-exec-2] Loading properties [C:\Users\alvar\Desktop\Universidad\DP2\Workspace-22.0\Projects\controlcheck\target\classes\WEB-INF\views\master\validation-en.i18n] with encoding 'utf-8' 
2022-06-01 00:13:41.671 DEBUG [acme.framework.configuration.ExtendedMessageSource@http-nio-8080-exec-2] Loading properties [C:\Users\alvar\Desktop\Universidad\DP2\Workspace-22.0\Projects\controlcheck\target\classes\WEB-INF\views\patron\announcement\messages-en.i18n] with encoding 'utf-8' 
2022-06-01 00:13:41.672 DEBUG [acme.framework.configuration.ExtendedMessageSource@http-nio-8080-exec-2] Loading properties [C:\Users\alvar\Desktop\Universidad\DP2\Workspace-22.0\Projects\controlcheck\target\classes\WEB-INF\views\patron\patron-dashboard\messages-en.i18n] with encoding 'utf-8' 
2022-06-01 00:13:41.672 DEBUG [acme.framework.configuration.ExtendedMessageSource@http-nio-8080-exec-2] Loading properties [C:\Users\alvar\Desktop\Universidad\DP2\Workspace-22.0\Projects\controlcheck\target\classes\WEB-INF\views\patron\patronage-report\messages-en.i18n] with encoding 'utf-8' 
2022-06-01 00:13:41.673 DEBUG [acme.framework.configuration.ExtendedMessageSource@http-nio-8080-exec-2] Loading properties [C:\Users\alvar\Desktop\Universidad\DP2\Workspace-22.0\Projects\controlcheck\target\classes\WEB-INF\views\patron\patronages\messages-en.i18n] with encoding 'utf-8' 
2022-06-01 00:13:41.685 DEBUG [acme.framework.configuration.ExtendedMessageSource@http-nio-8080-exec-1] Loading properties [C:\Users\alvar\Desktop\Universidad\DP2\Workspace-22.0\Projects\controlcheck\target\classes\WEB-INF\views\administrator\administrator-dashboard\messages-en.i18n] with encoding 'utf-8' 
2022-06-01 00:13:41.686 DEBUG [acme.framework.configuration.ExtendedMessageSource@http-nio-8080-exec-1] Loading properties [C:\Users\alvar\Desktop\Universidad\DP2\Workspace-22.0\Projects\controlcheck\target\classes\WEB-INF\views\administrator\announcement\messages-en.i18n] with encoding 'utf-8' 
2022-06-01 00:13:41.687 DEBUG [acme.framework.configuration.ExtendedMessageSource@http-nio-8080-exec-1] Loading properties [C:\Users\alvar\Desktop\Universidad\DP2\Workspace-22.0\Projects\controlcheck\target\classes\WEB-INF\views\administrator\system-configuration\messages-en.i18n] with encoding 'utf-8' 
2022-06-01 00:13:41.688 DEBUG [acme.framework.configuration.ExtendedMessageSource@http-nio-8080-exec-1] Loading properties [C:\Users\alvar\Desktop\Universidad\DP2\Workspace-22.0\Projects\controlcheck\target\classes\WEB-INF\views\administrator\user-account\messages-en.i18n] with encoding 'utf-8' 
2022-06-01 00:13:41.690 DEBUG [acme.framework.configuration.ExtendedMessageSource@http-nio-8080-exec-1] Loading properties [C:\Users\alvar\Desktop\Universidad\DP2\Workspace-22.0\Projects\controlcheck\target\classes\WEB-INF\views\anonymous\user-account\messages-en.i18n] with encoding 'utf-8' 
2022-06-01 00:13:41.691 DEBUG [acme.framework.configuration.ExtendedMessageSource@http-nio-8080-exec-1] Loading properties [C:\Users\alvar\Desktop\Universidad\DP2\Workspace-22.0\Projects\controlcheck\target\classes\WEB-INF\views\any\artefact\messages-en.i18n] with encoding 'utf-8' 
2022-06-01 00:13:41.692 DEBUG [acme.framework.configuration.ExtendedMessageSource@http-nio-8080-exec-1] Loading properties [C:\Users\alvar\Desktop\Universidad\DP2\Workspace-22.0\Projects\controlcheck\target\classes\WEB-INF\views\any\chirp\messages-en.i18n] with encoding 'utf-8' 
2022-06-01 00:13:41.693 DEBUG [acme.framework.configuration.ExtendedMessageSource@http-nio-8080-exec-1] Loading properties [C:\Users\alvar\Desktop\Universidad\DP2\Workspace-22.0\Projects\controlcheck\target\classes\WEB-INF\views\any\toolkit\messages-en.i18n] with encoding 'utf-8' 
2022-06-01 00:13:41.694 DEBUG [acme.framework.configuration.ExtendedMessageSource@http-nio-8080-exec-1] Loading properties [C:\Users\alvar\Desktop\Universidad\DP2\Workspace-22.0\Projects\controlcheck\target\classes\WEB-INF\views\any\user-account\messages-en.i18n] with encoding 'utf-8' 
2022-06-01 00:13:41.695 DEBUG [acme.framework.configuration.ExtendedMessageSource@http-nio-8080-exec-1] Loading properties [C:\Users\alvar\Desktop\Universidad\DP2\Workspace-22.0\Projects\controlcheck\target\classes\WEB-INF\views\authenticated\announcement\messages-en.i18n] with encoding 'utf-8' 
2022-06-01 00:13:41.697 DEBUG [acme.framework.configuration.ExtendedMessageSource@http-nio-8080-exec-1] Loading properties [C:\Users\alvar\Desktop\Universidad\DP2\Workspace-22.0\Projects\controlcheck\target\classes\WEB-INF\views\authenticated\consumer\messsages-en.i18n] with encoding 'utf-8' 
2022-06-01 00:13:41.699 DEBUG [acme.framework.configuration.ExtendedMessageSource@http-nio-8080-exec-1] Loading properties [C:\Users\alvar\Desktop\Universidad\DP2\Workspace-22.0\Projects\controlcheck\target\classes\WEB-INF\views\authenticated\inventor\messsages-en.i18n] with encoding 'utf-8' 
2022-06-01 00:13:41.700 DEBUG [acme.framework.configuration.ExtendedMessageSource@http-nio-8080-exec-1] Loading properties [C:\Users\alvar\Desktop\Universidad\DP2\Workspace-22.0\Projects\controlcheck\target\classes\WEB-INF\views\authenticated\money-exchange\messages-en.i18n] with encoding 'utf-8' 
2022-06-01 00:13:41.701 DEBUG [acme.framework.configuration.ExtendedMessageSource@http-nio-8080-exec-1] Loading properties [C:\Users\alvar\Desktop\Universidad\DP2\Workspace-22.0\Projects\controlcheck\target\classes\WEB-INF\views\authenticated\patron\messsages-en.i18n] with encoding 'utf-8' 
2022-06-01 00:13:41.701 DEBUG [acme.framework.configuration.ExtendedMessageSource@http-nio-8080-exec-1] Loading properties [C:\Users\alvar\Desktop\Universidad\DP2\Workspace-22.0\Projects\controlcheck\target\classes\WEB-INF\views\authenticated\provider\messsages-en.i18n] with encoding 'utf-8' 
2022-06-01 00:13:41.702 DEBUG [acme.framework.configuration.ExtendedMessageSource@http-nio-8080-exec-1] Loading properties [C:\Users\alvar\Desktop\Universidad\DP2\Workspace-22.0\Projects\controlcheck\target\classes\WEB-INF\views\authenticated\system-configuration\messages-en.i18n] with encoding 'utf-8' 
2022-06-01 00:13:41.703 DEBUG [acme.framework.configuration.ExtendedMessageSource@http-nio-8080-exec-1] Loading properties [C:\Users\alvar\Desktop\Universidad\DP2\Workspace-22.0\Projects\controlcheck\target\classes\WEB-INF\views\authenticated\user-account\messages-en.i18n] with encoding 'utf-8' 
2022-06-01 00:13:41.704 DEBUG [acme.framework.configuration.ExtendedMessageSource@http-nio-8080-exec-1] Loading properties [C:\Users\alvar\Desktop\Universidad\DP2\Workspace-22.0\Projects\controlcheck\target\classes\WEB-INF\views\fragments\banner-en.i18n] with encoding 'utf-8' 
2022-06-01 00:13:41.705 DEBUG [acme.framework.configuration.ExtendedMessageSource@http-nio-8080-exec-1] Loading properties [C:\Users\alvar\Desktop\Universidad\DP2\Workspace-22.0\Projects\controlcheck\target\classes\WEB-INF\views\fragments\company-en.i18n] with encoding 'utf-8' 
2022-06-01 00:13:41.706 DEBUG [acme.framework.configuration.ExtendedMessageSource@http-nio-8080-exec-1] Loading properties [C:\Users\alvar\Desktop\Universidad\DP2\Workspace-22.0\Projects\controlcheck\target\classes\WEB-INF\views\fragments\error-en.i18n] with encoding 'utf-8' 
2022-06-01 00:13:41.706 DEBUG [acme.framework.configuration.ExtendedMessageSource@http-nio-8080-exec-1] Loading properties [C:\Users\alvar\Desktop\Universidad\DP2\Workspace-22.0\Projects\controlcheck\target\classes\WEB-INF\views\fragments\footer-en.i18n] with encoding 'utf-8' 
2022-06-01 00:13:41.707 DEBUG [acme.framework.configuration.ExtendedMessageSource@http-nio-8080-exec-1] Loading properties [C:\Users\alvar\Desktop\Universidad\DP2\Workspace-22.0\Projects\controlcheck\target\classes\WEB-INF\views\fragments\license-en.i18n] with encoding 'utf-8' 
2022-06-01 00:13:41.708 DEBUG [acme.framework.configuration.ExtendedMessageSource@http-nio-8080-exec-1] Loading properties [C:\Users\alvar\Desktop\Universidad\DP2\Workspace-22.0\Projects\controlcheck\target\classes\WEB-INF\views\fragments\menu-en.i18n] with encoding 'utf-8' 
2022-06-01 00:13:41.708 DEBUG [acme.framework.configuration.ExtendedMessageSource@http-nio-8080-exec-1] Loading properties [C:\Users\alvar\Desktop\Universidad\DP2\Workspace-22.0\Projects\controlcheck\target\classes\WEB-INF\views\fragments\messages-en.i18n] with encoding 'utf-8' 
2022-06-01 00:13:41.709 DEBUG [acme.framework.configuration.ExtendedMessageSource@http-nio-8080-exec-1] Loading properties [C:\Users\alvar\Desktop\Universidad\DP2\Workspace-22.0\Projects\controlcheck\target\classes\WEB-INF\views\fragments\messsages-en.i18n] with encoding 'utf-8' 
2022-06-01 00:13:41.710 DEBUG [acme.framework.configuration.ExtendedMessageSource@http-nio-8080-exec-1] Loading properties [C:\Users\alvar\Desktop\Universidad\DP2\Workspace-22.0\Projects\controlcheck\target\classes\WEB-INF\views\fragments\title-en.i18n] with encoding 'utf-8' 
2022-06-01 00:13:41.711 DEBUG [acme.framework.configuration.ExtendedMessageSource@http-nio-8080-exec-1] Loading properties [C:\Users\alvar\Desktop\Universidad\DP2\Workspace-22.0\Projects\controlcheck\target\classes\WEB-INF\views\fragments\welcome-en.i18n] with encoding 'utf-8' 
2022-06-01 00:13:41.712 DEBUG [acme.framework.configuration.ExtendedMessageSource@http-nio-8080-exec-1] Loading properties [C:\Users\alvar\Desktop\Universidad\DP2\Workspace-22.0\Projects\controlcheck\target\classes\WEB-INF\views\inventor\announcement\messages-en.i18n] with encoding 'utf-8' 
2022-06-01 00:13:41.712 DEBUG [acme.framework.configuration.ExtendedMessageSource@http-nio-8080-exec-1] Loading properties [C:\Users\alvar\Desktop\Universidad\DP2\Workspace-22.0\Projects\controlcheck\target\classes\WEB-INF\views\inventor\artefact\messages-en.i18n] with encoding 'utf-8' 
2022-06-01 00:13:41.714 DEBUG [acme.framework.configuration.ExtendedMessageSource@http-nio-8080-exec-1] Loading properties [C:\Users\alvar\Desktop\Universidad\DP2\Workspace-22.0\Projects\controlcheck\target\classes\WEB-INF\views\inventor\chimpum\messages-en.i18n] with encoding 'utf-8' 
2022-06-01 00:13:41.717 DEBUG [acme.framework.configuration.ExtendedMessageSource@http-nio-8080-exec-1] Loading properties [C:\Users\alvar\Desktop\Universidad\DP2\Workspace-22.0\Projects\controlcheck\target\classes\WEB-INF\views\inventor\patronage-report\messages-en.i18n] with encoding 'utf-8' 
2022-06-01 00:13:41.718 DEBUG [acme.framework.configuration.ExtendedMessageSource@http-nio-8080-exec-1] Loading properties [C:\Users\alvar\Desktop\Universidad\DP2\Workspace-22.0\Projects\controlcheck\target\classes\WEB-INF\views\inventor\patronages\messages-en.i18n] with encoding 'utf-8' 
2022-06-01 00:13:41.719 DEBUG [acme.framework.configuration.ExtendedMessageSource@http-nio-8080-exec-1] Loading properties [C:\Users\alvar\Desktop\Universidad\DP2\Workspace-22.0\Projects\controlcheck\target\classes\WEB-INF\views\inventor\toolkit\messages-en.i18n] with encoding 'utf-8' 
2022-06-01 00:13:41.721 DEBUG [acme.framework.configuration.ExtendedMessageSource@http-nio-8080-exec-1] Loading properties [C:\Users\alvar\Desktop\Universidad\DP2\Workspace-22.0\Projects\controlcheck\target\classes\WEB-INF\views\master\defaults-en.i18n] with encoding 'utf-8' 
2022-06-01 00:13:41.722 DEBUG [acme.framework.configuration.ExtendedMessageSource@http-nio-8080-exec-1] Loading properties [C:\Users\alvar\Desktop\Universidad\DP2\Workspace-22.0\Projects\controlcheck\target\classes\WEB-INF\views\master\master-en.i18n] with encoding 'utf-8' 
2022-06-01 00:13:41.722 DEBUG [acme.framework.configuration.ExtendedMessageSource@http-nio-8080-exec-1] Loading properties [C:\Users\alvar\Desktop\Universidad\DP2\Workspace-22.0\Projects\controlcheck\target\classes\WEB-INF\views\master\throwables-en.i18n] with encoding 'utf-8' 
2022-06-01 00:13:41.724 DEBUG [acme.framework.configuration.ExtendedMessageSource@http-nio-8080-exec-1] Loading properties [C:\Users\alvar\Desktop\Universidad\DP2\Workspace-22.0\Projects\controlcheck\target\classes\WEB-INF\views\master\validation-en.i18n] with encoding 'utf-8' 
2022-06-01 00:13:41.726 DEBUG [acme.framework.configuration.ExtendedMessageSource@http-nio-8080-exec-1] Loading properties [C:\Users\alvar\Desktop\Universidad\DP2\Workspace-22.0\Projects\controlcheck\target\classes\WEB-INF\views\patron\announcement\messages-en.i18n] with encoding 'utf-8' 
2022-06-01 00:13:41.727 DEBUG [acme.framework.configuration.ExtendedMessageSource@http-nio-8080-exec-1] Loading properties [C:\Users\alvar\Desktop\Universidad\DP2\Workspace-22.0\Projects\controlcheck\target\classes\WEB-INF\views\patron\patron-dashboard\messages-en.i18n] with encoding 'utf-8' 
2022-06-01 00:13:41.728 DEBUG [acme.framework.configuration.ExtendedMessageSource@http-nio-8080-exec-1] Loading properties [C:\Users\alvar\Desktop\Universidad\DP2\Workspace-22.0\Projects\controlcheck\target\classes\WEB-INF\views\patron\patronage-report\messages-en.i18n] with encoding 'utf-8' 
2022-06-01 00:13:41.730 DEBUG [acme.framework.configuration.ExtendedMessageSource@http-nio-8080-exec-1] Loading properties [C:\Users\alvar\Desktop\Universidad\DP2\Workspace-22.0\Projects\controlcheck\target\classes\WEB-INF\views\patron\patronages\messages-en.i18n] with encoding 'utf-8' 
2022-06-01 00:13:41.955 DEBUG [org.apache.jasper.servlet.JspServlet@http-nio-8080-exec-1] JspEngine --> /WEB-INF/views/inventor/toolkit/list.jsp 
2022-06-01 00:13:41.955 DEBUG [org.apache.jasper.servlet.JspServlet@http-nio-8080-exec-2] JspEngine --> /WEB-INF/views/inventor/artefact/list.jsp 
2022-06-01 00:13:41.956 DEBUG [org.apache.jasper.servlet.JspServlet@http-nio-8080-exec-2] ServletPath: /WEB-INF/views/master/page.jsp 
2022-06-01 00:13:41.956 DEBUG [org.apache.jasper.servlet.JspServlet@http-nio-8080-exec-1] ServletPath: /WEB-INF/views/master/page.jsp 
2022-06-01 00:13:41.956 DEBUG [org.apache.jasper.servlet.JspServlet@http-nio-8080-exec-1] PathInfo: null 
2022-06-01 00:13:41.956 DEBUG [org.apache.jasper.servlet.JspServlet@http-nio-8080-exec-2] PathInfo: null 
2022-06-01 00:13:41.959 DEBUG [org.apache.jasper.servlet.JspServlet@http-nio-8080-exec-2] RealPath: C:\Users\alvar\Desktop\Universidad\DP2\Workspace-22.0\Projects\controlcheck\target\classes\WEB-INF\views\inventor\artefact\list.jsp 
2022-06-01 00:13:41.959 DEBUG [org.apache.jasper.servlet.JspServlet@http-nio-8080-exec-1] RealPath: C:\Users\alvar\Desktop\Universidad\DP2\Workspace-22.0\Projects\controlcheck\target\classes\WEB-INF\views\inventor\toolkit\list.jsp 
2022-06-01 00:13:41.959 DEBUG [org.apache.jasper.servlet.JspServlet@http-nio-8080-exec-2] RequestURI: /acme-toolkits-0.1/WEB-INF/views/master/page.jsp 
2022-06-01 00:13:41.959 DEBUG [org.apache.jasper.servlet.JspServlet@http-nio-8080-exec-1] RequestURI: /acme-toolkits-0.1/WEB-INF/views/master/page.jsp 
2022-06-01 00:13:41.959 DEBUG [org.apache.jasper.servlet.JspServlet@http-nio-8080-exec-2] QueryString: null 
2022-06-01 00:13:41.960 DEBUG [org.apache.jasper.servlet.JspServlet@http-nio-8080-exec-1] QueryString: null 
2022-06-01 00:14:16.163 DEBUG [acme.framework.controllers.AbstractController@http-nio-8080-exec-3] DISPATCHING GET /acme-toolkits-0.1/inventor/artefact/show 
2022-06-01 00:14:16.163 DEBUG [acme.framework.controllers.AbstractController@http-nio-8080-exec-3] Command: show 
2022-06-01 00:14:16.163 DEBUG [acme.framework.controllers.AbstractController@http-nio-8080-exec-3] Model:   {id=33} 
2022-06-01 00:14:16.164 DEBUG [acme.framework.controllers.AbstractController@http-nio-8080-exec-3] Locale:  en 
2022-06-01 00:14:16.164 DEBUG [acme.framework.controllers.AbstractController@http-nio-8080-exec-3] Starting transaction 47f03609-c95b-48dd-b368-cb98a8f8057f 
2022-06-01 00:14:16.169 DEBUG [org.hibernate.SQL@http-nio-8080-exec-3] select artefact0_.id as id1_0_, artefact0_.version as version2_0_, artefact0_.code as code1_5_, artefact0_.description as descript2_5_, artefact0_.inventor_id as invento10_5_, artefact0_.more_info as more_inf3_5_, artefact0_.name as name4_5_, artefact0_.published as publishe5_5_, artefact0_.retail_price_amount as retail_p6_5_, artefact0_.retail_price_currency as retail_p7_5_, artefact0_.technology as technolo8_5_, artefact0_.type as type9_5_ from artefact artefact0_ where artefact0_.id=? 
2022-06-01 00:14:16.170 TRACE [org.hibernate.type.descriptor.sql.BasicBinder@http-nio-8080-exec-3] binding parameter [1] as [INTEGER] - [33] 
2022-06-01 00:14:16.171 DEBUG [org.hibernate.SQL@http-nio-8080-exec-3] select inventor0_.id as id1_0_0_, inventor0_.version as version2_0_0_, inventor0_.user_account_id as user_acc1_18_0_, inventor0_.company as company1_10_0_, inventor0_.link as link2_10_0_, inventor0_.statement as statemen3_10_0_, useraccoun1_.id as id1_0_1_, useraccoun1_.version as version2_0_1_, useraccoun1_.enabled as enabled1_17_1_, useraccoun1_.identity as identity2_17_1_, useraccoun1_.password as password3_17_1_, useraccoun1_.username as username4_17_1_ from inventor inventor0_ inner join user_account useraccoun1_ on inventor0_.user_account_id=useraccoun1_.id where inventor0_.id=? 
2022-06-01 00:14:16.173 TRACE [org.hibernate.type.descriptor.sql.BasicBinder@http-nio-8080-exec-3] binding parameter [1] as [INTEGER] - [18] 
2022-06-01 00:14:16.192 DEBUG [org.hibernate.SQL@http-nio-8080-exec-3] select artefact0_.id as id1_0_, artefact0_.version as version2_0_, artefact0_.code as code1_5_, artefact0_.description as descript2_5_, artefact0_.inventor_id as invento10_5_, artefact0_.more_info as more_inf3_5_, artefact0_.name as name4_5_, artefact0_.published as publishe5_5_, artefact0_.retail_price_amount as retail_p6_5_, artefact0_.retail_price_currency as retail_p7_5_, artefact0_.technology as technolo8_5_, artefact0_.type as type9_5_ from artefact artefact0_ where artefact0_.id=? 
2022-06-01 00:14:16.193 TRACE [org.hibernate.type.descriptor.sql.BasicBinder@http-nio-8080-exec-3] binding parameter [1] as [INTEGER] - [33] 
2022-06-01 00:14:16.196 DEBUG [org.hibernate.SQL@http-nio-8080-exec-3] select systemconf0_.id as id1_0_, systemconf0_.version as version2_0_, systemconf0_.currencies as currenci1_15_, systemconf0_.currency as currency2_15_, systemconf0_.language_system as language3_15_, systemconf0_.strong_terms as strong_t4_15_, systemconf0_.strong_threshold as strong_t5_15_, systemconf0_.weak_terms as weak_ter6_15_, systemconf0_.weak_threshold as weak_thr7_15_ from system_configuration systemconf0_ 
2022-06-01 00:14:16.200 DEBUG [org.hibernate.SQL@http-nio-8080-exec-3] select systemconf0_.id as id1_0_, systemconf0_.version as version2_0_, systemconf0_.currencies as currenci1_15_, systemconf0_.currency as currency2_15_, systemconf0_.language_system as language3_15_, systemconf0_.strong_terms as strong_t4_15_, systemconf0_.strong_threshold as strong_t5_15_, systemconf0_.weak_terms as weak_ter6_15_, systemconf0_.weak_threshold as weak_thr7_15_ from system_configuration systemconf0_ 
2022-06-01 00:14:16.201 DEBUG [acme.framework.controllers.AbstractController@http-nio-8080-exec-3] Committing transaction 47f03609-c95b-48dd-b368-cb98a8f8057f 
2022-06-01 00:14:16.208 DEBUG [acme.framework.controllers.AbstractController@http-nio-8080-exec-3] Starting transaction 908b2187-228b-44de-a09b-4870974dbf32 
2022-06-01 00:14:16.208 DEBUG [acme.framework.controllers.AbstractController@http-nio-8080-exec-3] Committing transaction 908b2187-228b-44de-a09b-4870974dbf32 
2022-06-01 00:14:16.209 DEBUG [acme.framework.controllers.AbstractController@http-nio-8080-exec-3] SERVING GET /acme-toolkits-0.1/inventor/artefact/show 
2022-06-01 00:14:16.209 DEBUG [acme.framework.controllers.AbstractController@http-nio-8080-exec-3] Result: ModelAndView [view="inventor/artefact/form"; model={code=ABC-012-D, name=name04, moneyExchange=<<EUR 10.00>>, description=description04, technology=technology04, published=true, id=33, type=TOOL, retailPrice=<<EUR 10.00>>, moreInfo=null, version=0, command=show, principal=acme.framework.entities.Principal@5488f95}] 
2022-06-01 00:14:16.210 DEBUG [acme.framework.components.tiles.DynamicTilesView@http-nio-8080-exec-3] View name 'inventor/artefact/form', model {code=ABC-012-D, name=name04, moneyExchange=<<EUR 10.00>>, description=description04, technology=technology04, published=true, id=33, type=TOOL, retailPrice=<<EUR 10.00>>, moreInfo=null, version=0, command=show, principal=acme.framework.entities.Principal@5488f95, org.springframework.validation.BindingResult.moneyExchange=org.springframework.validation.BeanPropertyBindingResult: 0 errors, org.springframework.validation.BindingResult.retailPrice=org.springframework.validation.BeanPropertyBindingResult: 0 errors, org.springframework.validation.BindingResult.principal=org.springframework.validation.BeanPropertyBindingResult: 0 errors} 
2022-06-01 00:14:16.211 DEBUG [org.apache.jasper.servlet.JspServlet@http-nio-8080-exec-3] JspEngine --> /WEB-INF/views/master/page.jsp 
2022-06-01 00:14:16.211 DEBUG [org.apache.jasper.servlet.JspServlet@http-nio-8080-exec-3] ServletPath: /WEB-INF/views/master/page.jsp 
2022-06-01 00:14:16.212 DEBUG [org.apache.jasper.servlet.JspServlet@http-nio-8080-exec-3] PathInfo: null 
2022-06-01 00:14:16.213 DEBUG [org.apache.jasper.servlet.JspServlet@http-nio-8080-exec-3] RealPath: C:\Users\alvar\Desktop\Universidad\DP2\Workspace-22.0\Projects\controlcheck\target\classes\WEB-INF\views\master\page.jsp 
2022-06-01 00:14:16.214 DEBUG [org.apache.jasper.servlet.JspServlet@http-nio-8080-exec-3] RequestURI: /acme-toolkits-0.1/WEB-INF/views/master/page.jsp 
2022-06-01 00:14:16.214 DEBUG [org.apache.jasper.servlet.JspServlet@http-nio-8080-exec-3] QueryString: id=33 
2022-06-01 00:14:16.338 DEBUG [org.apache.jasper.servlet.JspServlet@http-nio-8080-exec-3] JspEngine --> /WEB-INF/views/inventor/artefact/form.jsp 
2022-06-01 00:14:16.339 DEBUG [org.apache.jasper.servlet.JspServlet@http-nio-8080-exec-3] ServletPath: /WEB-INF/views/master/page.jsp 
2022-06-01 00:14:16.339 DEBUG [org.apache.jasper.servlet.JspServlet@http-nio-8080-exec-3] PathInfo: null 
2022-06-01 00:14:16.341 DEBUG [org.apache.jasper.servlet.JspServlet@http-nio-8080-exec-3] RealPath: C:\Users\alvar\Desktop\Universidad\DP2\Workspace-22.0\Projects\controlcheck\target\classes\WEB-INF\views\inventor\artefact\form.jsp 
2022-06-01 00:14:16.341 DEBUG [org.apache.jasper.servlet.JspServlet@http-nio-8080-exec-3] RequestURI: /acme-toolkits-0.1/WEB-INF/views/master/page.jsp 
2022-06-01 00:14:16.341 DEBUG [org.apache.jasper.servlet.JspServlet@http-nio-8080-exec-3] QueryString: id=33 
2022-06-01 00:14:22.127 DEBUG [acme.framework.controllers.AbstractController@http-nio-8080-exec-6] DISPATCHING GET /acme-toolkits-0.1/inventor/chimpum/list-mine-chimpums 
2022-06-01 00:14:22.128 DEBUG [acme.framework.controllers.AbstractController@http-nio-8080-exec-6] Command: list-mine-chimpums 
2022-06-01 00:14:22.128 DEBUG [acme.framework.controllers.AbstractController@http-nio-8080-exec-6] Model:   {id=33} 
2022-06-01 00:14:22.128 DEBUG [acme.framework.controllers.AbstractController@http-nio-8080-exec-6] Locale:  en 
2022-06-01 00:14:22.128 DEBUG [acme.framework.controllers.AbstractController@http-nio-8080-exec-6] Starting transaction 486b92d4-43f6-4780-af34-0c6f945b7bc6 
2022-06-01 00:14:22.132 DEBUG [org.hibernate.SQL@http-nio-8080-exec-6] select inventor1_.id as id1_0_, inventor1_.version as version2_0_, inventor1_.user_account_id as user_acc1_18_, inventor1_.company as company1_10_, inventor1_.link as link2_10_, inventor1_.statement as statemen3_10_ from artefact artefact0_ inner join inventor inventor1_ on artefact0_.inventor_id=inventor1_.id where artefact0_.id=? 
2022-06-01 00:14:22.132 TRACE [org.hibernate.type.descriptor.sql.BasicBinder@http-nio-8080-exec-6] binding parameter [1] as [INTEGER] - [33] 
2022-06-01 00:14:22.134 DEBUG [org.hibernate.SQL@http-nio-8080-exec-6] select useraccoun0_.id as id1_0_0_, useraccoun0_.version as version2_0_0_, useraccoun0_.enabled as enabled1_17_0_, useraccoun0_.identity as identity2_17_0_, useraccoun0_.password as password3_17_0_, useraccoun0_.username as username4_17_0_ from user_account useraccoun0_ where useraccoun0_.id=? 
2022-06-01 00:14:22.134 TRACE [org.hibernate.type.descriptor.sql.BasicBinder@http-nio-8080-exec-6] binding parameter [1] as [INTEGER] - [13] 
2022-06-01 00:14:22.137 DEBUG [org.hibernate.SQL@http-nio-8080-exec-6] select distinct chimpum0_.id as id1_0_, chimpum0_.version as version2_0_, chimpum0_.artefact_id as artefact9_7_, chimpum0_.budget_amount as budget_a1_7_, chimpum0_.budget_currency as budget_c2_7_, chimpum0_.code as code3_7_, chimpum0_.creation_moment as creation4_7_, chimpum0_.description as descript5_7_, chimpum0_.final_period as final_pe6_7_, chimpum0_.init_period as init_per7_7_, chimpum0_.inventor_id as invento10_7_, chimpum0_.link as link8_7_ from chimpum chimpum0_ inner join artefact artefact1_ on (chimpum0_.artefact_id=artefact1_.id) inner join inventor inventor2_ on (inventor2_.id=artefact1_.inventor_id) where chimpum0_.artefact_id=? and inventor2_.id=? 
2022-06-01 00:14:22.137 TRACE [org.hibernate.type.descriptor.sql.BasicBinder@http-nio-8080-exec-6] binding parameter [1] as [INTEGER] - [33] 
2022-06-01 00:14:22.137 TRACE [org.hibernate.type.descriptor.sql.BasicBinder@http-nio-8080-exec-6] binding parameter [2] as [INTEGER] - [18] 
2022-06-01 00:14:22.141 DEBUG [org.hibernate.SQL@http-nio-8080-exec-6] select artefact0_.id as id1_0_0_, artefact0_.version as version2_0_0_, artefact0_.code as code1_5_0_, artefact0_.description as descript2_5_0_, artefact0_.inventor_id as invento10_5_0_, artefact0_.more_info as more_inf3_5_0_, artefact0_.name as name4_5_0_, artefact0_.published as publishe5_5_0_, artefact0_.retail_price_amount as retail_p6_5_0_, artefact0_.retail_price_currency as retail_p7_5_0_, artefact0_.technology as technolo8_5_0_, artefact0_.type as type9_5_0_, inventor1_.id as id1_0_1_, inventor1_.version as version2_0_1_, inventor1_.user_account_id as user_acc1_18_1_, inventor1_.company as company1_10_1_, inventor1_.link as link2_10_1_, inventor1_.statement as statemen3_10_1_, useraccoun2_.id as id1_0_2_, useraccoun2_.version as version2_0_2_, useraccoun2_.enabled as enabled1_17_2_, useraccoun2_.identity as identity2_17_2_, useraccoun2_.password as password3_17_2_, useraccoun2_.username as username4_17_2_ from artefact artefact0_ inner join inventor inventor1_ on artefact0_.inventor_id=inventor1_.id inner join user_account useraccoun2_ on inventor1_.user_account_id=useraccoun2_.id where artefact0_.id=? 
2022-06-01 00:14:22.142 TRACE [org.hibernate.type.descriptor.sql.BasicBinder@http-nio-8080-exec-6] binding parameter [1] as [INTEGER] - [33] 
2022-06-01 00:14:22.156 DEBUG [acme.framework.controllers.AbstractController@http-nio-8080-exec-6] Committing transaction 486b92d4-43f6-4780-af34-0c6f945b7bc6 
2022-06-01 00:14:22.158 DEBUG [acme.framework.controllers.AbstractController@http-nio-8080-exec-6] Starting transaction 1eec931e-29d1-4be3-a12c-a4d19aec51a4 
2022-06-01 00:14:22.159 DEBUG [acme.framework.controllers.AbstractController@http-nio-8080-exec-6] Committing transaction 1eec931e-29d1-4be3-a12c-a4d19aec51a4 
2022-06-01 00:14:22.162 DEBUG [acme.framework.controllers.AbstractController@http-nio-8080-exec-6] SERVING GET /acme-toolkits-0.1/inventor/chimpum/list-mine-chimpums 
2022-06-01 00:14:22.162 DEBUG [acme.framework.controllers.AbstractController@http-nio-8080-exec-6] Result: ModelAndView [view="inventor/chimpum/list"; model={budget[0]=<<EUR 6.00>>, link[0]=null, description[0]=descrption1, code[0]= Pattern2, version[0]=0, initPeriod[0]=2022-04-20 00:00:00.0, id[0]=63, finalPeriod[0]=2022-04-27 00:00:00.0, list$size=1, command=list-mine-chimpums, principal=acme.framework.entities.Principal@5488f95}] 
2022-06-01 00:14:22.163 DEBUG [acme.framework.components.tiles.DynamicTilesView@http-nio-8080-exec-6] View name 'inventor/chimpum/list', model {budget[0]=<<EUR 6.00>>, link[0]=null, description[0]=descrption1, code[0]= Pattern2, version[0]=0, initPeriod[0]=2022-04-20 00:00:00.0, id[0]=63, finalPeriod[0]=2022-04-27 00:00:00.0, list$size=1, command=list-mine-chimpums, principal=acme.framework.entities.Principal@5488f95, org.springframework.validation.BindingResult.budget[0]=org.springframework.validation.BeanPropertyBindingResult: 0 errors, org.springframework.validation.BindingResult.principal=org.springframework.validation.BeanPropertyBindingResult: 0 errors} 
2022-06-01 00:14:22.164 DEBUG [org.apache.jasper.servlet.JspServlet@http-nio-8080-exec-6] JspEngine --> /WEB-INF/views/master/page.jsp 
2022-06-01 00:14:22.164 DEBUG [org.apache.jasper.servlet.JspServlet@http-nio-8080-exec-6] ServletPath: /WEB-INF/views/master/page.jsp 
2022-06-01 00:14:22.164 DEBUG [org.apache.jasper.servlet.JspServlet@http-nio-8080-exec-6] PathInfo: null 
2022-06-01 00:14:22.166 DEBUG [org.apache.jasper.servlet.JspServlet@http-nio-8080-exec-6] RealPath: C:\Users\alvar\Desktop\Universidad\DP2\Workspace-22.0\Projects\controlcheck\target\classes\WEB-INF\views\master\page.jsp 
2022-06-01 00:14:22.166 DEBUG [org.apache.jasper.servlet.JspServlet@http-nio-8080-exec-6] RequestURI: /acme-toolkits-0.1/WEB-INF/views/master/page.jsp 
2022-06-01 00:14:22.167 DEBUG [org.apache.jasper.servlet.JspServlet@http-nio-8080-exec-6] QueryString: id=33 
2022-06-01 00:14:22.298 DEBUG [org.apache.jasper.servlet.JspServlet@http-nio-8080-exec-6] JspEngine --> /WEB-INF/views/inventor/chimpum/list.jsp 
2022-06-01 00:14:22.299 DEBUG [org.apache.jasper.servlet.JspServlet@http-nio-8080-exec-6] ServletPath: /WEB-INF/views/master/page.jsp 
2022-06-01 00:14:22.300 DEBUG [org.apache.jasper.servlet.JspServlet@http-nio-8080-exec-6] PathInfo: null 
2022-06-01 00:14:22.301 DEBUG [org.apache.jasper.servlet.JspServlet@http-nio-8080-exec-6] RealPath: C:\Users\alvar\Desktop\Universidad\DP2\Workspace-22.0\Projects\controlcheck\target\classes\WEB-INF\views\inventor\chimpum\list.jsp 
2022-06-01 00:14:22.301 DEBUG [org.apache.jasper.servlet.JspServlet@http-nio-8080-exec-6] RequestURI: /acme-toolkits-0.1/WEB-INF/views/master/page.jsp 
2022-06-01 00:14:22.302 DEBUG [org.apache.jasper.servlet.JspServlet@http-nio-8080-exec-6] QueryString: id=33 
2022-06-01 00:14:23.840 DEBUG [acme.framework.controllers.AbstractController@http-nio-8080-exec-8] DISPATCHING GET /acme-toolkits-0.1/inventor/chimpum/show 
2022-06-01 00:14:23.840 DEBUG [acme.framework.controllers.AbstractController@http-nio-8080-exec-8] Command: show 
2022-06-01 00:14:23.840 DEBUG [acme.framework.controllers.AbstractController@http-nio-8080-exec-8] Model:   {id=63} 
2022-06-01 00:14:23.840 DEBUG [acme.framework.controllers.AbstractController@http-nio-8080-exec-8] Locale:  en 
2022-06-01 00:14:23.840 DEBUG [acme.framework.controllers.AbstractController@http-nio-8080-exec-8] Starting transaction 62c274e1-e775-4e6d-9854-cef0b6a9b85f 
2022-06-01 00:14:23.843 DEBUG [org.hibernate.SQL@http-nio-8080-exec-8] select inventor2_.id as id1_0_, inventor2_.version as version2_0_, inventor2_.user_account_id as user_acc1_18_, inventor2_.company as company1_10_, inventor2_.link as link2_10_, inventor2_.statement as statemen3_10_ from chimpum chimpum0_ inner join artefact artefact1_ on (chimpum0_.artefact_id=artefact1_.id) inner join inventor inventor2_ on artefact1_.inventor_id=inventor2_.id where chimpum0_.id=? 
2022-06-01 00:14:23.844 TRACE [org.hibernate.type.descriptor.sql.BasicBinder@http-nio-8080-exec-8] binding parameter [1] as [INTEGER] - [63] 
2022-06-01 00:14:23.847 DEBUG [org.hibernate.SQL@http-nio-8080-exec-8] select useraccoun0_.id as id1_0_0_, useraccoun0_.version as version2_0_0_, useraccoun0_.enabled as enabled1_17_0_, useraccoun0_.identity as identity2_17_0_, useraccoun0_.password as password3_17_0_, useraccoun0_.username as username4_17_0_ from user_account useraccoun0_ where useraccoun0_.id=? 
2022-06-01 00:14:23.848 TRACE [org.hibernate.type.descriptor.sql.BasicBinder@http-nio-8080-exec-8] binding parameter [1] as [INTEGER] - [13] 
2022-06-01 00:14:23.866 DEBUG [org.hibernate.SQL@http-nio-8080-exec-8] select chimpum0_.id as id1_0_, chimpum0_.version as version2_0_, chimpum0_.artefact_id as artefact9_7_, chimpum0_.budget_amount as budget_a1_7_, chimpum0_.budget_currency as budget_c2_7_, chimpum0_.code as code3_7_, chimpum0_.creation_moment as creation4_7_, chimpum0_.description as descript5_7_, chimpum0_.final_period as final_pe6_7_, chimpum0_.init_period as init_per7_7_, chimpum0_.inventor_id as invento10_7_, chimpum0_.link as link8_7_ from chimpum chimpum0_ where chimpum0_.id=? 
2022-06-01 00:14:23.867 TRACE [org.hibernate.type.descriptor.sql.BasicBinder@http-nio-8080-exec-8] binding parameter [1] as [INTEGER] - [63] 
2022-06-01 00:14:23.872 DEBUG [org.hibernate.SQL@http-nio-8080-exec-8] select artefact0_.id as id1_0_0_, artefact0_.version as version2_0_0_, artefact0_.code as code1_5_0_, artefact0_.description as descript2_5_0_, artefact0_.inventor_id as invento10_5_0_, artefact0_.more_info as more_inf3_5_0_, artefact0_.name as name4_5_0_, artefact0_.published as publishe5_5_0_, artefact0_.retail_price_amount as retail_p6_5_0_, artefact0_.retail_price_currency as retail_p7_5_0_, artefact0_.technology as technolo8_5_0_, artefact0_.type as type9_5_0_, inventor1_.id as id1_0_1_, inventor1_.version as version2_0_1_, inventor1_.user_account_id as user_acc1_18_1_, inventor1_.company as company1_10_1_, inventor1_.link as link2_10_1_, inventor1_.statement as statemen3_10_1_, useraccoun2_.id as id1_0_2_, useraccoun2_.version as version2_0_2_, useraccoun2_.enabled as enabled1_17_2_, useraccoun2_.identity as identity2_17_2_, useraccoun2_.password as password3_17_2_, useraccoun2_.username as username4_17_2_ from artefact artefact0_ inner join inventor inventor1_ on artefact0_.inventor_id=inventor1_.id inner join user_account useraccoun2_ on inventor1_.user_account_id=useraccoun2_.id where artefact0_.id=? 
2022-06-01 00:14:23.873 TRACE [org.hibernate.type.descriptor.sql.BasicBinder@http-nio-8080-exec-8] binding parameter [1] as [INTEGER] - [33] 
2022-06-01 00:14:23.880 DEBUG [org.hibernate.SQL@http-nio-8080-exec-8] select systemconf0_.id as id1_0_, systemconf0_.version as version2_0_, systemconf0_.currencies as currenci1_15_, systemconf0_.currency as currency2_15_, systemconf0_.language_system as language3_15_, systemconf0_.strong_terms as strong_t4_15_, systemconf0_.strong_threshold as strong_t5_15_, systemconf0_.weak_terms as weak_ter6_15_, systemconf0_.weak_threshold as weak_thr7_15_ from system_configuration systemconf0_ 
2022-06-01 00:14:23.884 DEBUG [org.hibernate.SQL@http-nio-8080-exec-8] select systemconf0_.id as id1_0_, systemconf0_.version as version2_0_, systemconf0_.currencies as currenci1_15_, systemconf0_.currency as currency2_15_, systemconf0_.language_system as language3_15_, systemconf0_.strong_terms as strong_t4_15_, systemconf0_.strong_threshold as strong_t5_15_, systemconf0_.weak_terms as weak_ter6_15_, systemconf0_.weak_threshold as weak_thr7_15_ from system_configuration systemconf0_ 
2022-06-01 00:14:23.886 DEBUG [acme.framework.controllers.AbstractController@http-nio-8080-exec-8] Committing transaction 62c274e1-e775-4e6d-9854-cef0b6a9b85f 
2022-06-01 00:14:23.887 DEBUG [acme.framework.controllers.AbstractController@http-nio-8080-exec-8] Starting transaction e08a7892-6281-416a-8beb-6b2a4fdeb409 
2022-06-01 00:14:23.887 DEBUG [acme.framework.controllers.AbstractController@http-nio-8080-exec-8] Committing transaction e08a7892-6281-416a-8beb-6b2a4fdeb409 
2022-06-01 00:14:23.888 DEBUG [acme.framework.controllers.AbstractController@http-nio-8080-exec-8] SERVING GET /acme-toolkits-0.1/inventor/chimpum/show 
2022-06-01 00:14:23.888 DEBUG [acme.framework.controllers.AbstractController@http-nio-8080-exec-8] Result: ModelAndView [view="inventor/chimpum/form"; model={code= Pattern2, finalPeriod=2022-04-27 00:00:00.0, creationMoment=2022-03-19 00:00:00.0, link=null, moneyExchange=<<EUR 6.00>>, description=descrption1, chimpumId=63, id=63, initPeriod=2022-04-20 00:00:00.0, version=0, budget=<<EUR 6.00>>, command=show, principal=acme.framework.entities.Principal@5488f95}] 
2022-06-01 00:14:23.890 DEBUG [acme.framework.components.tiles.DynamicTilesView@http-nio-8080-exec-8] View name 'inventor/chimpum/form', model {code= Pattern2, finalPeriod=2022-04-27 00:00:00.0, creationMoment=2022-03-19 00:00:00.0, link=null, moneyExchange=<<EUR 6.00>>, description=descrption1, chimpumId=63, id=63, initPeriod=2022-04-20 00:00:00.0, version=0, budget=<<EUR 6.00>>, command=show, principal=acme.framework.entities.Principal@5488f95, org.springframework.validation.BindingResult.moneyExchange=org.springframework.validation.BeanPropertyBindingResult: 0 errors, org.springframework.validation.BindingResult.budget=org.springframework.validation.BeanPropertyBindingResult: 0 errors, org.springframework.validation.BindingResult.principal=org.springframework.validation.BeanPropertyBindingResult: 0 errors} 
2022-06-01 00:14:23.891 DEBUG [org.apache.jasper.servlet.JspServlet@http-nio-8080-exec-8] JspEngine --> /WEB-INF/views/master/page.jsp 
2022-06-01 00:14:23.893 DEBUG [org.apache.jasper.servlet.JspServlet@http-nio-8080-exec-8] ServletPath: /WEB-INF/views/master/page.jsp 
2022-06-01 00:14:23.894 DEBUG [org.apache.jasper.servlet.JspServlet@http-nio-8080-exec-8] PathInfo: null 
2022-06-01 00:14:23.896 DEBUG [org.apache.jasper.servlet.JspServlet@http-nio-8080-exec-8] RealPath: C:\Users\alvar\Desktop\Universidad\DP2\Workspace-22.0\Projects\controlcheck\target\classes\WEB-INF\views\master\page.jsp 
2022-06-01 00:14:23.896 DEBUG [org.apache.jasper.servlet.JspServlet@http-nio-8080-exec-8] RequestURI: /acme-toolkits-0.1/WEB-INF/views/master/page.jsp 
2022-06-01 00:14:23.896 DEBUG [org.apache.jasper.servlet.JspServlet@http-nio-8080-exec-8] QueryString: id=63 
2022-06-01 00:14:24.042 DEBUG [org.apache.jasper.servlet.JspServlet@http-nio-8080-exec-8] JspEngine --> /WEB-INF/views/inventor/chimpum/form.jsp 
2022-06-01 00:14:24.043 DEBUG [org.apache.jasper.servlet.JspServlet@http-nio-8080-exec-8] ServletPath: /WEB-INF/views/master/page.jsp 
2022-06-01 00:14:24.043 DEBUG [org.apache.jasper.servlet.JspServlet@http-nio-8080-exec-8] PathInfo: null 
2022-06-01 00:14:24.045 DEBUG [org.apache.jasper.servlet.JspServlet@http-nio-8080-exec-8] RealPath: C:\Users\alvar\Desktop\Universidad\DP2\Workspace-22.0\Projects\controlcheck\target\classes\WEB-INF\views\inventor\chimpum\form.jsp 
2022-06-01 00:14:24.045 DEBUG [org.apache.jasper.servlet.JspServlet@http-nio-8080-exec-8] RequestURI: /acme-toolkits-0.1/WEB-INF/views/master/page.jsp 
2022-06-01 00:14:24.046 DEBUG [org.apache.jasper.servlet.JspServlet@http-nio-8080-exec-8] QueryString: id=63 
2022-06-01 00:14:26.206 DEBUG [acme.framework.controllers.AbstractController@http-nio-8080-exec-7] DISPATCHING GET /acme-toolkits-0.1/inventor/chimpum/update 
2022-06-01 00:14:26.206 DEBUG [acme.framework.controllers.AbstractController@http-nio-8080-exec-7] Command: update 
2022-06-01 00:14:26.207 DEBUG [acme.framework.controllers.AbstractController@http-nio-8080-exec-7] Model:   {id=63} 
2022-06-01 00:14:26.207 DEBUG [acme.framework.controllers.AbstractController@http-nio-8080-exec-7] Locale:  en 
2022-06-01 00:14:26.207 DEBUG [acme.framework.controllers.AbstractController@http-nio-8080-exec-7] Starting transaction c94c5714-bc78-4463-825a-46b052a03c28 
2022-06-01 00:14:26.211 DEBUG [org.hibernate.SQL@http-nio-8080-exec-7] select inventor2_.id as id1_0_, inventor2_.version as version2_0_, inventor2_.user_account_id as user_acc1_18_, inventor2_.company as company1_10_, inventor2_.link as link2_10_, inventor2_.statement as statemen3_10_ from chimpum chimpum0_ inner join artefact artefact1_ on (chimpum0_.artefact_id=artefact1_.id) inner join inventor inventor2_ on artefact1_.inventor_id=inventor2_.id where chimpum0_.id=? 
2022-06-01 00:14:26.214 TRACE [org.hibernate.type.descriptor.sql.BasicBinder@http-nio-8080-exec-7] binding parameter [1] as [INTEGER] - [63] 
2022-06-01 00:14:26.215 DEBUG [org.hibernate.SQL@http-nio-8080-exec-7] select useraccoun0_.id as id1_0_0_, useraccoun0_.version as version2_0_0_, useraccoun0_.enabled as enabled1_17_0_, useraccoun0_.identity as identity2_17_0_, useraccoun0_.password as password3_17_0_, useraccoun0_.username as username4_17_0_ from user_account useraccoun0_ where useraccoun0_.id=? 
2022-06-01 00:14:26.216 TRACE [org.hibernate.type.descriptor.sql.BasicBinder@http-nio-8080-exec-7] binding parameter [1] as [INTEGER] - [13] 
2022-06-01 00:14:26.218 DEBUG [org.hibernate.SQL@http-nio-8080-exec-7] select chimpum0_.id as id1_0_, chimpum0_.version as version2_0_, chimpum0_.artefact_id as artefact9_7_, chimpum0_.budget_amount as budget_a1_7_, chimpum0_.budget_currency as budget_c2_7_, chimpum0_.code as code3_7_, chimpum0_.creation_moment as creation4_7_, chimpum0_.description as descript5_7_, chimpum0_.final_period as final_pe6_7_, chimpum0_.init_period as init_per7_7_, chimpum0_.inventor_id as invento10_7_, chimpum0_.link as link8_7_ from chimpum chimpum0_ where chimpum0_.id=? 
2022-06-01 00:14:26.219 TRACE [org.hibernate.type.descriptor.sql.BasicBinder@http-nio-8080-exec-7] binding parameter [1] as [INTEGER] - [63] 
2022-06-01 00:14:26.220 DEBUG [org.hibernate.SQL@http-nio-8080-exec-7] select artefact0_.id as id1_0_0_, artefact0_.version as version2_0_0_, artefact0_.code as code1_5_0_, artefact0_.description as descript2_5_0_, artefact0_.inventor_id as invento10_5_0_, artefact0_.more_info as more_inf3_5_0_, artefact0_.name as name4_5_0_, artefact0_.published as publishe5_5_0_, artefact0_.retail_price_amount as retail_p6_5_0_, artefact0_.retail_price_currency as retail_p7_5_0_, artefact0_.technology as technolo8_5_0_, artefact0_.type as type9_5_0_, inventor1_.id as id1_0_1_, inventor1_.version as version2_0_1_, inventor1_.user_account_id as user_acc1_18_1_, inventor1_.company as company1_10_1_, inventor1_.link as link2_10_1_, inventor1_.statement as statemen3_10_1_, useraccoun2_.id as id1_0_2_, useraccoun2_.version as version2_0_2_, useraccoun2_.enabled as enabled1_17_2_, useraccoun2_.identity as identity2_17_2_, useraccoun2_.password as password3_17_2_, useraccoun2_.username as username4_17_2_ from artefact artefact0_ inner join inventor inventor1_ on artefact0_.inventor_id=inventor1_.id inner join user_account useraccoun2_ on inventor1_.user_account_id=useraccoun2_.id where artefact0_.id=? 
2022-06-01 00:14:26.222 TRACE [org.hibernate.type.descriptor.sql.BasicBinder@http-nio-8080-exec-7] binding parameter [1] as [INTEGER] - [33] 
2022-06-01 00:14:26.226 DEBUG [acme.framework.controllers.AbstractController@http-nio-8080-exec-7] Committing transaction c94c5714-bc78-4463-825a-46b052a03c28 
2022-06-01 00:14:26.227 DEBUG [acme.framework.controllers.AbstractController@http-nio-8080-exec-7] Starting transaction 81d02a72-d9e2-4fb8-8edd-445dfa67b127 
2022-06-01 00:14:26.227 DEBUG [acme.framework.controllers.AbstractController@http-nio-8080-exec-7] Committing transaction 81d02a72-d9e2-4fb8-8edd-445dfa67b127 
2022-06-01 00:14:26.229 DEBUG [acme.framework.controllers.AbstractController@http-nio-8080-exec-7] SERVING GET /acme-toolkits-0.1/inventor/chimpum/update 
2022-06-01 00:14:26.230 DEBUG [acme.framework.controllers.AbstractController@http-nio-8080-exec-7] Result: ModelAndView [view="inventor/chimpum/form"; model={code= Pattern2, finalPeriod=2022-04-27 00:00:00.0, link=null, description=descrption1, id=63, initPeriod=2022-04-20 00:00:00.0, version=0, budget=<<EUR 6.00>>, command=update, principal=acme.framework.entities.Principal@5488f95}] 
2022-06-01 00:14:26.232 DEBUG [acme.framework.components.tiles.DynamicTilesView@http-nio-8080-exec-7] View name 'inventor/chimpum/form', model {code= Pattern2, finalPeriod=2022-04-27 00:00:00.0, link=null, description=descrption1, id=63, initPeriod=2022-04-20 00:00:00.0, version=0, budget=<<EUR 6.00>>, command=update, principal=acme.framework.entities.Principal@5488f95, org.springframework.validation.BindingResult.budget=org.springframework.validation.BeanPropertyBindingResult: 0 errors, org.springframework.validation.BindingResult.principal=org.springframework.validation.BeanPropertyBindingResult: 0 errors} 
2022-06-01 00:14:26.234 DEBUG [org.apache.jasper.servlet.JspServlet@http-nio-8080-exec-7] JspEngine --> /WEB-INF/views/master/page.jsp 
2022-06-01 00:14:26.236 DEBUG [org.apache.jasper.servlet.JspServlet@http-nio-8080-exec-7] ServletPath: /WEB-INF/views/master/page.jsp 
2022-06-01 00:14:26.237 DEBUG [org.apache.jasper.servlet.JspServlet@http-nio-8080-exec-7] PathInfo: null 
2022-06-01 00:14:26.239 DEBUG [org.apache.jasper.servlet.JspServlet@http-nio-8080-exec-7] RealPath: C:\Users\alvar\Desktop\Universidad\DP2\Workspace-22.0\Projects\controlcheck\target\classes\WEB-INF\views\master\page.jsp 
2022-06-01 00:14:26.240 DEBUG [org.apache.jasper.servlet.JspServlet@http-nio-8080-exec-7] RequestURI: /acme-toolkits-0.1/WEB-INF/views/master/page.jsp 
2022-06-01 00:14:26.241 DEBUG [org.apache.jasper.servlet.JspServlet@http-nio-8080-exec-7] QueryString: id=63 
2022-06-01 00:14:26.366 DEBUG [org.apache.jasper.servlet.JspServlet@http-nio-8080-exec-7] JspEngine --> /WEB-INF/views/inventor/chimpum/form.jsp 
2022-06-01 00:14:26.366 DEBUG [org.apache.jasper.servlet.JspServlet@http-nio-8080-exec-7] ServletPath: /WEB-INF/views/master/page.jsp 
2022-06-01 00:14:26.367 DEBUG [org.apache.jasper.servlet.JspServlet@http-nio-8080-exec-7] PathInfo: null 
2022-06-01 00:14:26.368 DEBUG [org.apache.jasper.servlet.JspServlet@http-nio-8080-exec-7] RealPath: C:\Users\alvar\Desktop\Universidad\DP2\Workspace-22.0\Projects\controlcheck\target\classes\WEB-INF\views\inventor\chimpum\form.jsp 
2022-06-01 00:14:26.368 DEBUG [org.apache.jasper.servlet.JspServlet@http-nio-8080-exec-7] RequestURI: /acme-toolkits-0.1/WEB-INF/views/master/page.jsp 
2022-06-01 00:14:26.368 DEBUG [org.apache.jasper.servlet.JspServlet@http-nio-8080-exec-7] QueryString: id=63 
