2022-06-01 01:25:46.402 INFO  [acme.Launcher@main] Starting Launcher using Java 1.8.0_281 on LAPTOP-L7N9OOJG with PID 11908 (C:\Users\ramon\OneDrive\Escritorio\Workspace-22.0\Frameworks\Acme-Framework-22.7\target\classes started by ramon in C:\Users\ramon\git\controlcheck) 
2022-06-01 01:25:46.404 DEBUG [acme.Launcher@main] Running with Spring Boot v2.4.2, Spring v5.3.3 
2022-06-01 01:25:46.405 INFO  [acme.Launcher@main] The following profiles are active: development,default 
2022-06-01 01:25:49.625 DEBUG [org.apache.jasper.servlet.JasperInitializer@main] Initializing Jasper for context [application] 
2022-06-01 01:25:55.201 DEBUG [org.apache.jasper.servlet.JspServlet@main] Scratch dir for the JSP engine is: [C:\Users\ramon\AppData\Local\Temp\tomcat.8080.4419036274268703324\work\Tomcat\localhost\acme-toolkits-0.1] 
2022-06-01 01:25:55.201 DEBUG [org.apache.jasper.servlet.JspServlet@main] IMPORTANT: Do not modify the generated servlets 
2022-06-01 01:25:55.209 INFO  [acme.Launcher@main] Started Launcher in 9.431 seconds (JVM running for 9.972) 
2022-06-01 01:25:55.214 DEBUG [acme.Launcher@main] Found classpath entry '/C:/Users/ramon/git/controlcheck/target/test-classes/' 
2022-06-01 01:25:55.215 DEBUG [acme.Launcher@main] Found classpath entry '/C:/Users/ramon/git/controlcheck/target/classes/' 
2022-06-01 01:25:55.215 DEBUG [acme.Launcher@main] Found classpath entry '/C:/Users/ramon/git/controlcheck/spam_detector.jar' 
2022-06-01 01:25:55.215 DEBUG [acme.Launcher@main] Found classpath entry '/C:/Users/ramon/OneDrive/Escritorio/Workspace-22.0/Frameworks/Acme-Framework-22.7/target/classes/' 
2022-06-01 01:25:55.215 DEBUG [acme.Launcher@main] Found classpath entry '/C:/Users/ramon/OneDrive/Escritorio/Workspace-22.0/Frameworks/Acme-Framework-22.7/target/test-classes/' 
2022-06-01 01:25:55.215 DEBUG [acme.Launcher@main] Found classpath entry '/C:/Users/ramon/.m2/repository/org/springframework/boot/spring-boot-starter-tomcat/2.4.2/spring-boot-starter-tomcat-2.4.2.jar' 
2022-06-01 01:25:55.216 DEBUG [acme.Launcher@main] Found classpath entry '/C:/Users/ramon/.m2/repository/jakarta/annotation/jakarta.annotation-api/1.3.5/jakarta.annotation-api-1.3.5.jar' 
2022-06-01 01:25:55.216 DEBUG [acme.Launcher@main] Found classpath entry '/C:/Users/ramon/.m2/repository/org/apache/tomcat/embed/tomcat-embed-core/9.0.41/tomcat-embed-core-9.0.41.jar' 
2022-06-01 01:25:55.216 DEBUG [acme.Launcher@main] Found classpath entry '/C:/Users/ramon/.m2/repository/org/glassfish/jakarta.el/3.0.3/jakarta.el-3.0.3.jar' 
2022-06-01 01:25:55.216 DEBUG [acme.Launcher@main] Found classpath entry '/C:/Users/ramon/.m2/repository/org/apache/tomcat/embed/tomcat-embed-websocket/9.0.41/tomcat-embed-websocket-9.0.41.jar' 
2022-06-01 01:25:55.216 DEBUG [acme.Launcher@main] Found classpath entry '/C:/Users/ramon/.m2/repository/org/apache/tomcat/embed/tomcat-embed-jasper/9.0.41/tomcat-embed-jasper-9.0.41.jar' 
2022-06-01 01:25:55.217 DEBUG [acme.Launcher@main] Found classpath entry '/C:/Users/ramon/.m2/repository/org/apache/tomcat/embed/tomcat-embed-el/9.0.41/tomcat-embed-el-9.0.41.jar' 
2022-06-01 01:25:55.217 DEBUG [acme.Launcher@main] Found classpath entry '/C:/Users/ramon/.m2/repository/org/eclipse/jdt/ecj/3.18.0/ecj-3.18.0.jar' 
2022-06-01 01:25:55.217 DEBUG [acme.Launcher@main] Found classpath entry '/C:/Users/ramon/.m2/repository/javax/servlet/jstl/1.2/jstl-1.2.jar' 
2022-06-01 01:25:55.217 DEBUG [acme.Launcher@main] Found classpath entry '/C:/Users/ramon/.m2/repository/org/springframework/boot/spring-boot-starter-security/2.4.2/spring-boot-starter-security-2.4.2.jar' 
2022-06-01 01:25:55.217 DEBUG [acme.Launcher@main] Found classpath entry '/C:/Users/ramon/.m2/repository/org/springframework/boot/spring-boot-starter/2.4.2/spring-boot-starter-2.4.2.jar' 
2022-06-01 01:25:55.217 DEBUG [acme.Launcher@main] Found classpath entry '/C:/Users/ramon/.m2/repository/org/springframework/boot/spring-boot/2.4.2/spring-boot-2.4.2.jar' 
2022-06-01 01:25:55.217 DEBUG [acme.Launcher@main] Found classpath entry '/C:/Users/ramon/.m2/repository/org/springframework/boot/spring-boot-autoconfigure/2.4.2/spring-boot-autoconfigure-2.4.2.jar' 
2022-06-01 01:25:55.218 DEBUG [acme.Launcher@main] Found classpath entry '/C:/Users/ramon/.m2/repository/org/springframework/boot/spring-boot-starter-logging/2.4.2/spring-boot-starter-logging-2.4.2.jar' 
2022-06-01 01:25:55.218 DEBUG [acme.Launcher@main] Found classpath entry '/C:/Users/ramon/.m2/repository/ch/qos/logback/logback-classic/1.2.3/logback-classic-1.2.3.jar' 
2022-06-01 01:25:55.218 DEBUG [acme.Launcher@main] Found classpath entry '/C:/Users/ramon/.m2/repository/ch/qos/logback/logback-core/1.2.3/logback-core-1.2.3.jar' 
2022-06-01 01:25:55.218 DEBUG [acme.Launcher@main] Found classpath entry '/C:/Users/ramon/.m2/repository/org/apache/logging/log4j/log4j-to-slf4j/2.13.3/log4j-to-slf4j-2.13.3.jar' 
2022-06-01 01:25:55.218 DEBUG [acme.Launcher@main] Found classpath entry '/C:/Users/ramon/.m2/repository/org/apache/logging/log4j/log4j-api/2.13.3/log4j-api-2.13.3.jar' 
2022-06-01 01:25:55.218 DEBUG [acme.Launcher@main] Found classpath entry '/C:/Users/ramon/.m2/repository/org/slf4j/jul-to-slf4j/1.7.30/jul-to-slf4j-1.7.30.jar' 
2022-06-01 01:25:55.219 DEBUG [acme.Launcher@main] Found classpath entry '/C:/Users/ramon/.m2/repository/org/yaml/snakeyaml/1.27/snakeyaml-1.27.jar' 
2022-06-01 01:25:55.219 DEBUG [acme.Launcher@main] Found classpath entry '/C:/Users/ramon/.m2/repository/org/springframework/spring-aop/5.3.3/spring-aop-5.3.3.jar' 
2022-06-01 01:25:55.219 DEBUG [acme.Launcher@main] Found classpath entry '/C:/Users/ramon/.m2/repository/org/springframework/security/spring-security-web/5.4.2/spring-security-web-5.4.2.jar' 
2022-06-01 01:25:55.219 DEBUG [acme.Launcher@main] Found classpath entry '/C:/Users/ramon/.m2/repository/org/springframework/security/spring-security-core/5.4.2/spring-security-core-5.4.2.jar' 
2022-06-01 01:25:55.219 DEBUG [acme.Launcher@main] Found classpath entry '/C:/Users/ramon/.m2/repository/org/springframework/spring-beans/5.3.3/spring-beans-5.3.3.jar' 
2022-06-01 01:25:55.219 DEBUG [acme.Launcher@main] Found classpath entry '/C:/Users/ramon/.m2/repository/org/springframework/spring-context/5.3.3/spring-context-5.3.3.jar' 
2022-06-01 01:25:55.219 DEBUG [acme.Launcher@main] Found classpath entry '/C:/Users/ramon/.m2/repository/org/springframework/spring-core/5.3.3/spring-core-5.3.3.jar' 
2022-06-01 01:25:55.220 DEBUG [acme.Launcher@main] Found classpath entry '/C:/Users/ramon/.m2/repository/org/springframework/spring-jcl/5.3.3/spring-jcl-5.3.3.jar' 
2022-06-01 01:25:55.221 DEBUG [acme.Launcher@main] Found classpath entry '/C:/Users/ramon/.m2/repository/org/springframework/spring-expression/5.3.3/spring-expression-5.3.3.jar' 
2022-06-01 01:25:55.222 DEBUG [acme.Launcher@main] Found classpath entry '/C:/Users/ramon/.m2/repository/org/springframework/spring-web/5.3.3/spring-web-5.3.3.jar' 
2022-06-01 01:25:55.222 DEBUG [acme.Launcher@main] Found classpath entry '/C:/Users/ramon/.m2/repository/org/springframework/security/spring-security-config/5.4.2/spring-security-config-5.4.2.jar' 
2022-06-01 01:25:55.222 DEBUG [acme.Launcher@main] Found classpath entry '/C:/Users/ramon/.m2/repository/org/springframework/security/spring-security-taglibs/5.4.2/spring-security-taglibs-5.4.2.jar' 
2022-06-01 01:25:55.222 DEBUG [acme.Launcher@main] Found classpath entry '/C:/Users/ramon/.m2/repository/org/springframework/security/spring-security-acl/5.4.2/spring-security-acl-5.4.2.jar' 
2022-06-01 01:25:55.223 DEBUG [acme.Launcher@main] Found classpath entry '/C:/Users/ramon/.m2/repository/org/springframework/spring-jdbc/5.3.3/spring-jdbc-5.3.3.jar' 
2022-06-01 01:25:55.223 DEBUG [acme.Launcher@main] Found classpath entry '/C:/Users/ramon/.m2/repository/org/springframework/spring-tx/5.3.3/spring-tx-5.3.3.jar' 
2022-06-01 01:25:55.223 DEBUG [acme.Launcher@main] Found classpath entry '/C:/Users/ramon/.m2/repository/org/springframework/boot/spring-boot-starter-web/2.4.2/spring-boot-starter-web-2.4.2.jar' 
2022-06-01 01:25:55.223 DEBUG [acme.Launcher@main] Found classpath entry '/C:/Users/ramon/.m2/repository/org/springframework/boot/spring-boot-starter-json/2.4.2/spring-boot-starter-json-2.4.2.jar' 
2022-06-01 01:25:55.223 DEBUG [acme.Launcher@main] Found classpath entry '/C:/Users/ramon/.m2/repository/com/fasterxml/jackson/core/jackson-databind/2.11.4/jackson-databind-2.11.4.jar' 
2022-06-01 01:25:55.223 DEBUG [acme.Launcher@main] Found classpath entry '/C:/Users/ramon/.m2/repository/com/fasterxml/jackson/core/jackson-annotations/2.11.4/jackson-annotations-2.11.4.jar' 
2022-06-01 01:25:55.223 DEBUG [acme.Launcher@main] Found classpath entry '/C:/Users/ramon/.m2/repository/com/fasterxml/jackson/core/jackson-core/2.11.4/jackson-core-2.11.4.jar' 
2022-06-01 01:25:55.223 DEBUG [acme.Launcher@main] Found classpath entry '/C:/Users/ramon/.m2/repository/com/fasterxml/jackson/datatype/jackson-datatype-jdk8/2.11.4/jackson-datatype-jdk8-2.11.4.jar' 
2022-06-01 01:25:55.223 DEBUG [acme.Launcher@main] Found classpath entry '/C:/Users/ramon/.m2/repository/com/fasterxml/jackson/datatype/jackson-datatype-jsr310/2.11.4/jackson-datatype-jsr310-2.11.4.jar' 
2022-06-01 01:25:55.224 DEBUG [acme.Launcher@main] Found classpath entry '/C:/Users/ramon/.m2/repository/com/fasterxml/jackson/module/jackson-module-parameter-names/2.11.4/jackson-module-parameter-names-2.11.4.jar' 
2022-06-01 01:25:55.224 DEBUG [acme.Launcher@main] Found classpath entry '/C:/Users/ramon/.m2/repository/org/springframework/spring-webmvc/5.3.3/spring-webmvc-5.3.3.jar' 
2022-06-01 01:25:55.224 DEBUG [acme.Launcher@main] Found classpath entry '/C:/Users/ramon/.m2/repository/org/apache/tiles/tiles-jsp/3.0.8/tiles-jsp-3.0.8.jar' 
2022-06-01 01:25:55.224 DEBUG [acme.Launcher@main] Found classpath entry '/C:/Users/ramon/.m2/repository/org/apache/tiles/tiles-servlet/3.0.8/tiles-servlet-3.0.8.jar' 
2022-06-01 01:25:55.224 DEBUG [acme.Launcher@main] Found classpath entry '/C:/Users/ramon/.m2/repository/org/apache/tiles/tiles-core/3.0.8/tiles-core-3.0.8.jar' 
2022-06-01 01:25:55.224 DEBUG [acme.Launcher@main] Found classpath entry '/C:/Users/ramon/.m2/repository/commons-digester/commons-digester/2.0/commons-digester-2.0.jar' 
2022-06-01 01:25:55.224 DEBUG [acme.Launcher@main] Found classpath entry '/C:/Users/ramon/.m2/repository/org/slf4j/jcl-over-slf4j/1.7.30/jcl-over-slf4j-1.7.30.jar' 
2022-06-01 01:25:55.224 DEBUG [acme.Launcher@main] Found classpath entry '/C:/Users/ramon/.m2/repository/org/apache/tiles/tiles-request-servlet/1.0.7/tiles-request-servlet-1.0.7.jar' 
2022-06-01 01:25:55.225 DEBUG [acme.Launcher@main] Found classpath entry '/C:/Users/ramon/.m2/repository/org/apache/tiles/tiles-template/3.0.8/tiles-template-3.0.8.jar' 
2022-06-01 01:25:55.225 DEBUG [acme.Launcher@main] Found classpath entry '/C:/Users/ramon/.m2/repository/org/apache/tiles/tiles-api/3.0.8/tiles-api-3.0.8.jar' 
2022-06-01 01:25:55.225 DEBUG [acme.Launcher@main] Found classpath entry '/C:/Users/ramon/.m2/repository/org/apache/tiles/tiles-autotag-core-runtime/1.2/tiles-autotag-core-runtime-1.2.jar' 
2022-06-01 01:25:55.225 DEBUG [acme.Launcher@main] Found classpath entry '/C:/Users/ramon/.m2/repository/org/slf4j/slf4j-api/1.7.30/slf4j-api-1.7.30.jar' 
2022-06-01 01:25:55.225 DEBUG [acme.Launcher@main] Found classpath entry '/C:/Users/ramon/.m2/repository/org/apache/tiles/tiles-request-jsp/1.0.7/tiles-request-jsp-1.0.7.jar' 
2022-06-01 01:25:55.225 DEBUG [acme.Launcher@main] Found classpath entry '/C:/Users/ramon/.m2/repository/org/apache/tiles/tiles-request-api/1.0.7/tiles-request-api-1.0.7.jar' 
2022-06-01 01:25:55.225 DEBUG [acme.Launcher@main] Found classpath entry '/C:/Users/ramon/.m2/repository/org/springframework/boot/spring-boot-starter-data-jpa/2.4.2/spring-boot-starter-data-jpa-2.4.2.jar' 
2022-06-01 01:25:55.226 DEBUG [acme.Launcher@main] Found classpath entry '/C:/Users/ramon/.m2/repository/org/springframework/boot/spring-boot-starter-aop/2.4.2/spring-boot-starter-aop-2.4.2.jar' 
2022-06-01 01:25:55.226 DEBUG [acme.Launcher@main] Found classpath entry '/C:/Users/ramon/.m2/repository/org/aspectj/aspectjweaver/1.9.6/aspectjweaver-1.9.6.jar' 
2022-06-01 01:25:55.226 DEBUG [acme.Launcher@main] Found classpath entry '/C:/Users/ramon/.m2/repository/org/springframework/boot/spring-boot-starter-jdbc/2.4.2/spring-boot-starter-jdbc-2.4.2.jar' 
2022-06-01 01:25:55.226 DEBUG [acme.Launcher@main] Found classpath entry '/C:/Users/ramon/.m2/repository/jakarta/transaction/jakarta.transaction-api/1.3.3/jakarta.transaction-api-1.3.3.jar' 
2022-06-01 01:25:55.226 DEBUG [acme.Launcher@main] Found classpath entry '/C:/Users/ramon/.m2/repository/jakarta/persistence/jakarta.persistence-api/2.2.3/jakarta.persistence-api-2.2.3.jar' 
2022-06-01 01:25:55.226 DEBUG [acme.Launcher@main] Found classpath entry '/C:/Users/ramon/.m2/repository/org/hibernate/hibernate-core/5.4.27.Final/hibernate-core-5.4.27.Final.jar' 
2022-06-01 01:25:55.226 DEBUG [acme.Launcher@main] Found classpath entry '/C:/Users/ramon/.m2/repository/org/jboss/logging/jboss-logging/3.4.1.Final/jboss-logging-3.4.1.Final.jar' 
2022-06-01 01:25:55.226 DEBUG [acme.Launcher@main] Found classpath entry '/C:/Users/ramon/.m2/repository/org/javassist/javassist/3.27.0-GA/javassist-3.27.0-GA.jar' 
2022-06-01 01:25:55.227 DEBUG [acme.Launcher@main] Found classpath entry '/C:/Users/ramon/.m2/repository/antlr/antlr/2.7.7/antlr-2.7.7.jar' 
2022-06-01 01:25:55.227 DEBUG [acme.Launcher@main] Found classpath entry '/C:/Users/ramon/.m2/repository/org/jboss/jandex/2.1.3.Final/jandex-2.1.3.Final.jar' 
2022-06-01 01:25:55.227 DEBUG [acme.Launcher@main] Found classpath entry '/C:/Users/ramon/.m2/repository/com/fasterxml/classmate/1.5.1/classmate-1.5.1.jar' 
2022-06-01 01:25:55.227 DEBUG [acme.Launcher@main] Found classpath entry '/C:/Users/ramon/.m2/repository/org/dom4j/dom4j/2.1.3/dom4j-2.1.3.jar' 
2022-06-01 01:25:55.227 DEBUG [acme.Launcher@main] Found classpath entry '/C:/Users/ramon/.m2/repository/org/hibernate/common/hibernate-commons-annotations/5.1.2.Final/hibernate-commons-annotations-5.1.2.Final.jar' 
2022-06-01 01:25:55.227 DEBUG [acme.Launcher@main] Found classpath entry '/C:/Users/ramon/.m2/repository/org/glassfish/jaxb/jaxb-runtime/2.3.3/jaxb-runtime-2.3.3.jar' 
2022-06-01 01:25:55.227 DEBUG [acme.Launcher@main] Found classpath entry '/C:/Users/ramon/.m2/repository/org/glassfish/jaxb/txw2/2.3.3/txw2-2.3.3.jar' 
2022-06-01 01:25:55.227 DEBUG [acme.Launcher@main] Found classpath entry '/C:/Users/ramon/.m2/repository/com/sun/istack/istack-commons-runtime/3.0.11/istack-commons-runtime-3.0.11.jar' 
2022-06-01 01:25:55.228 DEBUG [acme.Launcher@main] Found classpath entry '/C:/Users/ramon/.m2/repository/com/sun/activation/jakarta.activation/1.2.2/jakarta.activation-1.2.2.jar' 
2022-06-01 01:25:55.228 DEBUG [acme.Launcher@main] Found classpath entry '/C:/Users/ramon/.m2/repository/org/springframework/data/spring-data-jpa/2.4.3/spring-data-jpa-2.4.3.jar' 
2022-06-01 01:25:55.228 DEBUG [acme.Launcher@main] Found classpath entry '/C:/Users/ramon/.m2/repository/org/springframework/data/spring-data-commons/2.4.3/spring-data-commons-2.4.3.jar' 
2022-06-01 01:25:55.228 DEBUG [acme.Launcher@main] Found classpath entry '/C:/Users/ramon/.m2/repository/org/springframework/spring-orm/5.3.3/spring-orm-5.3.3.jar' 
2022-06-01 01:25:55.229 DEBUG [acme.Launcher@main] Found classpath entry '/C:/Users/ramon/.m2/repository/org/springframework/spring-aspects/5.3.3/spring-aspects-5.3.3.jar' 
2022-06-01 01:25:55.229 DEBUG [acme.Launcher@main] Found classpath entry '/C:/Users/ramon/.m2/repository/org/springframework/boot/spring-boot-starter-validation/2.4.2/spring-boot-starter-validation-2.4.2.jar' 
2022-06-01 01:25:55.229 DEBUG [acme.Launcher@main] Found classpath entry '/C:/Users/ramon/.m2/repository/org/hibernate/validator/hibernate-validator/6.1.7.Final/hibernate-validator-6.1.7.Final.jar' 
2022-06-01 01:25:55.229 DEBUG [acme.Launcher@main] Found classpath entry '/C:/Users/ramon/.m2/repository/jakarta/validation/jakarta.validation-api/2.0.2/jakarta.validation-api-2.0.2.jar' 
2022-06-01 01:25:55.229 DEBUG [acme.Launcher@main] Found classpath entry '/C:/Users/ramon/.m2/repository/mysql/mysql-connector-java/8.0.22/mysql-connector-java-8.0.22.jar' 
2022-06-01 01:25:55.230 DEBUG [acme.Launcher@main] Found classpath entry '/C:/Users/ramon/.m2/repository/com/zaxxer/HikariCP/3.4.5/HikariCP-3.4.5.jar' 
2022-06-01 01:25:55.230 DEBUG [acme.Launcher@main] Found classpath entry '/C:/Users/ramon/.m2/repository/org/springframework/boot/spring-boot-starter-test/2.4.2/spring-boot-starter-test-2.4.2.jar' 
2022-06-01 01:25:55.231 DEBUG [acme.Launcher@main] Found classpath entry '/C:/Users/ramon/.m2/repository/org/springframework/boot/spring-boot-test/2.4.2/spring-boot-test-2.4.2.jar' 
2022-06-01 01:25:55.232 DEBUG [acme.Launcher@main] Found classpath entry '/C:/Users/ramon/.m2/repository/org/springframework/boot/spring-boot-test-autoconfigure/2.4.2/spring-boot-test-autoconfigure-2.4.2.jar' 
2022-06-01 01:25:55.233 DEBUG [acme.Launcher@main] Found classpath entry '/C:/Users/ramon/.m2/repository/com/jayway/jsonpath/json-path/2.4.0/json-path-2.4.0.jar' 
2022-06-01 01:25:55.233 DEBUG [acme.Launcher@main] Found classpath entry '/C:/Users/ramon/.m2/repository/net/minidev/json-smart/2.3/json-smart-2.3.jar' 
2022-06-01 01:25:55.233 DEBUG [acme.Launcher@main] Found classpath entry '/C:/Users/ramon/.m2/repository/net/minidev/accessors-smart/1.2/accessors-smart-1.2.jar' 
2022-06-01 01:25:55.233 DEBUG [acme.Launcher@main] Found classpath entry '/C:/Users/ramon/.m2/repository/org/ow2/asm/asm/5.0.4/asm-5.0.4.jar' 
2022-06-01 01:25:55.233 DEBUG [acme.Launcher@main] Found classpath entry '/C:/Users/ramon/.m2/repository/jakarta/xml/bind/jakarta.xml.bind-api/2.3.3/jakarta.xml.bind-api-2.3.3.jar' 
2022-06-01 01:25:55.234 DEBUG [acme.Launcher@main] Found classpath entry '/C:/Users/ramon/.m2/repository/jakarta/activation/jakarta.activation-api/1.2.2/jakarta.activation-api-1.2.2.jar' 
2022-06-01 01:25:55.234 DEBUG [acme.Launcher@main] Found classpath entry '/C:/Users/ramon/.m2/repository/org/assertj/assertj-core/3.18.1/assertj-core-3.18.1.jar' 
2022-06-01 01:25:55.234 DEBUG [acme.Launcher@main] Found classpath entry '/C:/Users/ramon/.m2/repository/org/hamcrest/hamcrest/2.2/hamcrest-2.2.jar' 
2022-06-01 01:25:55.234 DEBUG [acme.Launcher@main] Found classpath entry '/C:/Users/ramon/.m2/repository/org/junit/jupiter/junit-jupiter/5.7.0/junit-jupiter-5.7.0.jar' 
2022-06-01 01:25:55.234 DEBUG [acme.Launcher@main] Found classpath entry '/C:/Users/ramon/.m2/repository/org/mockito/mockito-core/3.6.28/mockito-core-3.6.28.jar' 
2022-06-01 01:25:55.234 DEBUG [acme.Launcher@main] Found classpath entry '/C:/Users/ramon/.m2/repository/net/bytebuddy/byte-buddy-agent/1.10.19/byte-buddy-agent-1.10.19.jar' 
2022-06-01 01:25:55.235 DEBUG [acme.Launcher@main] Found classpath entry '/C:/Users/ramon/.m2/repository/org/objenesis/objenesis/3.1/objenesis-3.1.jar' 
2022-06-01 01:25:55.235 DEBUG [acme.Launcher@main] Found classpath entry '/C:/Users/ramon/.m2/repository/org/mockito/mockito-junit-jupiter/3.6.28/mockito-junit-jupiter-3.6.28.jar' 
2022-06-01 01:25:55.235 DEBUG [acme.Launcher@main] Found classpath entry '/C:/Users/ramon/.m2/repository/org/skyscreamer/jsonassert/1.5.0/jsonassert-1.5.0.jar' 
2022-06-01 01:25:55.235 DEBUG [acme.Launcher@main] Found classpath entry '/C:/Users/ramon/.m2/repository/com/vaadin/external/google/android-json/0.0.20131108.vaadin1/android-json-0.0.20131108.vaadin1.jar' 
2022-06-01 01:25:55.236 DEBUG [acme.Launcher@main] Found classpath entry '/C:/Users/ramon/.m2/repository/org/springframework/spring-test/5.3.3/spring-test-5.3.3.jar' 
2022-06-01 01:25:55.236 DEBUG [acme.Launcher@main] Found classpath entry '/C:/Users/ramon/.m2/repository/org/xmlunit/xmlunit-core/2.7.0/xmlunit-core-2.7.0.jar' 
2022-06-01 01:25:55.236 DEBUG [acme.Launcher@main] Found classpath entry '/C:/Users/ramon/.m2/repository/org/junit/jupiter/junit-jupiter-engine/5.7.0/junit-jupiter-engine-5.7.0.jar' 
2022-06-01 01:25:55.236 DEBUG [acme.Launcher@main] Found classpath entry '/C:/Users/ramon/.m2/repository/org/apiguardian/apiguardian-api/1.1.0/apiguardian-api-1.1.0.jar' 
2022-06-01 01:25:55.236 DEBUG [acme.Launcher@main] Found classpath entry '/C:/Users/ramon/.m2/repository/org/junit/platform/junit-platform-engine/1.7.0/junit-platform-engine-1.7.0.jar' 
2022-06-01 01:25:55.236 DEBUG [acme.Launcher@main] Found classpath entry '/C:/Users/ramon/.m2/repository/org/junit/jupiter/junit-jupiter-api/5.7.0/junit-jupiter-api-5.7.0.jar' 
2022-06-01 01:25:55.236 DEBUG [acme.Launcher@main] Found classpath entry '/C:/Users/ramon/.m2/repository/org/opentest4j/opentest4j/1.2.0/opentest4j-1.2.0.jar' 
2022-06-01 01:25:55.237 DEBUG [acme.Launcher@main] Found classpath entry '/C:/Users/ramon/.m2/repository/org/junit/platform/junit-platform-commons/1.7.0/junit-platform-commons-1.7.0.jar' 
2022-06-01 01:25:55.237 DEBUG [acme.Launcher@main] Found classpath entry '/C:/Users/ramon/.m2/repository/org/junit/jupiter/junit-jupiter-params/5.7.0/junit-jupiter-params-5.7.0.jar' 
2022-06-01 01:25:55.237 DEBUG [acme.Launcher@main] Found classpath entry '/C:/Users/ramon/.m2/repository/org/junit/platform/junit-platform-launcher/1.7.0/junit-platform-launcher-1.7.0.jar' 
2022-06-01 01:25:55.237 DEBUG [acme.Launcher@main] Found classpath entry '/C:/Users/ramon/.m2/repository/org/seleniumhq/selenium/selenium-java/3.141.59/selenium-java-3.141.59.jar' 
2022-06-01 01:25:55.237 DEBUG [acme.Launcher@main] Found classpath entry '/C:/Users/ramon/.m2/repository/org/seleniumhq/selenium/selenium-api/3.141.59/selenium-api-3.141.59.jar' 
2022-06-01 01:25:55.237 DEBUG [acme.Launcher@main] Found classpath entry '/C:/Users/ramon/.m2/repository/org/seleniumhq/selenium/selenium-chrome-driver/3.141.59/selenium-chrome-driver-3.141.59.jar' 
2022-06-01 01:25:55.237 DEBUG [acme.Launcher@main] Found classpath entry '/C:/Users/ramon/.m2/repository/org/seleniumhq/selenium/selenium-edge-driver/3.141.59/selenium-edge-driver-3.141.59.jar' 
2022-06-01 01:25:55.237 DEBUG [acme.Launcher@main] Found classpath entry '/C:/Users/ramon/.m2/repository/org/seleniumhq/selenium/selenium-firefox-driver/3.141.59/selenium-firefox-driver-3.141.59.jar' 
2022-06-01 01:25:55.238 DEBUG [acme.Launcher@main] Found classpath entry '/C:/Users/ramon/.m2/repository/org/seleniumhq/selenium/selenium-ie-driver/3.141.59/selenium-ie-driver-3.141.59.jar' 
2022-06-01 01:25:55.238 DEBUG [acme.Launcher@main] Found classpath entry '/C:/Users/ramon/.m2/repository/org/seleniumhq/selenium/selenium-opera-driver/3.141.59/selenium-opera-driver-3.141.59.jar' 
2022-06-01 01:25:55.238 DEBUG [acme.Launcher@main] Found classpath entry '/C:/Users/ramon/.m2/repository/org/seleniumhq/selenium/selenium-remote-driver/3.141.59/selenium-remote-driver-3.141.59.jar' 
2022-06-01 01:25:55.238 DEBUG [acme.Launcher@main] Found classpath entry '/C:/Users/ramon/.m2/repository/org/seleniumhq/selenium/selenium-safari-driver/3.141.59/selenium-safari-driver-3.141.59.jar' 
2022-06-01 01:25:55.238 DEBUG [acme.Launcher@main] Found classpath entry '/C:/Users/ramon/.m2/repository/org/seleniumhq/selenium/selenium-support/3.141.59/selenium-support-3.141.59.jar' 
2022-06-01 01:25:55.238 DEBUG [acme.Launcher@main] Found classpath entry '/C:/Users/ramon/.m2/repository/net/bytebuddy/byte-buddy/1.10.19/byte-buddy-1.10.19.jar' 
2022-06-01 01:25:55.238 DEBUG [acme.Launcher@main] Found classpath entry '/C:/Users/ramon/.m2/repository/org/apache/commons/commons-exec/1.3/commons-exec-1.3.jar' 
2022-06-01 01:25:55.238 DEBUG [acme.Launcher@main] Found classpath entry '/C:/Users/ramon/.m2/repository/com/google/guava/guava/25.0-jre/guava-25.0-jre.jar' 
2022-06-01 01:25:55.239 DEBUG [acme.Launcher@main] Found classpath entry '/C:/Users/ramon/.m2/repository/com/google/code/findbugs/jsr305/1.3.9/jsr305-1.3.9.jar' 
2022-06-01 01:25:55.239 DEBUG [acme.Launcher@main] Found classpath entry '/C:/Users/ramon/.m2/repository/org/checkerframework/checker-compat-qual/2.0.0/checker-compat-qual-2.0.0.jar' 
2022-06-01 01:25:55.239 DEBUG [acme.Launcher@main] Found classpath entry '/C:/Users/ramon/.m2/repository/com/google/errorprone/error_prone_annotations/2.1.3/error_prone_annotations-2.1.3.jar' 
2022-06-01 01:25:55.239 DEBUG [acme.Launcher@main] Found classpath entry '/C:/Users/ramon/.m2/repository/com/google/j2objc/j2objc-annotations/1.1/j2objc-annotations-1.1.jar' 
2022-06-01 01:25:55.239 DEBUG [acme.Launcher@main] Found classpath entry '/C:/Users/ramon/.m2/repository/org/codehaus/mojo/animal-sniffer-annotations/1.14/animal-sniffer-annotations-1.14.jar' 
2022-06-01 01:25:55.239 DEBUG [acme.Launcher@main] Found classpath entry '/C:/Users/ramon/.m2/repository/com/squareup/okhttp3/okhttp/3.14.9/okhttp-3.14.9.jar' 
2022-06-01 01:25:55.239 DEBUG [acme.Launcher@main] Found classpath entry '/C:/Users/ramon/.m2/repository/com/squareup/okio/okio/1.14.0/okio-1.14.0.jar' 
2022-06-01 01:25:55.239 DEBUG [acme.Launcher@main] Found classpath entry '/C:/Users/ramon/.m2/repository/org/apache/commons/commons-lang3/3.11/commons-lang3-3.11.jar' 
2022-06-01 01:25:55.240 DEBUG [acme.Launcher@main] Found classpath entry '/C:/Users/ramon/.m2/repository/org/apache/commons/commons-text/1.8/commons-text-1.8.jar' 
2022-06-01 01:25:55.240 DEBUG [acme.Launcher@main] Found classpath entry '/C:/Users/ramon/.m2/repository/commons-io/commons-io/2.6/commons-io-2.6.jar' 
2022-06-01 01:25:55.240 DEBUG [acme.Launcher@main] Found classpath entry '/C:/Users/ramon/.m2/repository/commons-cli/commons-cli/1.4/commons-cli-1.4.jar' 
2022-06-01 01:25:55.240 DEBUG [acme.Launcher@main] Found classpath entry '/C:/Users/ramon/.m2/repository/org/projectlombok/lombok/1.18.16/lombok-1.18.16.jar' 
2022-06-01 01:25:55.240 DEBUG [acme.Launcher@main] Found classpath entry '/C:/Users/ramon/.m2/repository/com/opencsv/opencsv/5.4/opencsv-5.4.jar' 
2022-06-01 01:25:55.240 DEBUG [acme.Launcher@main] Found classpath entry '/C:/Users/ramon/.m2/repository/commons-beanutils/commons-beanutils/1.9.4/commons-beanutils-1.9.4.jar' 
2022-06-01 01:25:55.240 DEBUG [acme.Launcher@main] Found classpath entry '/C:/Users/ramon/.m2/repository/commons-logging/commons-logging/1.2/commons-logging-1.2.jar' 
2022-06-01 01:25:55.240 DEBUG [acme.Launcher@main] Found classpath entry '/C:/Users/ramon/.m2/repository/commons-collections/commons-collections/3.2.2/commons-collections-3.2.2.jar' 
2022-06-01 01:25:55.241 DEBUG [acme.Launcher@main] Found classpath entry '/C:/Users/ramon/.m2/repository/org/apache/commons/commons-collections4/4.4/commons-collections4-4.4.jar' 
2022-06-01 01:25:55.410 DEBUG [acme.Launcher@main] Found entity class 'acme.entities.announcement.Announcement 
2022-06-01 01:25:55.410 DEBUG [acme.Launcher@main] Found entity class 'acme.entities.artefact.Artefact 
2022-06-01 01:25:55.410 DEBUG [acme.Launcher@main] Found entity class 'acme.entities.artefact.Quantity 
2022-06-01 01:25:55.410 DEBUG [acme.Launcher@main] Found entity class 'acme.entities.chimpum.Chimpum 
2022-06-01 01:25:55.411 DEBUG [acme.Launcher@main] Found entity class 'acme.entities.chirp.Chirp 
2022-06-01 01:25:55.411 DEBUG [acme.Launcher@main] Found entity class 'acme.entities.patonages.Patronages 
2022-06-01 01:25:55.411 DEBUG [acme.Launcher@main] Found entity class 'acme.entities.patronageReport.PatronageReport 
2022-06-01 01:25:55.411 DEBUG [acme.Launcher@main] Found entity class 'acme.entities.systemConfiguration.ExchangeRate 
2022-06-01 01:25:55.411 DEBUG [acme.Launcher@main] Found entity class 'acme.entities.systemConfiguration.SystemConfiguration 
2022-06-01 01:25:55.411 DEBUG [acme.Launcher@main] Found entity class 'acme.entities.toolkit.Toolkit 
2022-06-01 01:25:55.411 DEBUG [acme.Launcher@main] Found entity class 'acme.roles.Inventor 
2022-06-01 01:25:55.411 DEBUG [acme.Launcher@main] Found entity class 'acme.roles.Patron 
2022-06-01 01:25:55.411 DEBUG [acme.Launcher@main] Found entity class 'acme.framework.entities.UserAccount 
2022-06-01 01:25:55.411 DEBUG [acme.Launcher@main] Found entity class 'acme.framework.roles.Administrator 
2022-06-01 01:25:55.411 DEBUG [acme.Launcher@main] Found entity class 'acme.framework.roles.Anonymous 
2022-06-01 01:25:55.411 DEBUG [acme.Launcher@main] Found entity class 'acme.framework.roles.Any 
2022-06-01 01:25:55.412 DEBUG [acme.Launcher@main] Found entity class 'acme.framework.roles.Authenticated 
2022-06-01 01:25:55.415 INFO  [acme.Launcher@main] Running application (Standalone) 
2022-06-01 01:25:55.509 DEBUG [org.hibernate.SQL@http-nio-8080-exec-1] select useraccoun0_.id as id1_0_, useraccoun0_.version as version2_0_, useraccoun0_.enabled as enabled1_17_, useraccoun0_.identity as identity2_17_, useraccoun0_.password as password3_17_, useraccoun0_.username as username4_17_ from user_account useraccoun0_ where useraccoun0_.username=? 
2022-06-01 01:25:55.528 TRACE [org.hibernate.type.descriptor.sql.BasicBinder@http-nio-8080-exec-1] binding parameter [1] as [VARCHAR] - [inventor1] 
2022-06-01 01:25:55.578 DEBUG [org.hibernate.SQL@http-nio-8080-exec-1] select roles0_.user_account_id as user_acc1_18_0_, roles0_.id as id1_18_0_, roles0_.id as id1_0_1_, roles0_.version as version2_0_1_, roles0_.user_account_id as user_acc1_18_1_, roles0_.company as company1_10_1_, roles0_.link as link2_10_1_, roles0_.statement as statemen3_10_1_, roles0_.company as company1_11_1_, roles0_.link as link2_11_1_, roles0_.statement as statemen3_11_1_, roles0_.clazz_ as clazz_1_ from ( select id, version, user_account_id, company, link, statement, 12 as clazz_ from inventor union all select id, version, user_account_id, company, link, statement, 13 as clazz_ from patron union all select id, version, user_account_id, null as company, null as link, null as statement, 15 as clazz_ from administrator union all select id, version, user_account_id, null as company, null as link, null as statement, 16 as clazz_ from anonymous union all select id, version, user_account_id, null as company, null as link, null as statement, 17 as clazz_ from any union all select id, version, user_account_id, null as company, null as link, null as statement, 18 as clazz_ from authenticated ) roles0_ where roles0_.user_account_id=? 
2022-06-01 01:25:55.578 TRACE [org.hibernate.type.descriptor.sql.BasicBinder@http-nio-8080-exec-1] binding parameter [1] as [INTEGER] - [13] 
2022-06-01 01:25:55.690 DEBUG [acme.framework.controllers.AbstractController@http-nio-8080-exec-1] DISPATCHING GET /acme-toolkits-0.1/inventor/artefact/show 
2022-06-01 01:25:55.691 DEBUG [acme.framework.controllers.AbstractController@http-nio-8080-exec-1] Command: show 
2022-06-01 01:25:55.691 DEBUG [acme.framework.controllers.AbstractController@http-nio-8080-exec-1] Model:   {id=36} 
2022-06-01 01:25:55.691 DEBUG [acme.framework.controllers.AbstractController@http-nio-8080-exec-1] Locale:  en 
2022-06-01 01:25:55.691 DEBUG [acme.framework.controllers.AbstractController@http-nio-8080-exec-1] Starting transaction 00e604bf-0cb9-4581-8771-e876b656c4eb 
2022-06-01 01:25:55.706 DEBUG [org.hibernate.SQL@http-nio-8080-exec-1] select artefact0_.id as id1_0_, artefact0_.version as version2_0_, artefact0_.code as code1_5_, artefact0_.description as descript2_5_, artefact0_.inventor_id as invento10_5_, artefact0_.more_info as more_inf3_5_, artefact0_.name as name4_5_, artefact0_.published as publishe5_5_, artefact0_.retail_price_amount as retail_p6_5_, artefact0_.retail_price_currency as retail_p7_5_, artefact0_.technology as technolo8_5_, artefact0_.type as type9_5_ from artefact artefact0_ where artefact0_.id=? 
2022-06-01 01:25:55.706 TRACE [org.hibernate.type.descriptor.sql.BasicBinder@http-nio-8080-exec-1] binding parameter [1] as [INTEGER] - [36] 
2022-06-01 01:25:55.708 DEBUG [org.hibernate.SQL@http-nio-8080-exec-1] select inventor0_.id as id1_0_0_, inventor0_.version as version2_0_0_, inventor0_.user_account_id as user_acc1_18_0_, inventor0_.company as company1_10_0_, inventor0_.link as link2_10_0_, inventor0_.statement as statemen3_10_0_, useraccoun1_.id as id1_0_1_, useraccoun1_.version as version2_0_1_, useraccoun1_.enabled as enabled1_17_1_, useraccoun1_.identity as identity2_17_1_, useraccoun1_.password as password3_17_1_, useraccoun1_.username as username4_17_1_ from inventor inventor0_ inner join user_account useraccoun1_ on inventor0_.user_account_id=useraccoun1_.id where inventor0_.id=? 
2022-06-01 01:25:55.708 TRACE [org.hibernate.type.descriptor.sql.BasicBinder@http-nio-8080-exec-1] binding parameter [1] as [INTEGER] - [18] 
2022-06-01 01:25:55.736 DEBUG [org.hibernate.SQL@http-nio-8080-exec-1] select artefact0_.id as id1_0_, artefact0_.version as version2_0_, artefact0_.code as code1_5_, artefact0_.description as descript2_5_, artefact0_.inventor_id as invento10_5_, artefact0_.more_info as more_inf3_5_, artefact0_.name as name4_5_, artefact0_.published as publishe5_5_, artefact0_.retail_price_amount as retail_p6_5_, artefact0_.retail_price_currency as retail_p7_5_, artefact0_.technology as technolo8_5_, artefact0_.type as type9_5_ from artefact artefact0_ where artefact0_.id=? 
2022-06-01 01:25:55.736 TRACE [org.hibernate.type.descriptor.sql.BasicBinder@http-nio-8080-exec-1] binding parameter [1] as [INTEGER] - [36] 
2022-06-01 01:25:55.741 DEBUG [org.hibernate.SQL@http-nio-8080-exec-1] select count(chimpum0_.id) as col_0_0_ from chimpum chimpum0_ where chimpum0_.artefact_id=? 
2022-06-01 01:25:55.741 TRACE [org.hibernate.type.descriptor.sql.BasicBinder@http-nio-8080-exec-1] binding parameter [1] as [INTEGER] - [36] 
2022-06-01 01:25:55.753 DEBUG [org.hibernate.SQL@http-nio-8080-exec-1] select systemconf0_.id as id1_0_, systemconf0_.version as version2_0_, systemconf0_.currencies as currenci1_15_, systemconf0_.currency as currency2_15_, systemconf0_.language_system as language3_15_, systemconf0_.strong_terms as strong_t4_15_, systemconf0_.strong_threshold as strong_t5_15_, systemconf0_.weak_terms as weak_ter6_15_, systemconf0_.weak_threshold as weak_thr7_15_ from system_configuration systemconf0_ 
2022-06-01 01:25:55.756 DEBUG [org.hibernate.SQL@http-nio-8080-exec-1] select systemconf0_.id as id1_0_, systemconf0_.version as version2_0_, systemconf0_.currencies as currenci1_15_, systemconf0_.currency as currency2_15_, systemconf0_.language_system as language3_15_, systemconf0_.strong_terms as strong_t4_15_, systemconf0_.strong_threshold as strong_t5_15_, systemconf0_.weak_terms as weak_ter6_15_, systemconf0_.weak_threshold as weak_thr7_15_ from system_configuration systemconf0_ 
2022-06-01 01:25:55.757 DEBUG [acme.framework.controllers.AbstractController@http-nio-8080-exec-1] Committing transaction 00e604bf-0cb9-4581-8771-e876b656c4eb 
2022-06-01 01:25:55.767 DEBUG [acme.framework.controllers.AbstractController@http-nio-8080-exec-1] Starting transaction 8dfacdad-01e6-4347-8821-0711c5eabfad 
2022-06-01 01:25:55.768 DEBUG [acme.framework.controllers.AbstractController@http-nio-8080-exec-1] Committing transaction 8dfacdad-01e6-4347-8821-0711c5eabfad 
2022-06-01 01:25:55.769 DEBUG [acme.framework.controllers.AbstractController@http-nio-8080-exec-1] SERVING GET /acme-toolkits-0.1/inventor/artefact/show 
2022-06-01 01:25:55.769 DEBUG [acme.framework.controllers.AbstractController@http-nio-8080-exec-1] Result: ModelAndView [view="inventor/artefact/form"; model={quantityChimpum=0, code=ABC-012-A, name=name01, moneyExchange=<<EUR 50.00>>, description=description01, technology=technology01, published=true, id=36, type=TOOL, retailPrice=<<EUR 50.00>>, moreInfo=https://www.google.es/, version=0, command=show, principal=acme.framework.entities.Principal@f6d4af0}] 
2022-06-01 01:25:55.784 DEBUG [acme.framework.components.tiles.DynamicTilesView@http-nio-8080-exec-1] View name 'inventor/artefact/form', model {quantityChimpum=0, code=ABC-012-A, name=name01, moneyExchange=<<EUR 50.00>>, description=description01, technology=technology01, published=true, id=36, type=TOOL, retailPrice=<<EUR 50.00>>, moreInfo=https://www.google.es/, version=0, command=show, principal=acme.framework.entities.Principal@f6d4af0, org.springframework.validation.BindingResult.moneyExchange=org.springframework.validation.BeanPropertyBindingResult: 0 errors, org.springframework.validation.BindingResult.retailPrice=org.springframework.validation.BeanPropertyBindingResult: 0 errors, org.springframework.validation.BindingResult.principal=org.springframework.validation.BeanPropertyBindingResult: 0 errors} 
2022-06-01 01:25:55.801 DEBUG [org.apache.tiles.definition.dao.BaseLocaleUrlDefinitionDAO@http-nio-8080-exec-1] File Resource file:/C:/Users/ramon/git/controlcheck/target/classes/WEB-INF/views/master/tiles_en.xml at file:/C:/Users/ramon/git/controlcheck/target/classes/WEB-INF/views/master/tiles_en.xml not found, continue 
2022-06-01 01:25:55.811 DEBUG [org.apache.jasper.servlet.JspServlet@http-nio-8080-exec-1] JspEngine --> /WEB-INF/views/master/page.jsp 
2022-06-01 01:25:55.811 DEBUG [org.apache.jasper.servlet.JspServlet@http-nio-8080-exec-1] ServletPath: /WEB-INF/views/master/page.jsp 
2022-06-01 01:25:55.812 DEBUG [org.apache.jasper.servlet.JspServlet@http-nio-8080-exec-1] PathInfo: null 
2022-06-01 01:25:55.813 DEBUG [org.apache.jasper.servlet.JspServlet@http-nio-8080-exec-1] RealPath: C:\Users\ramon\git\controlcheck\target\classes\WEB-INF\views\master\page.jsp 
2022-06-01 01:25:55.814 DEBUG [org.apache.jasper.servlet.JspServlet@http-nio-8080-exec-1] RequestURI: /acme-toolkits-0.1/WEB-INF/views/master/page.jsp 
2022-06-01 01:25:55.814 DEBUG [org.apache.jasper.servlet.JspServlet@http-nio-8080-exec-1] QueryString: id=36 
2022-06-01 01:25:59.158 DEBUG [acme.framework.configuration.ExtendedMessageSource@http-nio-8080-exec-1] Loading properties [C:\Users\ramon\git\controlcheck\target\classes\WEB-INF\views\administrator\administrator-dashboard\messages-en.i18n] with encoding 'utf-8' 
2022-06-01 01:25:59.161 DEBUG [acme.framework.configuration.ExtendedMessageSource@http-nio-8080-exec-1] Loading properties [C:\Users\ramon\git\controlcheck\target\classes\WEB-INF\views\administrator\announcement\messages-en.i18n] with encoding 'utf-8' 
2022-06-01 01:25:59.165 DEBUG [acme.framework.configuration.ExtendedMessageSource@http-nio-8080-exec-1] Loading properties [C:\Users\ramon\git\controlcheck\target\classes\WEB-INF\views\administrator\system-configuration\messages-en.i18n] with encoding 'utf-8' 
2022-06-01 01:25:59.166 DEBUG [acme.framework.configuration.ExtendedMessageSource@http-nio-8080-exec-1] Loading properties [C:\Users\ramon\git\controlcheck\target\classes\WEB-INF\views\administrator\user-account\messages-en.i18n] with encoding 'utf-8' 
2022-06-01 01:25:59.167 DEBUG [acme.framework.configuration.ExtendedMessageSource@http-nio-8080-exec-1] Loading properties [C:\Users\ramon\git\controlcheck\target\classes\WEB-INF\views\anonymous\user-account\messages-en.i18n] with encoding 'utf-8' 
2022-06-01 01:25:59.168 DEBUG [acme.framework.configuration.ExtendedMessageSource@http-nio-8080-exec-1] Loading properties [C:\Users\ramon\git\controlcheck\target\classes\WEB-INF\views\any\artefact\messages-en.i18n] with encoding 'utf-8' 
2022-06-01 01:25:59.169 DEBUG [acme.framework.configuration.ExtendedMessageSource@http-nio-8080-exec-1] Loading properties [C:\Users\ramon\git\controlcheck\target\classes\WEB-INF\views\any\chirp\messages-en.i18n] with encoding 'utf-8' 
2022-06-01 01:25:59.170 DEBUG [acme.framework.configuration.ExtendedMessageSource@http-nio-8080-exec-1] Loading properties [C:\Users\ramon\git\controlcheck\target\classes\WEB-INF\views\any\toolkit\messages-en.i18n] with encoding 'utf-8' 
2022-06-01 01:25:59.170 DEBUG [acme.framework.configuration.ExtendedMessageSource@http-nio-8080-exec-1] Loading properties [C:\Users\ramon\git\controlcheck\target\classes\WEB-INF\views\any\user-account\messages-en.i18n] with encoding 'utf-8' 
2022-06-01 01:25:59.171 DEBUG [acme.framework.configuration.ExtendedMessageSource@http-nio-8080-exec-1] Loading properties [C:\Users\ramon\git\controlcheck\target\classes\WEB-INF\views\authenticated\announcement\messages-en.i18n] with encoding 'utf-8' 
2022-06-01 01:25:59.172 DEBUG [acme.framework.configuration.ExtendedMessageSource@http-nio-8080-exec-1] Loading properties [C:\Users\ramon\git\controlcheck\target\classes\WEB-INF\views\authenticated\consumer\messsages-en.i18n] with encoding 'utf-8' 
2022-06-01 01:25:59.172 DEBUG [acme.framework.configuration.ExtendedMessageSource@http-nio-8080-exec-1] Loading properties [C:\Users\ramon\git\controlcheck\target\classes\WEB-INF\views\authenticated\inventor\messsages-en.i18n] with encoding 'utf-8' 
2022-06-01 01:25:59.173 DEBUG [acme.framework.configuration.ExtendedMessageSource@http-nio-8080-exec-1] Loading properties [C:\Users\ramon\git\controlcheck\target\classes\WEB-INF\views\authenticated\money-exchange\messages-en.i18n] with encoding 'utf-8' 
2022-06-01 01:25:59.174 DEBUG [acme.framework.configuration.ExtendedMessageSource@http-nio-8080-exec-1] Loading properties [C:\Users\ramon\git\controlcheck\target\classes\WEB-INF\views\authenticated\patron\messsages-en.i18n] with encoding 'utf-8' 
2022-06-01 01:25:59.174 DEBUG [acme.framework.configuration.ExtendedMessageSource@http-nio-8080-exec-1] Loading properties [C:\Users\ramon\git\controlcheck\target\classes\WEB-INF\views\authenticated\provider\messsages-en.i18n] with encoding 'utf-8' 
2022-06-01 01:25:59.175 DEBUG [acme.framework.configuration.ExtendedMessageSource@http-nio-8080-exec-1] Loading properties [C:\Users\ramon\git\controlcheck\target\classes\WEB-INF\views\authenticated\system-configuration\messages-en.i18n] with encoding 'utf-8' 
2022-06-01 01:25:59.175 DEBUG [acme.framework.configuration.ExtendedMessageSource@http-nio-8080-exec-1] Loading properties [C:\Users\ramon\git\controlcheck\target\classes\WEB-INF\views\authenticated\user-account\messages-en.i18n] with encoding 'utf-8' 
2022-06-01 01:25:59.176 DEBUG [acme.framework.configuration.ExtendedMessageSource@http-nio-8080-exec-1] Loading properties [C:\Users\ramon\git\controlcheck\target\classes\WEB-INF\views\fragments\banner-en.i18n] with encoding 'utf-8' 
2022-06-01 01:25:59.176 DEBUG [acme.framework.configuration.ExtendedMessageSource@http-nio-8080-exec-1] Loading properties [C:\Users\ramon\git\controlcheck\target\classes\WEB-INF\views\fragments\company-en.i18n] with encoding 'utf-8' 
2022-06-01 01:25:59.176 DEBUG [acme.framework.configuration.ExtendedMessageSource@http-nio-8080-exec-1] Loading properties [C:\Users\ramon\git\controlcheck\target\classes\WEB-INF\views\fragments\error-en.i18n] with encoding 'utf-8' 
2022-06-01 01:25:59.177 DEBUG [acme.framework.configuration.ExtendedMessageSource@http-nio-8080-exec-1] Loading properties [C:\Users\ramon\git\controlcheck\target\classes\WEB-INF\views\fragments\footer-en.i18n] with encoding 'utf-8' 
2022-06-01 01:25:59.177 DEBUG [acme.framework.configuration.ExtendedMessageSource@http-nio-8080-exec-1] Loading properties [C:\Users\ramon\git\controlcheck\target\classes\WEB-INF\views\fragments\license-en.i18n] with encoding 'utf-8' 
2022-06-01 01:25:59.178 DEBUG [acme.framework.configuration.ExtendedMessageSource@http-nio-8080-exec-1] Loading properties [C:\Users\ramon\git\controlcheck\target\classes\WEB-INF\views\fragments\menu-en.i18n] with encoding 'utf-8' 
2022-06-01 01:25:59.179 DEBUG [acme.framework.configuration.ExtendedMessageSource@http-nio-8080-exec-1] Loading properties [C:\Users\ramon\git\controlcheck\target\classes\WEB-INF\views\fragments\messages-en.i18n] with encoding 'utf-8' 
2022-06-01 01:25:59.180 DEBUG [acme.framework.configuration.ExtendedMessageSource@http-nio-8080-exec-1] Loading properties [C:\Users\ramon\git\controlcheck\target\classes\WEB-INF\views\fragments\messsages-en.i18n] with encoding 'utf-8' 
2022-06-01 01:25:59.180 DEBUG [acme.framework.configuration.ExtendedMessageSource@http-nio-8080-exec-1] Loading properties [C:\Users\ramon\git\controlcheck\target\classes\WEB-INF\views\fragments\title-en.i18n] with encoding 'utf-8' 
2022-06-01 01:25:59.181 DEBUG [acme.framework.configuration.ExtendedMessageSource@http-nio-8080-exec-1] Loading properties [C:\Users\ramon\git\controlcheck\target\classes\WEB-INF\views\fragments\welcome-en.i18n] with encoding 'utf-8' 
2022-06-01 01:25:59.181 DEBUG [acme.framework.configuration.ExtendedMessageSource@http-nio-8080-exec-1] Loading properties [C:\Users\ramon\git\controlcheck\target\classes\WEB-INF\views\inventor\announcement\messages-en.i18n] with encoding 'utf-8' 
2022-06-01 01:25:59.182 DEBUG [acme.framework.configuration.ExtendedMessageSource@http-nio-8080-exec-1] Loading properties [C:\Users\ramon\git\controlcheck\target\classes\WEB-INF\views\inventor\artefact\messages-en.i18n] with encoding 'utf-8' 
2022-06-01 01:25:59.182 DEBUG [acme.framework.configuration.ExtendedMessageSource@http-nio-8080-exec-1] Loading properties [C:\Users\ramon\git\controlcheck\target\classes\WEB-INF\views\inventor\chimpum\messages-en.i18n] with encoding 'utf-8' 
2022-06-01 01:25:59.183 DEBUG [acme.framework.configuration.ExtendedMessageSource@http-nio-8080-exec-1] Loading properties [C:\Users\ramon\git\controlcheck\target\classes\WEB-INF\views\inventor\patronage-report\messages-en.i18n] with encoding 'utf-8' 
2022-06-01 01:25:59.183 DEBUG [acme.framework.configuration.ExtendedMessageSource@http-nio-8080-exec-1] Loading properties [C:\Users\ramon\git\controlcheck\target\classes\WEB-INF\views\inventor\patronages\messages-en.i18n] with encoding 'utf-8' 
2022-06-01 01:25:59.184 DEBUG [acme.framework.configuration.ExtendedMessageSource@http-nio-8080-exec-1] Loading properties [C:\Users\ramon\git\controlcheck\target\classes\WEB-INF\views\inventor\toolkit\messages-en.i18n] with encoding 'utf-8' 
2022-06-01 01:25:59.184 DEBUG [acme.framework.configuration.ExtendedMessageSource@http-nio-8080-exec-1] Loading properties [C:\Users\ramon\git\controlcheck\target\classes\WEB-INF\views\master\defaults-en.i18n] with encoding 'utf-8' 
2022-06-01 01:25:59.185 DEBUG [acme.framework.configuration.ExtendedMessageSource@http-nio-8080-exec-1] Loading properties [C:\Users\ramon\git\controlcheck\target\classes\WEB-INF\views\master\master-en.i18n] with encoding 'utf-8' 
2022-06-01 01:25:59.185 DEBUG [acme.framework.configuration.ExtendedMessageSource@http-nio-8080-exec-1] Loading properties [C:\Users\ramon\git\controlcheck\target\classes\WEB-INF\views\master\throwables-en.i18n] with encoding 'utf-8' 
2022-06-01 01:25:59.186 DEBUG [acme.framework.configuration.ExtendedMessageSource@http-nio-8080-exec-1] Loading properties [C:\Users\ramon\git\controlcheck\target\classes\WEB-INF\views\master\validation-en.i18n] with encoding 'utf-8' 
2022-06-01 01:25:59.186 DEBUG [acme.framework.configuration.ExtendedMessageSource@http-nio-8080-exec-1] Loading properties [C:\Users\ramon\git\controlcheck\target\classes\WEB-INF\views\patron\announcement\messages-en.i18n] with encoding 'utf-8' 
2022-06-01 01:25:59.186 DEBUG [acme.framework.configuration.ExtendedMessageSource@http-nio-8080-exec-1] Loading properties [C:\Users\ramon\git\controlcheck\target\classes\WEB-INF\views\patron\patron-dashboard\messages-en.i18n] with encoding 'utf-8' 
2022-06-01 01:25:59.187 DEBUG [acme.framework.configuration.ExtendedMessageSource@http-nio-8080-exec-1] Loading properties [C:\Users\ramon\git\controlcheck\target\classes\WEB-INF\views\patron\patronage-report\messages-en.i18n] with encoding 'utf-8' 
2022-06-01 01:25:59.187 DEBUG [acme.framework.configuration.ExtendedMessageSource@http-nio-8080-exec-1] Loading properties [C:\Users\ramon\git\controlcheck\target\classes\WEB-INF\views\patron\patronages\messages-en.i18n] with encoding 'utf-8' 
2022-06-01 01:25:59.364 DEBUG [org.apache.jasper.servlet.JspServlet@http-nio-8080-exec-1] JspEngine --> /WEB-INF/views/inventor/artefact/form.jsp 
2022-06-01 01:25:59.365 DEBUG [org.apache.jasper.servlet.JspServlet@http-nio-8080-exec-1] ServletPath: /WEB-INF/views/master/page.jsp 
2022-06-01 01:25:59.365 DEBUG [org.apache.jasper.servlet.JspServlet@http-nio-8080-exec-1] PathInfo: null 
2022-06-01 01:25:59.367 DEBUG [org.apache.jasper.servlet.JspServlet@http-nio-8080-exec-1] RealPath: C:\Users\ramon\git\controlcheck\target\classes\WEB-INF\views\inventor\artefact\form.jsp 
2022-06-01 01:25:59.367 DEBUG [org.apache.jasper.servlet.JspServlet@http-nio-8080-exec-1] RequestURI: /acme-toolkits-0.1/WEB-INF/views/master/page.jsp 
2022-06-01 01:25:59.368 DEBUG [org.apache.jasper.servlet.JspServlet@http-nio-8080-exec-1] QueryString: id=36 
