2022-06-01 01:16:37.887 INFO  [acme.Launcher@main] Starting Launcher using Java 1.8.0_281 on LAPTOP-L7N9OOJG with PID 24232 (C:\Users\ramon\OneDrive\Escritorio\Workspace-22.0\Frameworks\Acme-Framework-22.7\target\classes started by ramon in C:\Users\ramon\git\controlcheck) 
2022-06-01 01:16:37.889 DEBUG [acme.Launcher@main] Running with Spring Boot v2.4.2, Spring v5.3.3 
2022-06-01 01:16:37.889 INFO  [acme.Launcher@main] The following profiles are active: development,default 
2022-06-01 01:16:40.312 DEBUG [org.apache.jasper.servlet.JasperInitializer@main] Initializing Jasper for context [application] 
2022-06-01 01:16:44.817 DEBUG [org.apache.jasper.servlet.JspServlet@main] Scratch dir for the JSP engine is: [C:\Users\ramon\AppData\Local\Temp\tomcat.8080.6213233951451719269\work\Tomcat\localhost\acme-toolkits-0.1] 
2022-06-01 01:16:44.818 DEBUG [org.apache.jasper.servlet.JspServlet@main] IMPORTANT: Do not modify the generated servlets 
2022-06-01 01:16:44.831 INFO  [acme.Launcher@main] Started Launcher in 7.462 seconds (JVM running for 7.992) 
2022-06-01 01:16:44.837 DEBUG [acme.Launcher@main] Found classpath entry '/C:/Users/ramon/git/controlcheck/target/test-classes/' 
2022-06-01 01:16:44.838 DEBUG [acme.Launcher@main] Found classpath entry '/C:/Users/ramon/git/controlcheck/target/classes/' 
2022-06-01 01:16:44.838 DEBUG [acme.Launcher@main] Found classpath entry '/C:/Users/ramon/git/controlcheck/spam_detector.jar' 
2022-06-01 01:16:44.838 DEBUG [acme.Launcher@main] Found classpath entry '/C:/Users/ramon/OneDrive/Escritorio/Workspace-22.0/Frameworks/Acme-Framework-22.7/target/classes/' 
2022-06-01 01:16:44.838 DEBUG [acme.Launcher@main] Found classpath entry '/C:/Users/ramon/OneDrive/Escritorio/Workspace-22.0/Frameworks/Acme-Framework-22.7/target/test-classes/' 
2022-06-01 01:16:44.838 DEBUG [acme.Launcher@main] Found classpath entry '/C:/Users/ramon/.m2/repository/org/springframework/boot/spring-boot-starter-tomcat/2.4.2/spring-boot-starter-tomcat-2.4.2.jar' 
2022-06-01 01:16:44.838 DEBUG [acme.Launcher@main] Found classpath entry '/C:/Users/ramon/.m2/repository/jakarta/annotation/jakarta.annotation-api/1.3.5/jakarta.annotation-api-1.3.5.jar' 
2022-06-01 01:16:44.838 DEBUG [acme.Launcher@main] Found classpath entry '/C:/Users/ramon/.m2/repository/org/apache/tomcat/embed/tomcat-embed-core/9.0.41/tomcat-embed-core-9.0.41.jar' 
2022-06-01 01:16:44.838 DEBUG [acme.Launcher@main] Found classpath entry '/C:/Users/ramon/.m2/repository/org/glassfish/jakarta.el/3.0.3/jakarta.el-3.0.3.jar' 
2022-06-01 01:16:44.839 DEBUG [acme.Launcher@main] Found classpath entry '/C:/Users/ramon/.m2/repository/org/apache/tomcat/embed/tomcat-embed-websocket/9.0.41/tomcat-embed-websocket-9.0.41.jar' 
2022-06-01 01:16:44.839 DEBUG [acme.Launcher@main] Found classpath entry '/C:/Users/ramon/.m2/repository/org/apache/tomcat/embed/tomcat-embed-jasper/9.0.41/tomcat-embed-jasper-9.0.41.jar' 
2022-06-01 01:16:44.839 DEBUG [acme.Launcher@main] Found classpath entry '/C:/Users/ramon/.m2/repository/org/apache/tomcat/embed/tomcat-embed-el/9.0.41/tomcat-embed-el-9.0.41.jar' 
2022-06-01 01:16:44.839 DEBUG [acme.Launcher@main] Found classpath entry '/C:/Users/ramon/.m2/repository/org/eclipse/jdt/ecj/3.18.0/ecj-3.18.0.jar' 
2022-06-01 01:16:44.839 DEBUG [acme.Launcher@main] Found classpath entry '/C:/Users/ramon/.m2/repository/javax/servlet/jstl/1.2/jstl-1.2.jar' 
2022-06-01 01:16:44.839 DEBUG [acme.Launcher@main] Found classpath entry '/C:/Users/ramon/.m2/repository/org/springframework/boot/spring-boot-starter-security/2.4.2/spring-boot-starter-security-2.4.2.jar' 
2022-06-01 01:16:44.839 DEBUG [acme.Launcher@main] Found classpath entry '/C:/Users/ramon/.m2/repository/org/springframework/boot/spring-boot-starter/2.4.2/spring-boot-starter-2.4.2.jar' 
2022-06-01 01:16:44.839 DEBUG [acme.Launcher@main] Found classpath entry '/C:/Users/ramon/.m2/repository/org/springframework/boot/spring-boot/2.4.2/spring-boot-2.4.2.jar' 
2022-06-01 01:16:44.839 DEBUG [acme.Launcher@main] Found classpath entry '/C:/Users/ramon/.m2/repository/org/springframework/boot/spring-boot-autoconfigure/2.4.2/spring-boot-autoconfigure-2.4.2.jar' 
2022-06-01 01:16:44.840 DEBUG [acme.Launcher@main] Found classpath entry '/C:/Users/ramon/.m2/repository/org/springframework/boot/spring-boot-starter-logging/2.4.2/spring-boot-starter-logging-2.4.2.jar' 
2022-06-01 01:16:44.840 DEBUG [acme.Launcher@main] Found classpath entry '/C:/Users/ramon/.m2/repository/ch/qos/logback/logback-classic/1.2.3/logback-classic-1.2.3.jar' 
2022-06-01 01:16:44.840 DEBUG [acme.Launcher@main] Found classpath entry '/C:/Users/ramon/.m2/repository/ch/qos/logback/logback-core/1.2.3/logback-core-1.2.3.jar' 
2022-06-01 01:16:44.840 DEBUG [acme.Launcher@main] Found classpath entry '/C:/Users/ramon/.m2/repository/org/apache/logging/log4j/log4j-to-slf4j/2.13.3/log4j-to-slf4j-2.13.3.jar' 
2022-06-01 01:16:44.840 DEBUG [acme.Launcher@main] Found classpath entry '/C:/Users/ramon/.m2/repository/org/apache/logging/log4j/log4j-api/2.13.3/log4j-api-2.13.3.jar' 
2022-06-01 01:16:44.840 DEBUG [acme.Launcher@main] Found classpath entry '/C:/Users/ramon/.m2/repository/org/slf4j/jul-to-slf4j/1.7.30/jul-to-slf4j-1.7.30.jar' 
2022-06-01 01:16:44.840 DEBUG [acme.Launcher@main] Found classpath entry '/C:/Users/ramon/.m2/repository/org/yaml/snakeyaml/1.27/snakeyaml-1.27.jar' 
2022-06-01 01:16:44.840 DEBUG [acme.Launcher@main] Found classpath entry '/C:/Users/ramon/.m2/repository/org/springframework/spring-aop/5.3.3/spring-aop-5.3.3.jar' 
2022-06-01 01:16:44.840 DEBUG [acme.Launcher@main] Found classpath entry '/C:/Users/ramon/.m2/repository/org/springframework/security/spring-security-web/5.4.2/spring-security-web-5.4.2.jar' 
2022-06-01 01:16:44.841 DEBUG [acme.Launcher@main] Found classpath entry '/C:/Users/ramon/.m2/repository/org/springframework/security/spring-security-core/5.4.2/spring-security-core-5.4.2.jar' 
2022-06-01 01:16:44.841 DEBUG [acme.Launcher@main] Found classpath entry '/C:/Users/ramon/.m2/repository/org/springframework/spring-beans/5.3.3/spring-beans-5.3.3.jar' 
2022-06-01 01:16:44.841 DEBUG [acme.Launcher@main] Found classpath entry '/C:/Users/ramon/.m2/repository/org/springframework/spring-context/5.3.3/spring-context-5.3.3.jar' 
2022-06-01 01:16:44.841 DEBUG [acme.Launcher@main] Found classpath entry '/C:/Users/ramon/.m2/repository/org/springframework/spring-core/5.3.3/spring-core-5.3.3.jar' 
2022-06-01 01:16:44.841 DEBUG [acme.Launcher@main] Found classpath entry '/C:/Users/ramon/.m2/repository/org/springframework/spring-jcl/5.3.3/spring-jcl-5.3.3.jar' 
2022-06-01 01:16:44.841 DEBUG [acme.Launcher@main] Found classpath entry '/C:/Users/ramon/.m2/repository/org/springframework/spring-expression/5.3.3/spring-expression-5.3.3.jar' 
2022-06-01 01:16:44.841 DEBUG [acme.Launcher@main] Found classpath entry '/C:/Users/ramon/.m2/repository/org/springframework/spring-web/5.3.3/spring-web-5.3.3.jar' 
2022-06-01 01:16:44.841 DEBUG [acme.Launcher@main] Found classpath entry '/C:/Users/ramon/.m2/repository/org/springframework/security/spring-security-config/5.4.2/spring-security-config-5.4.2.jar' 
2022-06-01 01:16:44.841 DEBUG [acme.Launcher@main] Found classpath entry '/C:/Users/ramon/.m2/repository/org/springframework/security/spring-security-taglibs/5.4.2/spring-security-taglibs-5.4.2.jar' 
2022-06-01 01:16:44.842 DEBUG [acme.Launcher@main] Found classpath entry '/C:/Users/ramon/.m2/repository/org/springframework/security/spring-security-acl/5.4.2/spring-security-acl-5.4.2.jar' 
2022-06-01 01:16:44.842 DEBUG [acme.Launcher@main] Found classpath entry '/C:/Users/ramon/.m2/repository/org/springframework/spring-jdbc/5.3.3/spring-jdbc-5.3.3.jar' 
2022-06-01 01:16:44.842 DEBUG [acme.Launcher@main] Found classpath entry '/C:/Users/ramon/.m2/repository/org/springframework/spring-tx/5.3.3/spring-tx-5.3.3.jar' 
2022-06-01 01:16:44.842 DEBUG [acme.Launcher@main] Found classpath entry '/C:/Users/ramon/.m2/repository/org/springframework/boot/spring-boot-starter-web/2.4.2/spring-boot-starter-web-2.4.2.jar' 
2022-06-01 01:16:44.842 DEBUG [acme.Launcher@main] Found classpath entry '/C:/Users/ramon/.m2/repository/org/springframework/boot/spring-boot-starter-json/2.4.2/spring-boot-starter-json-2.4.2.jar' 
2022-06-01 01:16:44.842 DEBUG [acme.Launcher@main] Found classpath entry '/C:/Users/ramon/.m2/repository/com/fasterxml/jackson/core/jackson-databind/2.11.4/jackson-databind-2.11.4.jar' 
2022-06-01 01:16:44.842 DEBUG [acme.Launcher@main] Found classpath entry '/C:/Users/ramon/.m2/repository/com/fasterxml/jackson/core/jackson-annotations/2.11.4/jackson-annotations-2.11.4.jar' 
2022-06-01 01:16:44.842 DEBUG [acme.Launcher@main] Found classpath entry '/C:/Users/ramon/.m2/repository/com/fasterxml/jackson/core/jackson-core/2.11.4/jackson-core-2.11.4.jar' 
2022-06-01 01:16:44.842 DEBUG [acme.Launcher@main] Found classpath entry '/C:/Users/ramon/.m2/repository/com/fasterxml/jackson/datatype/jackson-datatype-jdk8/2.11.4/jackson-datatype-jdk8-2.11.4.jar' 
2022-06-01 01:16:44.843 DEBUG [acme.Launcher@main] Found classpath entry '/C:/Users/ramon/.m2/repository/com/fasterxml/jackson/datatype/jackson-datatype-jsr310/2.11.4/jackson-datatype-jsr310-2.11.4.jar' 
2022-06-01 01:16:44.843 DEBUG [acme.Launcher@main] Found classpath entry '/C:/Users/ramon/.m2/repository/com/fasterxml/jackson/module/jackson-module-parameter-names/2.11.4/jackson-module-parameter-names-2.11.4.jar' 
2022-06-01 01:16:44.843 DEBUG [acme.Launcher@main] Found classpath entry '/C:/Users/ramon/.m2/repository/org/springframework/spring-webmvc/5.3.3/spring-webmvc-5.3.3.jar' 
2022-06-01 01:16:44.843 DEBUG [acme.Launcher@main] Found classpath entry '/C:/Users/ramon/.m2/repository/org/apache/tiles/tiles-jsp/3.0.8/tiles-jsp-3.0.8.jar' 
2022-06-01 01:16:44.843 DEBUG [acme.Launcher@main] Found classpath entry '/C:/Users/ramon/.m2/repository/org/apache/tiles/tiles-servlet/3.0.8/tiles-servlet-3.0.8.jar' 
2022-06-01 01:16:44.843 DEBUG [acme.Launcher@main] Found classpath entry '/C:/Users/ramon/.m2/repository/org/apache/tiles/tiles-core/3.0.8/tiles-core-3.0.8.jar' 
2022-06-01 01:16:44.843 DEBUG [acme.Launcher@main] Found classpath entry '/C:/Users/ramon/.m2/repository/commons-digester/commons-digester/2.0/commons-digester-2.0.jar' 
2022-06-01 01:16:44.843 DEBUG [acme.Launcher@main] Found classpath entry '/C:/Users/ramon/.m2/repository/org/slf4j/jcl-over-slf4j/1.7.30/jcl-over-slf4j-1.7.30.jar' 
2022-06-01 01:16:44.843 DEBUG [acme.Launcher@main] Found classpath entry '/C:/Users/ramon/.m2/repository/org/apache/tiles/tiles-request-servlet/1.0.7/tiles-request-servlet-1.0.7.jar' 
2022-06-01 01:16:44.843 DEBUG [acme.Launcher@main] Found classpath entry '/C:/Users/ramon/.m2/repository/org/apache/tiles/tiles-template/3.0.8/tiles-template-3.0.8.jar' 
2022-06-01 01:16:44.844 DEBUG [acme.Launcher@main] Found classpath entry '/C:/Users/ramon/.m2/repository/org/apache/tiles/tiles-api/3.0.8/tiles-api-3.0.8.jar' 
2022-06-01 01:16:44.844 DEBUG [acme.Launcher@main] Found classpath entry '/C:/Users/ramon/.m2/repository/org/apache/tiles/tiles-autotag-core-runtime/1.2/tiles-autotag-core-runtime-1.2.jar' 
2022-06-01 01:16:44.844 DEBUG [acme.Launcher@main] Found classpath entry '/C:/Users/ramon/.m2/repository/org/slf4j/slf4j-api/1.7.30/slf4j-api-1.7.30.jar' 
2022-06-01 01:16:44.844 DEBUG [acme.Launcher@main] Found classpath entry '/C:/Users/ramon/.m2/repository/org/apache/tiles/tiles-request-jsp/1.0.7/tiles-request-jsp-1.0.7.jar' 
2022-06-01 01:16:44.844 DEBUG [acme.Launcher@main] Found classpath entry '/C:/Users/ramon/.m2/repository/org/apache/tiles/tiles-request-api/1.0.7/tiles-request-api-1.0.7.jar' 
2022-06-01 01:16:44.844 DEBUG [acme.Launcher@main] Found classpath entry '/C:/Users/ramon/.m2/repository/org/springframework/boot/spring-boot-starter-data-jpa/2.4.2/spring-boot-starter-data-jpa-2.4.2.jar' 
2022-06-01 01:16:44.844 DEBUG [acme.Launcher@main] Found classpath entry '/C:/Users/ramon/.m2/repository/org/springframework/boot/spring-boot-starter-aop/2.4.2/spring-boot-starter-aop-2.4.2.jar' 
2022-06-01 01:16:44.844 DEBUG [acme.Launcher@main] Found classpath entry '/C:/Users/ramon/.m2/repository/org/aspectj/aspectjweaver/1.9.6/aspectjweaver-1.9.6.jar' 
2022-06-01 01:16:44.844 DEBUG [acme.Launcher@main] Found classpath entry '/C:/Users/ramon/.m2/repository/org/springframework/boot/spring-boot-starter-jdbc/2.4.2/spring-boot-starter-jdbc-2.4.2.jar' 
2022-06-01 01:16:44.845 DEBUG [acme.Launcher@main] Found classpath entry '/C:/Users/ramon/.m2/repository/jakarta/transaction/jakarta.transaction-api/1.3.3/jakarta.transaction-api-1.3.3.jar' 
2022-06-01 01:16:44.845 DEBUG [acme.Launcher@main] Found classpath entry '/C:/Users/ramon/.m2/repository/jakarta/persistence/jakarta.persistence-api/2.2.3/jakarta.persistence-api-2.2.3.jar' 
2022-06-01 01:16:44.845 DEBUG [acme.Launcher@main] Found classpath entry '/C:/Users/ramon/.m2/repository/org/hibernate/hibernate-core/5.4.27.Final/hibernate-core-5.4.27.Final.jar' 
2022-06-01 01:16:44.845 DEBUG [acme.Launcher@main] Found classpath entry '/C:/Users/ramon/.m2/repository/org/jboss/logging/jboss-logging/3.4.1.Final/jboss-logging-3.4.1.Final.jar' 
2022-06-01 01:16:44.845 DEBUG [acme.Launcher@main] Found classpath entry '/C:/Users/ramon/.m2/repository/org/javassist/javassist/3.27.0-GA/javassist-3.27.0-GA.jar' 
2022-06-01 01:16:44.845 DEBUG [acme.Launcher@main] Found classpath entry '/C:/Users/ramon/.m2/repository/antlr/antlr/2.7.7/antlr-2.7.7.jar' 
2022-06-01 01:16:44.845 DEBUG [acme.Launcher@main] Found classpath entry '/C:/Users/ramon/.m2/repository/org/jboss/jandex/2.1.3.Final/jandex-2.1.3.Final.jar' 
2022-06-01 01:16:44.845 DEBUG [acme.Launcher@main] Found classpath entry '/C:/Users/ramon/.m2/repository/com/fasterxml/classmate/1.5.1/classmate-1.5.1.jar' 
2022-06-01 01:16:44.845 DEBUG [acme.Launcher@main] Found classpath entry '/C:/Users/ramon/.m2/repository/org/dom4j/dom4j/2.1.3/dom4j-2.1.3.jar' 
2022-06-01 01:16:44.845 DEBUG [acme.Launcher@main] Found classpath entry '/C:/Users/ramon/.m2/repository/org/hibernate/common/hibernate-commons-annotations/5.1.2.Final/hibernate-commons-annotations-5.1.2.Final.jar' 
2022-06-01 01:16:44.845 DEBUG [acme.Launcher@main] Found classpath entry '/C:/Users/ramon/.m2/repository/org/glassfish/jaxb/jaxb-runtime/2.3.3/jaxb-runtime-2.3.3.jar' 
2022-06-01 01:16:44.846 DEBUG [acme.Launcher@main] Found classpath entry '/C:/Users/ramon/.m2/repository/org/glassfish/jaxb/txw2/2.3.3/txw2-2.3.3.jar' 
2022-06-01 01:16:44.846 DEBUG [acme.Launcher@main] Found classpath entry '/C:/Users/ramon/.m2/repository/com/sun/istack/istack-commons-runtime/3.0.11/istack-commons-runtime-3.0.11.jar' 
2022-06-01 01:16:44.846 DEBUG [acme.Launcher@main] Found classpath entry '/C:/Users/ramon/.m2/repository/com/sun/activation/jakarta.activation/1.2.2/jakarta.activation-1.2.2.jar' 
2022-06-01 01:16:44.846 DEBUG [acme.Launcher@main] Found classpath entry '/C:/Users/ramon/.m2/repository/org/springframework/data/spring-data-jpa/2.4.3/spring-data-jpa-2.4.3.jar' 
2022-06-01 01:16:44.846 DEBUG [acme.Launcher@main] Found classpath entry '/C:/Users/ramon/.m2/repository/org/springframework/data/spring-data-commons/2.4.3/spring-data-commons-2.4.3.jar' 
2022-06-01 01:16:44.846 DEBUG [acme.Launcher@main] Found classpath entry '/C:/Users/ramon/.m2/repository/org/springframework/spring-orm/5.3.3/spring-orm-5.3.3.jar' 
2022-06-01 01:16:44.846 DEBUG [acme.Launcher@main] Found classpath entry '/C:/Users/ramon/.m2/repository/org/springframework/spring-aspects/5.3.3/spring-aspects-5.3.3.jar' 
2022-06-01 01:16:44.846 DEBUG [acme.Launcher@main] Found classpath entry '/C:/Users/ramon/.m2/repository/org/springframework/boot/spring-boot-starter-validation/2.4.2/spring-boot-starter-validation-2.4.2.jar' 
2022-06-01 01:16:44.846 DEBUG [acme.Launcher@main] Found classpath entry '/C:/Users/ramon/.m2/repository/org/hibernate/validator/hibernate-validator/6.1.7.Final/hibernate-validator-6.1.7.Final.jar' 
2022-06-01 01:16:44.846 DEBUG [acme.Launcher@main] Found classpath entry '/C:/Users/ramon/.m2/repository/jakarta/validation/jakarta.validation-api/2.0.2/jakarta.validation-api-2.0.2.jar' 
2022-06-01 01:16:44.847 DEBUG [acme.Launcher@main] Found classpath entry '/C:/Users/ramon/.m2/repository/mysql/mysql-connector-java/8.0.22/mysql-connector-java-8.0.22.jar' 
2022-06-01 01:16:44.847 DEBUG [acme.Launcher@main] Found classpath entry '/C:/Users/ramon/.m2/repository/com/zaxxer/HikariCP/3.4.5/HikariCP-3.4.5.jar' 
2022-06-01 01:16:44.847 DEBUG [acme.Launcher@main] Found classpath entry '/C:/Users/ramon/.m2/repository/org/springframework/boot/spring-boot-starter-test/2.4.2/spring-boot-starter-test-2.4.2.jar' 
2022-06-01 01:16:44.847 DEBUG [acme.Launcher@main] Found classpath entry '/C:/Users/ramon/.m2/repository/org/springframework/boot/spring-boot-test/2.4.2/spring-boot-test-2.4.2.jar' 
2022-06-01 01:16:44.847 DEBUG [acme.Launcher@main] Found classpath entry '/C:/Users/ramon/.m2/repository/org/springframework/boot/spring-boot-test-autoconfigure/2.4.2/spring-boot-test-autoconfigure-2.4.2.jar' 
2022-06-01 01:16:44.847 DEBUG [acme.Launcher@main] Found classpath entry '/C:/Users/ramon/.m2/repository/com/jayway/jsonpath/json-path/2.4.0/json-path-2.4.0.jar' 
2022-06-01 01:16:44.847 DEBUG [acme.Launcher@main] Found classpath entry '/C:/Users/ramon/.m2/repository/net/minidev/json-smart/2.3/json-smart-2.3.jar' 
2022-06-01 01:16:44.847 DEBUG [acme.Launcher@main] Found classpath entry '/C:/Users/ramon/.m2/repository/net/minidev/accessors-smart/1.2/accessors-smart-1.2.jar' 
2022-06-01 01:16:44.847 DEBUG [acme.Launcher@main] Found classpath entry '/C:/Users/ramon/.m2/repository/org/ow2/asm/asm/5.0.4/asm-5.0.4.jar' 
2022-06-01 01:16:44.847 DEBUG [acme.Launcher@main] Found classpath entry '/C:/Users/ramon/.m2/repository/jakarta/xml/bind/jakarta.xml.bind-api/2.3.3/jakarta.xml.bind-api-2.3.3.jar' 
2022-06-01 01:16:44.847 DEBUG [acme.Launcher@main] Found classpath entry '/C:/Users/ramon/.m2/repository/jakarta/activation/jakarta.activation-api/1.2.2/jakarta.activation-api-1.2.2.jar' 
2022-06-01 01:16:44.848 DEBUG [acme.Launcher@main] Found classpath entry '/C:/Users/ramon/.m2/repository/org/assertj/assertj-core/3.18.1/assertj-core-3.18.1.jar' 
2022-06-01 01:16:44.848 DEBUG [acme.Launcher@main] Found classpath entry '/C:/Users/ramon/.m2/repository/org/hamcrest/hamcrest/2.2/hamcrest-2.2.jar' 
2022-06-01 01:16:44.848 DEBUG [acme.Launcher@main] Found classpath entry '/C:/Users/ramon/.m2/repository/org/junit/jupiter/junit-jupiter/5.7.0/junit-jupiter-5.7.0.jar' 
2022-06-01 01:16:44.848 DEBUG [acme.Launcher@main] Found classpath entry '/C:/Users/ramon/.m2/repository/org/mockito/mockito-core/3.6.28/mockito-core-3.6.28.jar' 
2022-06-01 01:16:44.848 DEBUG [acme.Launcher@main] Found classpath entry '/C:/Users/ramon/.m2/repository/net/bytebuddy/byte-buddy-agent/1.10.19/byte-buddy-agent-1.10.19.jar' 
2022-06-01 01:16:44.848 DEBUG [acme.Launcher@main] Found classpath entry '/C:/Users/ramon/.m2/repository/org/objenesis/objenesis/3.1/objenesis-3.1.jar' 
2022-06-01 01:16:44.848 DEBUG [acme.Launcher@main] Found classpath entry '/C:/Users/ramon/.m2/repository/org/mockito/mockito-junit-jupiter/3.6.28/mockito-junit-jupiter-3.6.28.jar' 
2022-06-01 01:16:44.848 DEBUG [acme.Launcher@main] Found classpath entry '/C:/Users/ramon/.m2/repository/org/skyscreamer/jsonassert/1.5.0/jsonassert-1.5.0.jar' 
2022-06-01 01:16:44.848 DEBUG [acme.Launcher@main] Found classpath entry '/C:/Users/ramon/.m2/repository/com/vaadin/external/google/android-json/0.0.20131108.vaadin1/android-json-0.0.20131108.vaadin1.jar' 
2022-06-01 01:16:44.848 DEBUG [acme.Launcher@main] Found classpath entry '/C:/Users/ramon/.m2/repository/org/springframework/spring-test/5.3.3/spring-test-5.3.3.jar' 
2022-06-01 01:16:44.848 DEBUG [acme.Launcher@main] Found classpath entry '/C:/Users/ramon/.m2/repository/org/xmlunit/xmlunit-core/2.7.0/xmlunit-core-2.7.0.jar' 
2022-06-01 01:16:44.848 DEBUG [acme.Launcher@main] Found classpath entry '/C:/Users/ramon/.m2/repository/org/junit/jupiter/junit-jupiter-engine/5.7.0/junit-jupiter-engine-5.7.0.jar' 
2022-06-01 01:16:44.849 DEBUG [acme.Launcher@main] Found classpath entry '/C:/Users/ramon/.m2/repository/org/apiguardian/apiguardian-api/1.1.0/apiguardian-api-1.1.0.jar' 
2022-06-01 01:16:44.849 DEBUG [acme.Launcher@main] Found classpath entry '/C:/Users/ramon/.m2/repository/org/junit/platform/junit-platform-engine/1.7.0/junit-platform-engine-1.7.0.jar' 
2022-06-01 01:16:44.849 DEBUG [acme.Launcher@main] Found classpath entry '/C:/Users/ramon/.m2/repository/org/junit/jupiter/junit-jupiter-api/5.7.0/junit-jupiter-api-5.7.0.jar' 
2022-06-01 01:16:44.849 DEBUG [acme.Launcher@main] Found classpath entry '/C:/Users/ramon/.m2/repository/org/opentest4j/opentest4j/1.2.0/opentest4j-1.2.0.jar' 
2022-06-01 01:16:44.849 DEBUG [acme.Launcher@main] Found classpath entry '/C:/Users/ramon/.m2/repository/org/junit/platform/junit-platform-commons/1.7.0/junit-platform-commons-1.7.0.jar' 
2022-06-01 01:16:44.849 DEBUG [acme.Launcher@main] Found classpath entry '/C:/Users/ramon/.m2/repository/org/junit/jupiter/junit-jupiter-params/5.7.0/junit-jupiter-params-5.7.0.jar' 
2022-06-01 01:16:44.849 DEBUG [acme.Launcher@main] Found classpath entry '/C:/Users/ramon/.m2/repository/org/junit/platform/junit-platform-launcher/1.7.0/junit-platform-launcher-1.7.0.jar' 
2022-06-01 01:16:44.849 DEBUG [acme.Launcher@main] Found classpath entry '/C:/Users/ramon/.m2/repository/org/seleniumhq/selenium/selenium-java/3.141.59/selenium-java-3.141.59.jar' 
2022-06-01 01:16:44.849 DEBUG [acme.Launcher@main] Found classpath entry '/C:/Users/ramon/.m2/repository/org/seleniumhq/selenium/selenium-api/3.141.59/selenium-api-3.141.59.jar' 
2022-06-01 01:16:44.849 DEBUG [acme.Launcher@main] Found classpath entry '/C:/Users/ramon/.m2/repository/org/seleniumhq/selenium/selenium-chrome-driver/3.141.59/selenium-chrome-driver-3.141.59.jar' 
2022-06-01 01:16:44.849 DEBUG [acme.Launcher@main] Found classpath entry '/C:/Users/ramon/.m2/repository/org/seleniumhq/selenium/selenium-edge-driver/3.141.59/selenium-edge-driver-3.141.59.jar' 
2022-06-01 01:16:44.850 DEBUG [acme.Launcher@main] Found classpath entry '/C:/Users/ramon/.m2/repository/org/seleniumhq/selenium/selenium-firefox-driver/3.141.59/selenium-firefox-driver-3.141.59.jar' 
2022-06-01 01:16:44.850 DEBUG [acme.Launcher@main] Found classpath entry '/C:/Users/ramon/.m2/repository/org/seleniumhq/selenium/selenium-ie-driver/3.141.59/selenium-ie-driver-3.141.59.jar' 
2022-06-01 01:16:44.850 DEBUG [acme.Launcher@main] Found classpath entry '/C:/Users/ramon/.m2/repository/org/seleniumhq/selenium/selenium-opera-driver/3.141.59/selenium-opera-driver-3.141.59.jar' 
2022-06-01 01:16:44.850 DEBUG [acme.Launcher@main] Found classpath entry '/C:/Users/ramon/.m2/repository/org/seleniumhq/selenium/selenium-remote-driver/3.141.59/selenium-remote-driver-3.141.59.jar' 
2022-06-01 01:16:44.850 DEBUG [acme.Launcher@main] Found classpath entry '/C:/Users/ramon/.m2/repository/org/seleniumhq/selenium/selenium-safari-driver/3.141.59/selenium-safari-driver-3.141.59.jar' 
2022-06-01 01:16:44.850 DEBUG [acme.Launcher@main] Found classpath entry '/C:/Users/ramon/.m2/repository/org/seleniumhq/selenium/selenium-support/3.141.59/selenium-support-3.141.59.jar' 
2022-06-01 01:16:44.850 DEBUG [acme.Launcher@main] Found classpath entry '/C:/Users/ramon/.m2/repository/net/bytebuddy/byte-buddy/1.10.19/byte-buddy-1.10.19.jar' 
2022-06-01 01:16:44.850 DEBUG [acme.Launcher@main] Found classpath entry '/C:/Users/ramon/.m2/repository/org/apache/commons/commons-exec/1.3/commons-exec-1.3.jar' 
2022-06-01 01:16:44.850 DEBUG [acme.Launcher@main] Found classpath entry '/C:/Users/ramon/.m2/repository/com/google/guava/guava/25.0-jre/guava-25.0-jre.jar' 
2022-06-01 01:16:44.850 DEBUG [acme.Launcher@main] Found classpath entry '/C:/Users/ramon/.m2/repository/com/google/code/findbugs/jsr305/1.3.9/jsr305-1.3.9.jar' 
2022-06-01 01:16:44.850 DEBUG [acme.Launcher@main] Found classpath entry '/C:/Users/ramon/.m2/repository/org/checkerframework/checker-compat-qual/2.0.0/checker-compat-qual-2.0.0.jar' 
2022-06-01 01:16:44.850 DEBUG [acme.Launcher@main] Found classpath entry '/C:/Users/ramon/.m2/repository/com/google/errorprone/error_prone_annotations/2.1.3/error_prone_annotations-2.1.3.jar' 
2022-06-01 01:16:44.851 DEBUG [acme.Launcher@main] Found classpath entry '/C:/Users/ramon/.m2/repository/com/google/j2objc/j2objc-annotations/1.1/j2objc-annotations-1.1.jar' 
2022-06-01 01:16:44.851 DEBUG [acme.Launcher@main] Found classpath entry '/C:/Users/ramon/.m2/repository/org/codehaus/mojo/animal-sniffer-annotations/1.14/animal-sniffer-annotations-1.14.jar' 
2022-06-01 01:16:44.851 DEBUG [acme.Launcher@main] Found classpath entry '/C:/Users/ramon/.m2/repository/com/squareup/okhttp3/okhttp/3.14.9/okhttp-3.14.9.jar' 
2022-06-01 01:16:44.851 DEBUG [acme.Launcher@main] Found classpath entry '/C:/Users/ramon/.m2/repository/com/squareup/okio/okio/1.14.0/okio-1.14.0.jar' 
2022-06-01 01:16:44.851 DEBUG [acme.Launcher@main] Found classpath entry '/C:/Users/ramon/.m2/repository/org/apache/commons/commons-lang3/3.11/commons-lang3-3.11.jar' 
2022-06-01 01:16:44.851 DEBUG [acme.Launcher@main] Found classpath entry '/C:/Users/ramon/.m2/repository/org/apache/commons/commons-text/1.8/commons-text-1.8.jar' 
2022-06-01 01:16:44.851 DEBUG [acme.Launcher@main] Found classpath entry '/C:/Users/ramon/.m2/repository/commons-io/commons-io/2.6/commons-io-2.6.jar' 
2022-06-01 01:16:44.851 DEBUG [acme.Launcher@main] Found classpath entry '/C:/Users/ramon/.m2/repository/commons-cli/commons-cli/1.4/commons-cli-1.4.jar' 
2022-06-01 01:16:44.851 DEBUG [acme.Launcher@main] Found classpath entry '/C:/Users/ramon/.m2/repository/org/projectlombok/lombok/1.18.16/lombok-1.18.16.jar' 
2022-06-01 01:16:44.851 DEBUG [acme.Launcher@main] Found classpath entry '/C:/Users/ramon/.m2/repository/com/opencsv/opencsv/5.4/opencsv-5.4.jar' 
2022-06-01 01:16:44.851 DEBUG [acme.Launcher@main] Found classpath entry '/C:/Users/ramon/.m2/repository/commons-beanutils/commons-beanutils/1.9.4/commons-beanutils-1.9.4.jar' 
2022-06-01 01:16:44.851 DEBUG [acme.Launcher@main] Found classpath entry '/C:/Users/ramon/.m2/repository/commons-logging/commons-logging/1.2/commons-logging-1.2.jar' 
2022-06-01 01:16:44.852 DEBUG [acme.Launcher@main] Found classpath entry '/C:/Users/ramon/.m2/repository/commons-collections/commons-collections/3.2.2/commons-collections-3.2.2.jar' 
2022-06-01 01:16:44.852 DEBUG [acme.Launcher@main] Found classpath entry '/C:/Users/ramon/.m2/repository/org/apache/commons/commons-collections4/4.4/commons-collections4-4.4.jar' 
2022-06-01 01:16:44.952 DEBUG [acme.Launcher@main] Found entity class 'acme.entities.announcement.Announcement 
2022-06-01 01:16:44.952 DEBUG [acme.Launcher@main] Found entity class 'acme.entities.artefact.Artefact 
2022-06-01 01:16:44.952 DEBUG [acme.Launcher@main] Found entity class 'acme.entities.artefact.Quantity 
2022-06-01 01:16:44.952 DEBUG [acme.Launcher@main] Found entity class 'acme.entities.chimpum.Chimpum 
2022-06-01 01:16:44.952 DEBUG [acme.Launcher@main] Found entity class 'acme.entities.chirp.Chirp 
2022-06-01 01:16:44.952 DEBUG [acme.Launcher@main] Found entity class 'acme.entities.patonages.Patronages 
2022-06-01 01:16:44.952 DEBUG [acme.Launcher@main] Found entity class 'acme.entities.patronageReport.PatronageReport 
2022-06-01 01:16:44.953 DEBUG [acme.Launcher@main] Found entity class 'acme.entities.systemConfiguration.ExchangeRate 
2022-06-01 01:16:44.953 DEBUG [acme.Launcher@main] Found entity class 'acme.entities.systemConfiguration.SystemConfiguration 
2022-06-01 01:16:44.953 DEBUG [acme.Launcher@main] Found entity class 'acme.entities.toolkit.Toolkit 
2022-06-01 01:16:44.953 DEBUG [acme.Launcher@main] Found entity class 'acme.roles.Inventor 
2022-06-01 01:16:44.953 DEBUG [acme.Launcher@main] Found entity class 'acme.roles.Patron 
2022-06-01 01:16:44.953 DEBUG [acme.Launcher@main] Found entity class 'acme.framework.entities.UserAccount 
2022-06-01 01:16:44.953 DEBUG [acme.Launcher@main] Found entity class 'acme.framework.roles.Administrator 
2022-06-01 01:16:44.953 DEBUG [acme.Launcher@main] Found entity class 'acme.framework.roles.Anonymous 
2022-06-01 01:16:44.953 DEBUG [acme.Launcher@main] Found entity class 'acme.framework.roles.Any 
2022-06-01 01:16:44.953 DEBUG [acme.Launcher@main] Found entity class 'acme.framework.roles.Authenticated 
2022-06-01 01:16:44.957 INFO  [acme.Launcher@main] Running application (Standalone) 
2022-06-01 01:16:48.914 DEBUG [org.hibernate.SQL@http-nio-8080-exec-2] select useraccoun0_.id as id1_0_, useraccoun0_.version as version2_0_, useraccoun0_.enabled as enabled1_17_, useraccoun0_.identity as identity2_17_, useraccoun0_.password as password3_17_, useraccoun0_.username as username4_17_ from user_account useraccoun0_ where useraccoun0_.username=? 
2022-06-01 01:16:48.938 TRACE [org.hibernate.type.descriptor.sql.BasicBinder@http-nio-8080-exec-2] binding parameter [1] as [VARCHAR] - [inventor1] 
2022-06-01 01:16:49.004 DEBUG [org.hibernate.SQL@http-nio-8080-exec-2] select roles0_.user_account_id as user_acc1_18_0_, roles0_.id as id1_18_0_, roles0_.id as id1_0_1_, roles0_.version as version2_0_1_, roles0_.user_account_id as user_acc1_18_1_, roles0_.company as company1_10_1_, roles0_.link as link2_10_1_, roles0_.statement as statemen3_10_1_, roles0_.company as company1_11_1_, roles0_.link as link2_11_1_, roles0_.statement as statemen3_11_1_, roles0_.clazz_ as clazz_1_ from ( select id, version, user_account_id, company, link, statement, 12 as clazz_ from inventor union all select id, version, user_account_id, company, link, statement, 13 as clazz_ from patron union all select id, version, user_account_id, null as company, null as link, null as statement, 15 as clazz_ from administrator union all select id, version, user_account_id, null as company, null as link, null as statement, 16 as clazz_ from anonymous union all select id, version, user_account_id, null as company, null as link, null as statement, 17 as clazz_ from any union all select id, version, user_account_id, null as company, null as link, null as statement, 18 as clazz_ from authenticated ) roles0_ where roles0_.user_account_id=? 
2022-06-01 01:16:49.005 TRACE [org.hibernate.type.descriptor.sql.BasicBinder@http-nio-8080-exec-2] binding parameter [1] as [INTEGER] - [13] 
2022-06-01 01:16:49.075 DEBUG [org.hibernate.SQL@http-nio-8080-exec-3] select useraccoun0_.id as id1_0_, useraccoun0_.version as version2_0_, useraccoun0_.enabled as enabled1_17_, useraccoun0_.identity as identity2_17_, useraccoun0_.password as password3_17_, useraccoun0_.username as username4_17_ from user_account useraccoun0_ where useraccoun0_.username=? 
2022-06-01 01:16:49.075 TRACE [org.hibernate.type.descriptor.sql.BasicBinder@http-nio-8080-exec-3] binding parameter [1] as [VARCHAR] - [inventor1] 
2022-06-01 01:16:49.077 DEBUG [org.hibernate.SQL@http-nio-8080-exec-3] select roles0_.user_account_id as user_acc1_18_0_, roles0_.id as id1_18_0_, roles0_.id as id1_0_1_, roles0_.version as version2_0_1_, roles0_.user_account_id as user_acc1_18_1_, roles0_.company as company1_10_1_, roles0_.link as link2_10_1_, roles0_.statement as statemen3_10_1_, roles0_.company as company1_11_1_, roles0_.link as link2_11_1_, roles0_.statement as statemen3_11_1_, roles0_.clazz_ as clazz_1_ from ( select id, version, user_account_id, company, link, statement, 12 as clazz_ from inventor union all select id, version, user_account_id, company, link, statement, 13 as clazz_ from patron union all select id, version, user_account_id, null as company, null as link, null as statement, 15 as clazz_ from administrator union all select id, version, user_account_id, null as company, null as link, null as statement, 16 as clazz_ from anonymous union all select id, version, user_account_id, null as company, null as link, null as statement, 17 as clazz_ from any union all select id, version, user_account_id, null as company, null as link, null as statement, 18 as clazz_ from authenticated ) roles0_ where roles0_.user_account_id=? 
2022-06-01 01:16:49.078 TRACE [org.hibernate.type.descriptor.sql.BasicBinder@http-nio-8080-exec-3] binding parameter [1] as [INTEGER] - [13] 
2022-06-01 01:16:49.090 DEBUG [acme.framework.components.tiles.DynamicTilesView@http-nio-8080-exec-4] View name 'fragments/welcome', model {} 
2022-06-01 01:16:49.110 DEBUG [org.apache.tiles.definition.dao.BaseLocaleUrlDefinitionDAO@http-nio-8080-exec-4] File Resource file:/C:/Users/ramon/git/controlcheck/target/classes/WEB-INF/views/master/tiles_en.xml at file:/C:/Users/ramon/git/controlcheck/target/classes/WEB-INF/views/master/tiles_en.xml not found, continue 
2022-06-01 01:16:49.121 DEBUG [org.apache.jasper.servlet.JspServlet@http-nio-8080-exec-4] JspEngine --> /WEB-INF/views/master/page.jsp 
2022-06-01 01:16:49.121 DEBUG [org.apache.jasper.servlet.JspServlet@http-nio-8080-exec-4] ServletPath: /WEB-INF/views/master/page.jsp 
2022-06-01 01:16:49.122 DEBUG [org.apache.jasper.servlet.JspServlet@http-nio-8080-exec-4] PathInfo: null 
2022-06-01 01:16:49.123 DEBUG [org.apache.jasper.servlet.JspServlet@http-nio-8080-exec-4] RealPath: C:\Users\ramon\git\controlcheck\target\classes\WEB-INF\views\master\page.jsp 
2022-06-01 01:16:49.124 DEBUG [org.apache.jasper.servlet.JspServlet@http-nio-8080-exec-4] RequestURI: /acme-toolkits-0.1/WEB-INF/views/master/page.jsp 
2022-06-01 01:16:49.124 DEBUG [org.apache.jasper.servlet.JspServlet@http-nio-8080-exec-4] QueryString: null 
2022-06-01 01:16:52.708 DEBUG [acme.framework.components.tiles.DynamicTilesView@http-nio-8080-exec-5] View name 'fragments/welcome', model {} 
2022-06-01 01:16:52.709 DEBUG [org.apache.jasper.servlet.JspServlet@http-nio-8080-exec-5] JspEngine --> /WEB-INF/views/master/page.jsp 
2022-06-01 01:16:52.709 DEBUG [org.apache.jasper.servlet.JspServlet@http-nio-8080-exec-5] ServletPath: /WEB-INF/views/master/page.jsp 
2022-06-01 01:16:52.710 DEBUG [org.apache.jasper.servlet.JspServlet@http-nio-8080-exec-5] PathInfo: null 
2022-06-01 01:16:52.711 DEBUG [org.apache.jasper.servlet.JspServlet@http-nio-8080-exec-5] RealPath: C:\Users\ramon\git\controlcheck\target\classes\WEB-INF\views\master\page.jsp 
2022-06-01 01:16:52.711 DEBUG [org.apache.jasper.servlet.JspServlet@http-nio-8080-exec-5] RequestURI: /acme-toolkits-0.1/WEB-INF/views/master/page.jsp 
2022-06-01 01:16:52.712 DEBUG [org.apache.jasper.servlet.JspServlet@http-nio-8080-exec-5] QueryString: null 
2022-06-01 01:16:52.971 DEBUG [acme.framework.configuration.ExtendedMessageSource@http-nio-8080-exec-5] Loading properties [C:\Users\ramon\git\controlcheck\target\classes\WEB-INF\views\administrator\administrator-dashboard\messages-en.i18n] with encoding 'utf-8' 
2022-06-01 01:16:52.972 DEBUG [acme.framework.configuration.ExtendedMessageSource@http-nio-8080-exec-5] Loading properties [C:\Users\ramon\git\controlcheck\target\classes\WEB-INF\views\administrator\announcement\messages-en.i18n] with encoding 'utf-8' 
2022-06-01 01:16:52.973 DEBUG [acme.framework.configuration.ExtendedMessageSource@http-nio-8080-exec-5] Loading properties [C:\Users\ramon\git\controlcheck\target\classes\WEB-INF\views\administrator\system-configuration\messages-en.i18n] with encoding 'utf-8' 
2022-06-01 01:16:52.973 DEBUG [acme.framework.configuration.ExtendedMessageSource@http-nio-8080-exec-5] Loading properties [C:\Users\ramon\git\controlcheck\target\classes\WEB-INF\views\administrator\user-account\messages-en.i18n] with encoding 'utf-8' 
2022-06-01 01:16:52.974 DEBUG [acme.framework.configuration.ExtendedMessageSource@http-nio-8080-exec-5] Loading properties [C:\Users\ramon\git\controlcheck\target\classes\WEB-INF\views\anonymous\user-account\messages-en.i18n] with encoding 'utf-8' 
2022-06-01 01:16:52.974 DEBUG [acme.framework.configuration.ExtendedMessageSource@http-nio-8080-exec-5] Loading properties [C:\Users\ramon\git\controlcheck\target\classes\WEB-INF\views\any\artefact\messages-en.i18n] with encoding 'utf-8' 
2022-06-01 01:16:52.974 DEBUG [acme.framework.configuration.ExtendedMessageSource@http-nio-8080-exec-5] Loading properties [C:\Users\ramon\git\controlcheck\target\classes\WEB-INF\views\any\chirp\messages-en.i18n] with encoding 'utf-8' 
2022-06-01 01:16:52.975 DEBUG [acme.framework.configuration.ExtendedMessageSource@http-nio-8080-exec-5] Loading properties [C:\Users\ramon\git\controlcheck\target\classes\WEB-INF\views\any\toolkit\messages-en.i18n] with encoding 'utf-8' 
2022-06-01 01:16:52.975 DEBUG [acme.framework.configuration.ExtendedMessageSource@http-nio-8080-exec-5] Loading properties [C:\Users\ramon\git\controlcheck\target\classes\WEB-INF\views\any\user-account\messages-en.i18n] with encoding 'utf-8' 
2022-06-01 01:16:52.976 DEBUG [acme.framework.configuration.ExtendedMessageSource@http-nio-8080-exec-5] Loading properties [C:\Users\ramon\git\controlcheck\target\classes\WEB-INF\views\authenticated\announcement\messages-en.i18n] with encoding 'utf-8' 
2022-06-01 01:16:52.976 DEBUG [acme.framework.configuration.ExtendedMessageSource@http-nio-8080-exec-5] Loading properties [C:\Users\ramon\git\controlcheck\target\classes\WEB-INF\views\authenticated\consumer\messsages-en.i18n] with encoding 'utf-8' 
2022-06-01 01:16:52.976 DEBUG [acme.framework.configuration.ExtendedMessageSource@http-nio-8080-exec-5] Loading properties [C:\Users\ramon\git\controlcheck\target\classes\WEB-INF\views\authenticated\inventor\messsages-en.i18n] with encoding 'utf-8' 
2022-06-01 01:16:52.977 DEBUG [acme.framework.configuration.ExtendedMessageSource@http-nio-8080-exec-5] Loading properties [C:\Users\ramon\git\controlcheck\target\classes\WEB-INF\views\authenticated\money-exchange\messages-en.i18n] with encoding 'utf-8' 
2022-06-01 01:16:52.977 DEBUG [acme.framework.configuration.ExtendedMessageSource@http-nio-8080-exec-5] Loading properties [C:\Users\ramon\git\controlcheck\target\classes\WEB-INF\views\authenticated\patron\messsages-en.i18n] with encoding 'utf-8' 
2022-06-01 01:16:52.978 DEBUG [acme.framework.configuration.ExtendedMessageSource@http-nio-8080-exec-5] Loading properties [C:\Users\ramon\git\controlcheck\target\classes\WEB-INF\views\authenticated\provider\messsages-en.i18n] with encoding 'utf-8' 
2022-06-01 01:16:52.978 DEBUG [acme.framework.configuration.ExtendedMessageSource@http-nio-8080-exec-5] Loading properties [C:\Users\ramon\git\controlcheck\target\classes\WEB-INF\views\authenticated\system-configuration\messages-en.i18n] with encoding 'utf-8' 
2022-06-01 01:16:52.980 DEBUG [acme.framework.configuration.ExtendedMessageSource@http-nio-8080-exec-5] Loading properties [C:\Users\ramon\git\controlcheck\target\classes\WEB-INF\views\authenticated\user-account\messages-en.i18n] with encoding 'utf-8' 
2022-06-01 01:16:52.981 DEBUG [acme.framework.configuration.ExtendedMessageSource@http-nio-8080-exec-5] Loading properties [C:\Users\ramon\git\controlcheck\target\classes\WEB-INF\views\fragments\banner-en.i18n] with encoding 'utf-8' 
2022-06-01 01:16:52.983 DEBUG [acme.framework.configuration.ExtendedMessageSource@http-nio-8080-exec-5] Loading properties [C:\Users\ramon\git\controlcheck\target\classes\WEB-INF\views\fragments\company-en.i18n] with encoding 'utf-8' 
2022-06-01 01:16:52.983 DEBUG [acme.framework.configuration.ExtendedMessageSource@http-nio-8080-exec-5] Loading properties [C:\Users\ramon\git\controlcheck\target\classes\WEB-INF\views\fragments\error-en.i18n] with encoding 'utf-8' 
2022-06-01 01:16:52.984 DEBUG [acme.framework.configuration.ExtendedMessageSource@http-nio-8080-exec-5] Loading properties [C:\Users\ramon\git\controlcheck\target\classes\WEB-INF\views\fragments\footer-en.i18n] with encoding 'utf-8' 
2022-06-01 01:16:52.985 DEBUG [acme.framework.configuration.ExtendedMessageSource@http-nio-8080-exec-5] Loading properties [C:\Users\ramon\git\controlcheck\target\classes\WEB-INF\views\fragments\license-en.i18n] with encoding 'utf-8' 
2022-06-01 01:16:52.986 DEBUG [acme.framework.configuration.ExtendedMessageSource@http-nio-8080-exec-5] Loading properties [C:\Users\ramon\git\controlcheck\target\classes\WEB-INF\views\fragments\menu-en.i18n] with encoding 'utf-8' 
2022-06-01 01:16:52.987 DEBUG [acme.framework.configuration.ExtendedMessageSource@http-nio-8080-exec-5] Loading properties [C:\Users\ramon\git\controlcheck\target\classes\WEB-INF\views\fragments\messages-en.i18n] with encoding 'utf-8' 
2022-06-01 01:16:52.988 DEBUG [acme.framework.configuration.ExtendedMessageSource@http-nio-8080-exec-5] Loading properties [C:\Users\ramon\git\controlcheck\target\classes\WEB-INF\views\fragments\messsages-en.i18n] with encoding 'utf-8' 
2022-06-01 01:16:52.989 DEBUG [acme.framework.configuration.ExtendedMessageSource@http-nio-8080-exec-5] Loading properties [C:\Users\ramon\git\controlcheck\target\classes\WEB-INF\views\fragments\title-en.i18n] with encoding 'utf-8' 
2022-06-01 01:16:52.989 DEBUG [acme.framework.configuration.ExtendedMessageSource@http-nio-8080-exec-5] Loading properties [C:\Users\ramon\git\controlcheck\target\classes\WEB-INF\views\fragments\welcome-en.i18n] with encoding 'utf-8' 
2022-06-01 01:16:52.990 DEBUG [acme.framework.configuration.ExtendedMessageSource@http-nio-8080-exec-5] Loading properties [C:\Users\ramon\git\controlcheck\target\classes\WEB-INF\views\inventor\announcement\messages-en.i18n] with encoding 'utf-8' 
2022-06-01 01:16:52.990 DEBUG [acme.framework.configuration.ExtendedMessageSource@http-nio-8080-exec-5] Loading properties [C:\Users\ramon\git\controlcheck\target\classes\WEB-INF\views\inventor\artefact\messages-en.i18n] with encoding 'utf-8' 
2022-06-01 01:16:52.990 DEBUG [acme.framework.configuration.ExtendedMessageSource@http-nio-8080-exec-5] Loading properties [C:\Users\ramon\git\controlcheck\target\classes\WEB-INF\views\inventor\chimpum\messages-en.i18n] with encoding 'utf-8' 
2022-06-01 01:16:52.991 DEBUG [acme.framework.configuration.ExtendedMessageSource@http-nio-8080-exec-5] Loading properties [C:\Users\ramon\git\controlcheck\target\classes\WEB-INF\views\inventor\patronage-report\messages-en.i18n] with encoding 'utf-8' 
2022-06-01 01:16:52.991 DEBUG [acme.framework.configuration.ExtendedMessageSource@http-nio-8080-exec-5] Loading properties [C:\Users\ramon\git\controlcheck\target\classes\WEB-INF\views\inventor\patronages\messages-en.i18n] with encoding 'utf-8' 
2022-06-01 01:16:52.992 DEBUG [acme.framework.configuration.ExtendedMessageSource@http-nio-8080-exec-5] Loading properties [C:\Users\ramon\git\controlcheck\target\classes\WEB-INF\views\inventor\toolkit\messages-en.i18n] with encoding 'utf-8' 
2022-06-01 01:16:52.992 DEBUG [acme.framework.configuration.ExtendedMessageSource@http-nio-8080-exec-5] Loading properties [C:\Users\ramon\git\controlcheck\target\classes\WEB-INF\views\master\defaults-en.i18n] with encoding 'utf-8' 
2022-06-01 01:16:52.993 DEBUG [acme.framework.configuration.ExtendedMessageSource@http-nio-8080-exec-5] Loading properties [C:\Users\ramon\git\controlcheck\target\classes\WEB-INF\views\master\master-en.i18n] with encoding 'utf-8' 
2022-06-01 01:16:52.994 DEBUG [acme.framework.configuration.ExtendedMessageSource@http-nio-8080-exec-5] Loading properties [C:\Users\ramon\git\controlcheck\target\classes\WEB-INF\views\master\throwables-en.i18n] with encoding 'utf-8' 
2022-06-01 01:16:52.994 DEBUG [acme.framework.configuration.ExtendedMessageSource@http-nio-8080-exec-5] Loading properties [C:\Users\ramon\git\controlcheck\target\classes\WEB-INF\views\master\validation-en.i18n] with encoding 'utf-8' 
2022-06-01 01:16:52.996 DEBUG [acme.framework.configuration.ExtendedMessageSource@http-nio-8080-exec-5] Loading properties [C:\Users\ramon\git\controlcheck\target\classes\WEB-INF\views\patron\announcement\messages-en.i18n] with encoding 'utf-8' 
2022-06-01 01:16:52.998 DEBUG [acme.framework.configuration.ExtendedMessageSource@http-nio-8080-exec-5] Loading properties [C:\Users\ramon\git\controlcheck\target\classes\WEB-INF\views\patron\patron-dashboard\messages-en.i18n] with encoding 'utf-8' 
2022-06-01 01:16:52.999 DEBUG [acme.framework.configuration.ExtendedMessageSource@http-nio-8080-exec-5] Loading properties [C:\Users\ramon\git\controlcheck\target\classes\WEB-INF\views\patron\patronage-report\messages-en.i18n] with encoding 'utf-8' 
2022-06-01 01:16:53 DEBUG [acme.framework.configuration.ExtendedMessageSource@http-nio-8080-exec-5] Loading properties [C:\Users\ramon\git\controlcheck\target\classes\WEB-INF\views\patron\patronages\messages-en.i18n] with encoding 'utf-8' 
2022-06-01 01:16:53.015 DEBUG [acme.framework.configuration.ExtendedMessageSource@http-nio-8080-exec-4] Loading properties [C:\Users\ramon\git\controlcheck\target\classes\WEB-INF\views\administrator\administrator-dashboard\messages-en.i18n] with encoding 'utf-8' 
2022-06-01 01:16:53.017 DEBUG [acme.framework.configuration.ExtendedMessageSource@http-nio-8080-exec-4] Loading properties [C:\Users\ramon\git\controlcheck\target\classes\WEB-INF\views\administrator\announcement\messages-en.i18n] with encoding 'utf-8' 
2022-06-01 01:16:53.018 DEBUG [acme.framework.configuration.ExtendedMessageSource@http-nio-8080-exec-4] Loading properties [C:\Users\ramon\git\controlcheck\target\classes\WEB-INF\views\administrator\system-configuration\messages-en.i18n] with encoding 'utf-8' 
2022-06-01 01:16:53.019 DEBUG [acme.framework.configuration.ExtendedMessageSource@http-nio-8080-exec-4] Loading properties [C:\Users\ramon\git\controlcheck\target\classes\WEB-INF\views\administrator\user-account\messages-en.i18n] with encoding 'utf-8' 
2022-06-01 01:16:53.019 DEBUG [acme.framework.configuration.ExtendedMessageSource@http-nio-8080-exec-4] Loading properties [C:\Users\ramon\git\controlcheck\target\classes\WEB-INF\views\anonymous\user-account\messages-en.i18n] with encoding 'utf-8' 
2022-06-01 01:16:53.020 DEBUG [acme.framework.configuration.ExtendedMessageSource@http-nio-8080-exec-4] Loading properties [C:\Users\ramon\git\controlcheck\target\classes\WEB-INF\views\any\artefact\messages-en.i18n] with encoding 'utf-8' 
2022-06-01 01:16:53.020 DEBUG [acme.framework.configuration.ExtendedMessageSource@http-nio-8080-exec-4] Loading properties [C:\Users\ramon\git\controlcheck\target\classes\WEB-INF\views\any\chirp\messages-en.i18n] with encoding 'utf-8' 
2022-06-01 01:16:53.021 DEBUG [acme.framework.configuration.ExtendedMessageSource@http-nio-8080-exec-4] Loading properties [C:\Users\ramon\git\controlcheck\target\classes\WEB-INF\views\any\toolkit\messages-en.i18n] with encoding 'utf-8' 
2022-06-01 01:16:53.021 DEBUG [acme.framework.configuration.ExtendedMessageSource@http-nio-8080-exec-4] Loading properties [C:\Users\ramon\git\controlcheck\target\classes\WEB-INF\views\any\user-account\messages-en.i18n] with encoding 'utf-8' 
2022-06-01 01:16:53.022 DEBUG [acme.framework.configuration.ExtendedMessageSource@http-nio-8080-exec-4] Loading properties [C:\Users\ramon\git\controlcheck\target\classes\WEB-INF\views\authenticated\announcement\messages-en.i18n] with encoding 'utf-8' 
2022-06-01 01:16:53.022 DEBUG [acme.framework.configuration.ExtendedMessageSource@http-nio-8080-exec-4] Loading properties [C:\Users\ramon\git\controlcheck\target\classes\WEB-INF\views\authenticated\consumer\messsages-en.i18n] with encoding 'utf-8' 
2022-06-01 01:16:53.023 DEBUG [acme.framework.configuration.ExtendedMessageSource@http-nio-8080-exec-4] Loading properties [C:\Users\ramon\git\controlcheck\target\classes\WEB-INF\views\authenticated\inventor\messsages-en.i18n] with encoding 'utf-8' 
2022-06-01 01:16:53.023 DEBUG [acme.framework.configuration.ExtendedMessageSource@http-nio-8080-exec-4] Loading properties [C:\Users\ramon\git\controlcheck\target\classes\WEB-INF\views\authenticated\money-exchange\messages-en.i18n] with encoding 'utf-8' 
2022-06-01 01:16:53.024 DEBUG [acme.framework.configuration.ExtendedMessageSource@http-nio-8080-exec-4] Loading properties [C:\Users\ramon\git\controlcheck\target\classes\WEB-INF\views\authenticated\patron\messsages-en.i18n] with encoding 'utf-8' 
2022-06-01 01:16:53.025 DEBUG [acme.framework.configuration.ExtendedMessageSource@http-nio-8080-exec-4] Loading properties [C:\Users\ramon\git\controlcheck\target\classes\WEB-INF\views\authenticated\provider\messsages-en.i18n] with encoding 'utf-8' 
2022-06-01 01:16:53.025 DEBUG [acme.framework.configuration.ExtendedMessageSource@http-nio-8080-exec-4] Loading properties [C:\Users\ramon\git\controlcheck\target\classes\WEB-INF\views\authenticated\system-configuration\messages-en.i18n] with encoding 'utf-8' 
2022-06-01 01:16:53.025 DEBUG [acme.framework.configuration.ExtendedMessageSource@http-nio-8080-exec-4] Loading properties [C:\Users\ramon\git\controlcheck\target\classes\WEB-INF\views\authenticated\user-account\messages-en.i18n] with encoding 'utf-8' 
2022-06-01 01:16:53.026 DEBUG [acme.framework.configuration.ExtendedMessageSource@http-nio-8080-exec-4] Loading properties [C:\Users\ramon\git\controlcheck\target\classes\WEB-INF\views\fragments\banner-en.i18n] with encoding 'utf-8' 
2022-06-01 01:16:53.027 DEBUG [acme.framework.configuration.ExtendedMessageSource@http-nio-8080-exec-4] Loading properties [C:\Users\ramon\git\controlcheck\target\classes\WEB-INF\views\fragments\company-en.i18n] with encoding 'utf-8' 
2022-06-01 01:16:53.028 DEBUG [acme.framework.configuration.ExtendedMessageSource@http-nio-8080-exec-4] Loading properties [C:\Users\ramon\git\controlcheck\target\classes\WEB-INF\views\fragments\error-en.i18n] with encoding 'utf-8' 
2022-06-01 01:16:53.029 DEBUG [acme.framework.configuration.ExtendedMessageSource@http-nio-8080-exec-4] Loading properties [C:\Users\ramon\git\controlcheck\target\classes\WEB-INF\views\fragments\footer-en.i18n] with encoding 'utf-8' 
2022-06-01 01:16:53.031 DEBUG [acme.framework.configuration.ExtendedMessageSource@http-nio-8080-exec-4] Loading properties [C:\Users\ramon\git\controlcheck\target\classes\WEB-INF\views\fragments\license-en.i18n] with encoding 'utf-8' 
2022-06-01 01:16:53.034 DEBUG [acme.framework.configuration.ExtendedMessageSource@http-nio-8080-exec-4] Loading properties [C:\Users\ramon\git\controlcheck\target\classes\WEB-INF\views\fragments\menu-en.i18n] with encoding 'utf-8' 
2022-06-01 01:16:53.036 DEBUG [acme.framework.configuration.ExtendedMessageSource@http-nio-8080-exec-4] Loading properties [C:\Users\ramon\git\controlcheck\target\classes\WEB-INF\views\fragments\messages-en.i18n] with encoding 'utf-8' 
2022-06-01 01:16:53.037 DEBUG [acme.framework.configuration.ExtendedMessageSource@http-nio-8080-exec-4] Loading properties [C:\Users\ramon\git\controlcheck\target\classes\WEB-INF\views\fragments\messsages-en.i18n] with encoding 'utf-8' 
2022-06-01 01:16:53.037 DEBUG [acme.framework.configuration.ExtendedMessageSource@http-nio-8080-exec-4] Loading properties [C:\Users\ramon\git\controlcheck\target\classes\WEB-INF\views\fragments\title-en.i18n] with encoding 'utf-8' 
2022-06-01 01:16:53.038 DEBUG [acme.framework.configuration.ExtendedMessageSource@http-nio-8080-exec-4] Loading properties [C:\Users\ramon\git\controlcheck\target\classes\WEB-INF\views\fragments\welcome-en.i18n] with encoding 'utf-8' 
2022-06-01 01:16:53.038 DEBUG [acme.framework.configuration.ExtendedMessageSource@http-nio-8080-exec-4] Loading properties [C:\Users\ramon\git\controlcheck\target\classes\WEB-INF\views\inventor\announcement\messages-en.i18n] with encoding 'utf-8' 
2022-06-01 01:16:53.039 DEBUG [acme.framework.configuration.ExtendedMessageSource@http-nio-8080-exec-4] Loading properties [C:\Users\ramon\git\controlcheck\target\classes\WEB-INF\views\inventor\artefact\messages-en.i18n] with encoding 'utf-8' 
2022-06-01 01:16:53.040 DEBUG [acme.framework.configuration.ExtendedMessageSource@http-nio-8080-exec-4] Loading properties [C:\Users\ramon\git\controlcheck\target\classes\WEB-INF\views\inventor\chimpum\messages-en.i18n] with encoding 'utf-8' 
2022-06-01 01:16:53.040 DEBUG [acme.framework.configuration.ExtendedMessageSource@http-nio-8080-exec-4] Loading properties [C:\Users\ramon\git\controlcheck\target\classes\WEB-INF\views\inventor\patronage-report\messages-en.i18n] with encoding 'utf-8' 
2022-06-01 01:16:53.041 DEBUG [acme.framework.configuration.ExtendedMessageSource@http-nio-8080-exec-4] Loading properties [C:\Users\ramon\git\controlcheck\target\classes\WEB-INF\views\inventor\patronages\messages-en.i18n] with encoding 'utf-8' 
2022-06-01 01:16:53.041 DEBUG [acme.framework.configuration.ExtendedMessageSource@http-nio-8080-exec-4] Loading properties [C:\Users\ramon\git\controlcheck\target\classes\WEB-INF\views\inventor\toolkit\messages-en.i18n] with encoding 'utf-8' 
2022-06-01 01:16:53.042 DEBUG [acme.framework.configuration.ExtendedMessageSource@http-nio-8080-exec-4] Loading properties [C:\Users\ramon\git\controlcheck\target\classes\WEB-INF\views\master\defaults-en.i18n] with encoding 'utf-8' 
2022-06-01 01:16:53.043 DEBUG [acme.framework.configuration.ExtendedMessageSource@http-nio-8080-exec-4] Loading properties [C:\Users\ramon\git\controlcheck\target\classes\WEB-INF\views\master\master-en.i18n] with encoding 'utf-8' 
2022-06-01 01:16:53.043 DEBUG [acme.framework.configuration.ExtendedMessageSource@http-nio-8080-exec-4] Loading properties [C:\Users\ramon\git\controlcheck\target\classes\WEB-INF\views\master\throwables-en.i18n] with encoding 'utf-8' 
2022-06-01 01:16:53.044 DEBUG [acme.framework.configuration.ExtendedMessageSource@http-nio-8080-exec-4] Loading properties [C:\Users\ramon\git\controlcheck\target\classes\WEB-INF\views\master\validation-en.i18n] with encoding 'utf-8' 
2022-06-01 01:16:53.044 DEBUG [acme.framework.configuration.ExtendedMessageSource@http-nio-8080-exec-4] Loading properties [C:\Users\ramon\git\controlcheck\target\classes\WEB-INF\views\patron\announcement\messages-en.i18n] with encoding 'utf-8' 
2022-06-01 01:16:53.045 DEBUG [acme.framework.configuration.ExtendedMessageSource@http-nio-8080-exec-4] Loading properties [C:\Users\ramon\git\controlcheck\target\classes\WEB-INF\views\patron\patron-dashboard\messages-en.i18n] with encoding 'utf-8' 
2022-06-01 01:16:53.046 DEBUG [acme.framework.configuration.ExtendedMessageSource@http-nio-8080-exec-4] Loading properties [C:\Users\ramon\git\controlcheck\target\classes\WEB-INF\views\patron\patronage-report\messages-en.i18n] with encoding 'utf-8' 
2022-06-01 01:16:53.047 DEBUG [acme.framework.configuration.ExtendedMessageSource@http-nio-8080-exec-4] Loading properties [C:\Users\ramon\git\controlcheck\target\classes\WEB-INF\views\patron\patronages\messages-en.i18n] with encoding 'utf-8' 
2022-06-01 01:16:53.289 DEBUG [org.apache.jasper.servlet.JspServlet@http-nio-8080-exec-5] JspEngine --> /WEB-INF/views/fragments/welcome.jsp 
2022-06-01 01:16:53.289 DEBUG [org.apache.jasper.servlet.JspServlet@http-nio-8080-exec-4] JspEngine --> /WEB-INF/views/fragments/welcome.jsp 
2022-06-01 01:16:53.289 DEBUG [org.apache.jasper.servlet.JspServlet@http-nio-8080-exec-5] ServletPath: /WEB-INF/views/master/page.jsp 
2022-06-01 01:16:53.289 DEBUG [org.apache.jasper.servlet.JspServlet@http-nio-8080-exec-4] ServletPath: /WEB-INF/views/master/page.jsp 
2022-06-01 01:16:53.290 DEBUG [org.apache.jasper.servlet.JspServlet@http-nio-8080-exec-5] PathInfo: null 
2022-06-01 01:16:53.290 DEBUG [org.apache.jasper.servlet.JspServlet@http-nio-8080-exec-4] PathInfo: null 
2022-06-01 01:16:53.291 DEBUG [org.apache.jasper.servlet.JspServlet@http-nio-8080-exec-5] RealPath: C:\Users\ramon\git\controlcheck\target\classes\WEB-INF\views\fragments\welcome.jsp 
2022-06-01 01:16:53.291 DEBUG [org.apache.jasper.servlet.JspServlet@http-nio-8080-exec-4] RealPath: C:\Users\ramon\git\controlcheck\target\classes\WEB-INF\views\fragments\welcome.jsp 
2022-06-01 01:16:53.291 DEBUG [org.apache.jasper.servlet.JspServlet@http-nio-8080-exec-5] RequestURI: /acme-toolkits-0.1/WEB-INF/views/master/page.jsp 
2022-06-01 01:16:53.291 DEBUG [org.apache.jasper.servlet.JspServlet@http-nio-8080-exec-4] RequestURI: /acme-toolkits-0.1/WEB-INF/views/master/page.jsp 
2022-06-01 01:16:53.291 DEBUG [org.apache.jasper.servlet.JspServlet@http-nio-8080-exec-5] QueryString: null 
2022-06-01 01:16:53.292 DEBUG [org.apache.jasper.servlet.JspServlet@http-nio-8080-exec-4] QueryString: null 
2022-06-01 01:16:56.212 DEBUG [acme.framework.controllers.AbstractController@http-nio-8080-exec-8] DISPATCHING GET /acme-toolkits-0.1/inventor/artefact/list-mine 
2022-06-01 01:16:56.213 DEBUG [acme.framework.controllers.AbstractController@http-nio-8080-exec-8] Command: list-mine 
2022-06-01 01:16:56.214 DEBUG [acme.framework.controllers.AbstractController@http-nio-8080-exec-8] Model:   {} 
2022-06-01 01:16:56.214 DEBUG [acme.framework.controllers.AbstractController@http-nio-8080-exec-8] Locale:  en 
2022-06-01 01:16:56.214 DEBUG [acme.framework.controllers.AbstractController@http-nio-8080-exec-8] Starting transaction 44f27dd6-3bac-48e5-bf02-1a62ff047c70 
2022-06-01 01:16:56.223 DEBUG [org.hibernate.SQL@http-nio-8080-exec-8] select artefact0_.id as id1_0_, artefact0_.version as version2_0_, artefact0_.code as code1_5_, artefact0_.description as descript2_5_, artefact0_.inventor_id as invento10_5_, artefact0_.more_info as more_inf3_5_, artefact0_.name as name4_5_, artefact0_.published as publishe5_5_, artefact0_.retail_price_amount as retail_p6_5_, artefact0_.retail_price_currency as retail_p7_5_, artefact0_.technology as technolo8_5_, artefact0_.type as type9_5_ from artefact artefact0_ where artefact0_.inventor_id=? 
2022-06-01 01:16:56.223 TRACE [org.hibernate.type.descriptor.sql.BasicBinder@http-nio-8080-exec-8] binding parameter [1] as [INTEGER] - [18] 
2022-06-01 01:16:56.225 DEBUG [org.hibernate.SQL@http-nio-8080-exec-8] select inventor0_.id as id1_0_0_, inventor0_.version as version2_0_0_, inventor0_.user_account_id as user_acc1_18_0_, inventor0_.company as company1_10_0_, inventor0_.link as link2_10_0_, inventor0_.statement as statemen3_10_0_, useraccoun1_.id as id1_0_1_, useraccoun1_.version as version2_0_1_, useraccoun1_.enabled as enabled1_17_1_, useraccoun1_.identity as identity2_17_1_, useraccoun1_.password as password3_17_1_, useraccoun1_.username as username4_17_1_ from inventor inventor0_ inner join user_account useraccoun1_ on inventor0_.user_account_id=useraccoun1_.id where inventor0_.id=? 
2022-06-01 01:16:56.226 TRACE [org.hibernate.type.descriptor.sql.BasicBinder@http-nio-8080-exec-8] binding parameter [1] as [INTEGER] - [18] 
2022-06-01 01:16:56.249 DEBUG [acme.framework.controllers.AbstractController@http-nio-8080-exec-8] Committing transaction 44f27dd6-3bac-48e5-bf02-1a62ff047c70 
2022-06-01 01:16:56.251 DEBUG [acme.framework.controllers.AbstractController@http-nio-8080-exec-8] Starting transaction dcf7fa77-8aa2-4699-8bf2-a43ea42f6926 
2022-06-01 01:16:56.251 DEBUG [acme.framework.controllers.AbstractController@http-nio-8080-exec-8] Committing transaction dcf7fa77-8aa2-4699-8bf2-a43ea42f6926 
2022-06-01 01:16:56.252 DEBUG [acme.framework.controllers.AbstractController@http-nio-8080-exec-8] SERVING GET /acme-toolkits-0.1/inventor/artefact/list-mine 
2022-06-01 01:16:56.253 DEBUG [acme.framework.controllers.AbstractController@http-nio-8080-exec-8] Result: ModelAndView [view="inventor/artefact/list"; model={published[1]=true, version[3]=0, version[1]=0, technology[0]=technology06, type[1]=COMPONENT, retailPrice[2]=<<EUR 10.00>>, type[3]=TOOL, list$size=4, retailPrice[0]=<<EUR 20.00>>, technology[2]=technology04, published[3]=true, retailPrice[3]=<<EUR 50.00>>, code[0]=ABC-012-F, name[3]=name01, id[1]=32, code[2]=ABC-012-D, id[3]=36, name[1]=name05, published[2]=true, published[0]=false, version[2]=0, type[0]=COMPONENT, type[2]=TOOL, retailPrice[1]=<<EUR 40.00>>, technology[3]=technology01, technology[1]=technology05, version[0]=0, code[1]=ABC-012-E, name[2]=name04, id[0]=31, code[3]=ABC-012-A, id[2]=33, name[0]=name06, command=list-mine, principal=acme.framework.entities.Principal@63144545}] 
2022-06-01 01:16:56.257 DEBUG [acme.framework.components.tiles.DynamicTilesView@http-nio-8080-exec-8] View name 'inventor/artefact/list', model {published[1]=true, version[3]=0, version[1]=0, technology[0]=technology06, type[1]=COMPONENT, retailPrice[2]=<<EUR 10.00>>, type[3]=TOOL, list$size=4, retailPrice[0]=<<EUR 20.00>>, technology[2]=technology04, published[3]=true, retailPrice[3]=<<EUR 50.00>>, code[0]=ABC-012-F, name[3]=name01, id[1]=32, code[2]=ABC-012-D, id[3]=36, name[1]=name05, published[2]=true, published[0]=false, version[2]=0, type[0]=COMPONENT, type[2]=TOOL, retailPrice[1]=<<EUR 40.00>>, technology[3]=technology01, technology[1]=technology05, version[0]=0, code[1]=ABC-012-E, name[2]=name04, id[0]=31, code[3]=ABC-012-A, id[2]=33, name[0]=name06, command=list-mine, principal=acme.framework.entities.Principal@63144545, org.springframework.validation.BindingResult.retailPrice[2]=org.springframework.validation.BeanPropertyBindingResult: 0 errors, org.springframework.validation.BindingResult.retailPrice[0]=org.springframework.validation.BeanPropertyBindingResult: 0 errors, org.springframework.validation.BindingResult.retailPrice[3]=org.springframework.validation.BeanPropertyBindingResult: 0 errors, org.springframework.validation.BindingResult.retailPrice[1]=org.springframework.validation.BeanPropertyBindingResult: 0 errors, org.springframework.validation.BindingResult.principal=org.springframework.validation.BeanPropertyBindingResult: 0 errors} 
2022-06-01 01:16:56.258 DEBUG [org.apache.jasper.servlet.JspServlet@http-nio-8080-exec-8] JspEngine --> /WEB-INF/views/master/page.jsp 
2022-06-01 01:16:56.258 DEBUG [org.apache.jasper.servlet.JspServlet@http-nio-8080-exec-8] ServletPath: /WEB-INF/views/master/page.jsp 
2022-06-01 01:16:56.258 DEBUG [org.apache.jasper.servlet.JspServlet@http-nio-8080-exec-8] PathInfo: null 
2022-06-01 01:16:56.259 DEBUG [org.apache.jasper.servlet.JspServlet@http-nio-8080-exec-8] RealPath: C:\Users\ramon\git\controlcheck\target\classes\WEB-INF\views\master\page.jsp 
2022-06-01 01:16:56.259 DEBUG [org.apache.jasper.servlet.JspServlet@http-nio-8080-exec-8] RequestURI: /acme-toolkits-0.1/WEB-INF/views/master/page.jsp 
2022-06-01 01:16:56.259 DEBUG [org.apache.jasper.servlet.JspServlet@http-nio-8080-exec-8] QueryString: null 
2022-06-01 01:16:56.335 DEBUG [org.apache.jasper.servlet.JspServlet@http-nio-8080-exec-8] JspEngine --> /WEB-INF/views/inventor/artefact/list.jsp 
2022-06-01 01:16:56.336 DEBUG [org.apache.jasper.servlet.JspServlet@http-nio-8080-exec-8] ServletPath: /WEB-INF/views/master/page.jsp 
2022-06-01 01:16:56.336 DEBUG [org.apache.jasper.servlet.JspServlet@http-nio-8080-exec-8] PathInfo: null 
2022-06-01 01:16:56.337 DEBUG [org.apache.jasper.servlet.JspServlet@http-nio-8080-exec-8] RealPath: C:\Users\ramon\git\controlcheck\target\classes\WEB-INF\views\inventor\artefact\list.jsp 
2022-06-01 01:16:56.337 DEBUG [org.apache.jasper.servlet.JspServlet@http-nio-8080-exec-8] RequestURI: /acme-toolkits-0.1/WEB-INF/views/master/page.jsp 
2022-06-01 01:16:56.337 DEBUG [org.apache.jasper.servlet.JspServlet@http-nio-8080-exec-8] QueryString: null 
2022-06-01 01:16:58.947 DEBUG [acme.framework.controllers.AbstractController@http-nio-8080-exec-1] DISPATCHING GET /acme-toolkits-0.1/inventor/artefact/show 
2022-06-01 01:16:58.947 DEBUG [acme.framework.controllers.AbstractController@http-nio-8080-exec-1] Command: show 
2022-06-01 01:16:58.947 DEBUG [acme.framework.controllers.AbstractController@http-nio-8080-exec-1] Model:   {id=36} 
2022-06-01 01:16:58.947 DEBUG [acme.framework.controllers.AbstractController@http-nio-8080-exec-1] Locale:  en 
2022-06-01 01:16:58.947 DEBUG [acme.framework.controllers.AbstractController@http-nio-8080-exec-1] Starting transaction 89afc433-dc6e-4310-8ef1-a3fbcc4cdeaa 
2022-06-01 01:16:58.950 DEBUG [org.hibernate.SQL@http-nio-8080-exec-1] select artefact0_.id as id1_0_, artefact0_.version as version2_0_, artefact0_.code as code1_5_, artefact0_.description as descript2_5_, artefact0_.inventor_id as invento10_5_, artefact0_.more_info as more_inf3_5_, artefact0_.name as name4_5_, artefact0_.published as publishe5_5_, artefact0_.retail_price_amount as retail_p6_5_, artefact0_.retail_price_currency as retail_p7_5_, artefact0_.technology as technolo8_5_, artefact0_.type as type9_5_ from artefact artefact0_ where artefact0_.id=? 
2022-06-01 01:16:58.951 TRACE [org.hibernate.type.descriptor.sql.BasicBinder@http-nio-8080-exec-1] binding parameter [1] as [INTEGER] - [36] 
2022-06-01 01:16:58.952 DEBUG [org.hibernate.SQL@http-nio-8080-exec-1] select inventor0_.id as id1_0_0_, inventor0_.version as version2_0_0_, inventor0_.user_account_id as user_acc1_18_0_, inventor0_.company as company1_10_0_, inventor0_.link as link2_10_0_, inventor0_.statement as statemen3_10_0_, useraccoun1_.id as id1_0_1_, useraccoun1_.version as version2_0_1_, useraccoun1_.enabled as enabled1_17_1_, useraccoun1_.identity as identity2_17_1_, useraccoun1_.password as password3_17_1_, useraccoun1_.username as username4_17_1_ from inventor inventor0_ inner join user_account useraccoun1_ on inventor0_.user_account_id=useraccoun1_.id where inventor0_.id=? 
2022-06-01 01:16:58.952 TRACE [org.hibernate.type.descriptor.sql.BasicBinder@http-nio-8080-exec-1] binding parameter [1] as [INTEGER] - [18] 
2022-06-01 01:16:58.962 DEBUG [org.hibernate.SQL@http-nio-8080-exec-1] select artefact0_.id as id1_0_, artefact0_.version as version2_0_, artefact0_.code as code1_5_, artefact0_.description as descript2_5_, artefact0_.inventor_id as invento10_5_, artefact0_.more_info as more_inf3_5_, artefact0_.name as name4_5_, artefact0_.published as publishe5_5_, artefact0_.retail_price_amount as retail_p6_5_, artefact0_.retail_price_currency as retail_p7_5_, artefact0_.technology as technolo8_5_, artefact0_.type as type9_5_ from artefact artefact0_ where artefact0_.id=? 
2022-06-01 01:16:58.963 TRACE [org.hibernate.type.descriptor.sql.BasicBinder@http-nio-8080-exec-1] binding parameter [1] as [INTEGER] - [36] 
2022-06-01 01:16:58.968 DEBUG [org.hibernate.SQL@http-nio-8080-exec-1] select count(chimpum0_.id) as col_0_0_ from chimpum chimpum0_ where chimpum0_.artefact_id=? 
2022-06-01 01:16:58.969 TRACE [org.hibernate.type.descriptor.sql.BasicBinder@http-nio-8080-exec-1] binding parameter [1] as [INTEGER] - [36] 
2022-06-01 01:16:58.971 DEBUG [org.hibernate.SQL@http-nio-8080-exec-1] select systemconf0_.id as id1_0_, systemconf0_.version as version2_0_, systemconf0_.currencies as currenci1_15_, systemconf0_.currency as currency2_15_, systemconf0_.language_system as language3_15_, systemconf0_.strong_terms as strong_t4_15_, systemconf0_.strong_threshold as strong_t5_15_, systemconf0_.weak_terms as weak_ter6_15_, systemconf0_.weak_threshold as weak_thr7_15_ from system_configuration systemconf0_ 
2022-06-01 01:16:58.973 DEBUG [org.hibernate.SQL@http-nio-8080-exec-1] select systemconf0_.id as id1_0_, systemconf0_.version as version2_0_, systemconf0_.currencies as currenci1_15_, systemconf0_.currency as currency2_15_, systemconf0_.language_system as language3_15_, systemconf0_.strong_terms as strong_t4_15_, systemconf0_.strong_threshold as strong_t5_15_, systemconf0_.weak_terms as weak_ter6_15_, systemconf0_.weak_threshold as weak_thr7_15_ from system_configuration systemconf0_ 
2022-06-01 01:16:58.974 DEBUG [acme.framework.controllers.AbstractController@http-nio-8080-exec-1] Committing transaction 89afc433-dc6e-4310-8ef1-a3fbcc4cdeaa 
2022-06-01 01:16:58.976 DEBUG [acme.framework.controllers.AbstractController@http-nio-8080-exec-1] Starting transaction 718c8c32-7a35-46c3-b054-a28a87b7b238 
2022-06-01 01:16:58.976 DEBUG [acme.framework.controllers.AbstractController@http-nio-8080-exec-1] Committing transaction 718c8c32-7a35-46c3-b054-a28a87b7b238 
2022-06-01 01:16:58.977 DEBUG [acme.framework.controllers.AbstractController@http-nio-8080-exec-1] SERVING GET /acme-toolkits-0.1/inventor/artefact/show 
2022-06-01 01:16:58.977 DEBUG [acme.framework.controllers.AbstractController@http-nio-8080-exec-1] Result: ModelAndView [view="inventor/artefact/form"; model={quantityChimpum=0, code=ABC-012-A, name=name01, moneyExchange=<<EUR 50.00>>, description=description01, technology=technology01, published=true, id=36, type=TOOL, retailPrice=<<EUR 50.00>>, moreInfo=https://www.google.es/, version=0, command=show, principal=acme.framework.entities.Principal@63144545}] 
2022-06-01 01:16:58.978 DEBUG [acme.framework.components.tiles.DynamicTilesView@http-nio-8080-exec-1] View name 'inventor/artefact/form', model {quantityChimpum=0, code=ABC-012-A, name=name01, moneyExchange=<<EUR 50.00>>, description=description01, technology=technology01, published=true, id=36, type=TOOL, retailPrice=<<EUR 50.00>>, moreInfo=https://www.google.es/, version=0, command=show, principal=acme.framework.entities.Principal@63144545, org.springframework.validation.BindingResult.moneyExchange=org.springframework.validation.BeanPropertyBindingResult: 0 errors, org.springframework.validation.BindingResult.retailPrice=org.springframework.validation.BeanPropertyBindingResult: 0 errors, org.springframework.validation.BindingResult.principal=org.springframework.validation.BeanPropertyBindingResult: 0 errors} 
2022-06-01 01:16:58.978 DEBUG [org.apache.jasper.servlet.JspServlet@http-nio-8080-exec-1] JspEngine --> /WEB-INF/views/master/page.jsp 
2022-06-01 01:16:58.979 DEBUG [org.apache.jasper.servlet.JspServlet@http-nio-8080-exec-1] ServletPath: /WEB-INF/views/master/page.jsp 
2022-06-01 01:16:58.979 DEBUG [org.apache.jasper.servlet.JspServlet@http-nio-8080-exec-1] PathInfo: null 
2022-06-01 01:16:58.979 DEBUG [org.apache.jasper.servlet.JspServlet@http-nio-8080-exec-1] RealPath: C:\Users\ramon\git\controlcheck\target\classes\WEB-INF\views\master\page.jsp 
2022-06-01 01:16:58.980 DEBUG [org.apache.jasper.servlet.JspServlet@http-nio-8080-exec-1] RequestURI: /acme-toolkits-0.1/WEB-INF/views/master/page.jsp 
2022-06-01 01:16:58.980 DEBUG [org.apache.jasper.servlet.JspServlet@http-nio-8080-exec-1] QueryString: id=36 
2022-06-01 01:16:59.083 DEBUG [org.apache.jasper.servlet.JspServlet@http-nio-8080-exec-1] JspEngine --> /WEB-INF/views/inventor/artefact/form.jsp 
2022-06-01 01:16:59.083 DEBUG [org.apache.jasper.servlet.JspServlet@http-nio-8080-exec-1] ServletPath: /WEB-INF/views/master/page.jsp 
2022-06-01 01:16:59.083 DEBUG [org.apache.jasper.servlet.JspServlet@http-nio-8080-exec-1] PathInfo: null 
2022-06-01 01:16:59.084 DEBUG [org.apache.jasper.servlet.JspServlet@http-nio-8080-exec-1] RealPath: C:\Users\ramon\git\controlcheck\target\classes\WEB-INF\views\inventor\artefact\form.jsp 
2022-06-01 01:16:59.084 DEBUG [org.apache.jasper.servlet.JspServlet@http-nio-8080-exec-1] RequestURI: /acme-toolkits-0.1/WEB-INF/views/master/page.jsp 
2022-06-01 01:16:59.084 DEBUG [org.apache.jasper.servlet.JspServlet@http-nio-8080-exec-1] QueryString: id=36 
